INFO:     Started server process [98965]
INFO:     Waiting for application startup.
INFO:     Application startup complete.
INFO:     Uvicorn running on http://127.0.0.1:8000 (Press CTRL+C to quit)
INFO:     127.0.0.1:48188 - "GET /api/arbitrage/opportunities?limit=500&simulation_volume_usd=1000 HTTP/1.1" 200 OK
INFO:     127.0.0.1:48198 - "GET /api/arbitrage/trades?limit=5000 HTTP/1.1" 200 OK
INFO:     127.0.0.1:48188 - "GET /api/arbitrage/opportunities?limit=500&simulation_volume_usd=1000 HTTP/1.1" 200 OK
INFO:     127.0.0.1:48198 - "GET /api/arbitrage/trades?limit=5000 HTTP/1.1" 200 OK
INFO:     127.0.0.1:56646 - "WebSocket /ws/arbitrage" [accepted]
INFO:     connection open
INFO:     127.0.0.1:56662 - "POST /api/arbitrage/simulation-volume HTTP/1.1" 200 OK
INFO:     127.0.0.1:56662 - "GET /api/arbitrage/opportunities?limit=500&simulation_volume_usd=1000 HTTP/1.1" 200 OK
INFO:     127.0.0.1:56672 - "GET /api/arbitrage/trades?limit=5000 HTTP/1.1" 200 OK
INFO:     127.0.0.1:56662 - "GET /api/arbitrage/opportunities?limit=500&simulation_volume_usd=1000 HTTP/1.1" 200 OK
INFO:     127.0.0.1:56672 - "GET /api/arbitrage/trades?limit=5000 HTTP/1.1" 200 OK
INFO:     127.0.0.1:56662 - "GET /api/arbitrage/opportunities?limit=500&simulation_volume_usd=1000 HTTP/1.1" 200 OK
INFO:     127.0.0.1:56672 - "GET /api/arbitrage/trades?limit=5000 HTTP/1.1" 200 OK
INFO:     127.0.0.1:56662 - "GET /api/arbitrage/opportunities?limit=500&simulation_volume_usd=1000 HTTP/1.1" 200 OK
INFO:     127.0.0.1:56672 - "GET /api/arbitrage/trades?limit=5000 HTTP/1.1" 200 OK
INFO:     127.0.0.1:56662 - "GET /api/arbitrage/opportunities?limit=500&simulation_volume_usd=1000 HTTP/1.1" 200 OK
INFO:     127.0.0.1:56672 - "GET /api/arbitrage/trades?limit=5000 HTTP/1.1" 200 OK
INFO:     127.0.0.1:56662 - "GET /api/arbitrage/opportunities?limit=500&simulation_volume_usd=1000 HTTP/1.1" 200 OK
INFO:     127.0.0.1:56672 - "GET /api/arbitrage/trades?limit=5000 HTTP/1.1" 200 OK
INFO:     127.0.0.1:56662 - "GET /api/arbitrage/opportunities?limit=500&simulation_volume_usd=1000 HTTP/1.1" 200 OK
INFO:     127.0.0.1:56672 - "GET /api/arbitrage/trades?limit=5000 HTTP/1.1" 200 OK
INFO:     127.0.0.1:56662 - "GET /api/arbitrage/opportunities?limit=500&simulation_volume_usd=1000 HTTP/1.1" 200 OK
INFO:     127.0.0.1:56672 - "GET /api/arbitrage/trades?limit=5000 HTTP/1.1" 200 OK
INFO:     127.0.0.1:56662 - "GET /api/arbitrage/opportunities?limit=500&simulation_volume_usd=1000 HTTP/1.1" 200 OK
INFO:     127.0.0.1:56672 - "GET /api/arbitrage/trades?limit=5000 HTTP/1.1" 200 OK
INFO:     127.0.0.1:56662 - "GET /api/arbitrage/opportunities?limit=500&simulation_volume_usd=1000 HTTP/1.1" 200 OK
INFO:     127.0.0.1:56672 - "GET /api/arbitrage/trades?limit=5000 HTTP/1.1" 200 OK
INFO:     127.0.0.1:56662 - "GET /api/arbitrage/opportunities?limit=500&simulation_volume_usd=1000 HTTP/1.1" 200 OK
INFO:     127.0.0.1:56672 - "GET /api/arbitrage/trades?limit=5000 HTTP/1.1" 200 OK
INFO:     127.0.0.1:56662 - "GET /api/arbitrage/opportunities?limit=500&simulation_volume_usd=1000 HTTP/1.1" 200 OK
INFO:     127.0.0.1:56672 - "GET /api/arbitrage/trades?limit=5000 HTTP/1.1" 200 OK
INFO:     127.0.0.1:56662 - "GET /api/arbitrage/opportunities?limit=500&simulation_volume_usd=1000 HTTP/1.1" 200 OK
INFO:     127.0.0.1:56672 - "GET /api/arbitrage/trades?limit=5000 HTTP/1.1" 200 OK
INFO:     127.0.0.1:56662 - "GET /api/arbitrage/opportunities?limit=500&simulation_volume_usd=1000 HTTP/1.1" 200 OK
INFO:     127.0.0.1:56672 - "GET /api/arbitrage/trades?limit=5000 HTTP/1.1" 200 OK
INFO:     127.0.0.1:56662 - "GET /api/arbitrage/opportunities?limit=500&simulation_volume_usd=1000 HTTP/1.1" 200 OK
INFO:     127.0.0.1:56672 - "GET /api/arbitrage/trades?limit=5000 HTTP/1.1" 200 OK
INFO:     127.0.0.1:56662 - "GET /api/arbitrage/opportunities?limit=500&simulation_volume_usd=1000 HTTP/1.1" 200 OK
INFO:     127.0.0.1:56672 - "GET /api/arbitrage/trades?limit=5000 HTTP/1.1" 200 OK
INFO:     127.0.0.1:56662 - "GET /api/arbitrage/opportunities?limit=500&simulation_volume_usd=1000 HTTP/1.1" 200 OK
INFO:     127.0.0.1:56672 - "GET /api/arbitrage/trades?limit=5000 HTTP/1.1" 200 OK
INFO:     127.0.0.1:56662 - "GET /api/arbitrage/opportunities?limit=500&simulation_volume_usd=1000 HTTP/1.1" 200 OK
INFO:     127.0.0.1:56672 - "GET /api/arbitrage/trades?limit=5000 HTTP/1.1" 200 OK
INFO:     127.0.0.1:56662 - "GET /api/arbitrage/opportunities?limit=500&simulation_volume_usd=1000 HTTP/1.1" 200 OK
INFO:     127.0.0.1:56672 - "GET /api/arbitrage/trades?limit=5000 HTTP/1.1" 200 OK
INFO:     127.0.0.1:56662 - "GET /api/arbitrage/opportunities?limit=500&simulation_volume_usd=1000 HTTP/1.1" 200 OK
INFO:     127.0.0.1:56672 - "GET /api/arbitrage/trades?limit=5000 HTTP/1.1" 200 OK
INFO:     127.0.0.1:56662 - "GET /api/arbitrage/opportunities?limit=500&simulation_volume_usd=1000 HTTP/1.1" 200 OK
INFO:     127.0.0.1:56672 - "GET /api/arbitrage/trades?limit=5000 HTTP/1.1" 200 OK
INFO:     127.0.0.1:56662 - "GET /api/arbitrage/opportunities?limit=500&simulation_volume_usd=1000 HTTP/1.1" 200 OK
INFO:     127.0.0.1:56672 - "GET /api/arbitrage/trades?limit=5000 HTTP/1.1" 200 OK
INFO:     127.0.0.1:56662 - "GET /api/arbitrage/opportunities?limit=500&simulation_volume_usd=1000 HTTP/1.1" 200 OK
INFO:     127.0.0.1:56672 - "GET /api/arbitrage/trades?limit=5000 HTTP/1.1" 200 OK
INFO:     127.0.0.1:56662 - "GET /api/arbitrage/opportunities?limit=500&simulation_volume_usd=1000 HTTP/1.1" 200 OK
INFO:     127.0.0.1:56672 - "GET /api/arbitrage/trades?limit=5000 HTTP/1.1" 200 OK
INFO:     127.0.0.1:56662 - "GET /api/arbitrage/opportunities?limit=500&simulation_volume_usd=1000 HTTP/1.1" 200 OK
INFO:     127.0.0.1:56672 - "GET /api/arbitrage/trades?limit=5000 HTTP/1.1" 200 OK
INFO:     127.0.0.1:56662 - "GET /api/arbitrage/opportunities?limit=500&simulation_volume_usd=1000 HTTP/1.1" 200 OK
INFO:     127.0.0.1:56672 - "GET /api/arbitrage/trades?limit=5000 HTTP/1.1" 200 OK
INFO:     127.0.0.1:56662 - "GET /api/arbitrage/opportunities?limit=500&simulation_volume_usd=1000 HTTP/1.1" 200 OK
INFO:     127.0.0.1:56672 - "GET /api/arbitrage/trades?limit=5000 HTTP/1.1" 200 OK
INFO:     127.0.0.1:56662 - "GET /api/arbitrage/opportunities?limit=500&simulation_volume_usd=1000 HTTP/1.1" 200 OK
INFO:     127.0.0.1:56672 - "GET /api/arbitrage/trades?limit=5000 HTTP/1.1" 200 OK
INFO:     127.0.0.1:56662 - "GET /api/arbitrage/opportunities?limit=500&simulation_volume_usd=1000 HTTP/1.1" 200 OK
INFO:     127.0.0.1:56672 - "GET /api/arbitrage/trades?limit=5000 HTTP/1.1" 200 OK
INFO:     127.0.0.1:56662 - "GET /api/arbitrage/opportunities?limit=500&simulation_volume_usd=1000 HTTP/1.1" 200 OK
INFO:     127.0.0.1:56672 - "GET /api/arbitrage/trades?limit=5000 HTTP/1.1" 200 OK
INFO:     127.0.0.1:56662 - "GET /api/arbitrage/opportunities?limit=500&simulation_volume_usd=1000 HTTP/1.1" 200 OK
INFO:     127.0.0.1:56672 - "GET /api/arbitrage/trades?limit=5000 HTTP/1.1" 200 OK
INFO:     127.0.0.1:56662 - "GET /api/arbitrage/opportunities?limit=500&simulation_volume_usd=1000 HTTP/1.1" 200 OK
INFO:     127.0.0.1:56672 - "GET /api/arbitrage/trades?limit=5000 HTTP/1.1" 200 OK
INFO:     127.0.0.1:56662 - "GET /api/arbitrage/opportunities?limit=500&simulation_volume_usd=1000 HTTP/1.1" 200 OK
INFO:     127.0.0.1:56672 - "GET /api/arbitrage/trades?limit=5000 HTTP/1.1" 200 OK
INFO:     127.0.0.1:56662 - "GET /api/arbitrage/opportunities?limit=500&simulation_volume_usd=1000 HTTP/1.1" 200 OK
INFO:     127.0.0.1:56672 - "GET /api/arbitrage/trades?limit=5000 HTTP/1.1" 200 OK
INFO:     127.0.0.1:56662 - "GET /api/arbitrage/opportunities?limit=500&simulation_volume_usd=1000 HTTP/1.1" 200 OK
INFO:     127.0.0.1:56672 - "GET /api/arbitrage/trades?limit=5000 HTTP/1.1" 200 OK
INFO:     127.0.0.1:56662 - "GET /api/arbitrage/opportunities?limit=500&simulation_volume_usd=1000 HTTP/1.1" 200 OK
INFO:     127.0.0.1:56672 - "GET /api/arbitrage/trades?limit=5000 HTTP/1.1" 200 OK
ConnectionClosedError exception in shielded future
future: <Future finished exception=ConnectionClosedError(None, Close(code=<CloseCode.INTERNAL_ERROR: 1011>, reason='keepalive ping timeout'), None)>
Traceback (most recent call last):
  File "/home/guilherme/BUGSBYTE-2026/.venv/lib/python3.14/site-packages/websockets/legacy/protocol.py", line 1276, in close_connection
    await self.transfer_data_task
  File "/home/guilherme/BUGSBYTE-2026/.venv/lib/python3.14/site-packages/websockets/legacy/protocol.py", line 940, in transfer_data
    message = await self.read_message()
              ^^^^^^^^^^^^^^^^^^^^^^^^^
  File "/home/guilherme/BUGSBYTE-2026/.venv/lib/python3.14/site-packages/websockets/legacy/protocol.py", line 1010, in read_message
    frame = await self.read_data_frame(max_size=self.max_size)
            ^^^^^^^^^^^^^^^^^^^^^^^^^^^^^^^^^^^^^^^^^^^^^^^^^^
  File "/home/guilherme/BUGSBYTE-2026/.venv/lib/python3.14/site-packages/websockets/legacy/protocol.py", line 1087, in read_data_frame
    frame = await self.read_frame(max_size)
            ^^^^^^^^^^^^^^^^^^^^^^^^^^^^^^^
  File "/home/guilherme/BUGSBYTE-2026/.venv/lib/python3.14/site-packages/websockets/legacy/protocol.py", line 1144, in read_frame
    frame = await Frame.read(
            ^^^^^^^^^^^^^^^^^
    ...<4 lines>...
    )
    ^
  File "/home/guilherme/BUGSBYTE-2026/.venv/lib/python3.14/site-packages/websockets/legacy/framing.py", line 70, in read
    data = await reader(2)
           ^^^^^^^^^^^^^^^
  File "/usr/lib/python3.14/asyncio/streams.py", line 769, in readexactly
    await self._wait_for_data('readexactly')
  File "/usr/lib/python3.14/asyncio/streams.py", line 539, in _wait_for_data
    await self._waiter
asyncio.exceptions.CancelledError

The above exception was the direct cause of the following exception:

websockets.exceptions.ConnectionClosedError: sent 1011 (internal error) keepalive ping timeout; no close frame received
INFO:     127.0.0.1:56662 - "GET /api/arbitrage/opportunities?limit=500&simulation_volume_usd=1000 HTTP/1.1" 200 OK
INFO:     127.0.0.1:56672 - "GET /api/arbitrage/trades?limit=5000 HTTP/1.1" 200 OK
ConnectionClosedError exception in shielded future
future: <Future finished exception=ConnectionClosedError(None, Close(code=<CloseCode.INTERNAL_ERROR: 1011>, reason='keepalive ping timeout'), None)>
Traceback (most recent call last):
  File "/home/guilherme/BUGSBYTE-2026/.venv/lib/python3.14/site-packages/websockets/legacy/protocol.py", line 1276, in close_connection
    await self.transfer_data_task
  File "/home/guilherme/BUGSBYTE-2026/.venv/lib/python3.14/site-packages/websockets/legacy/protocol.py", line 940, in transfer_data
    message = await self.read_message()
              ^^^^^^^^^^^^^^^^^^^^^^^^^
  File "/home/guilherme/BUGSBYTE-2026/.venv/lib/python3.14/site-packages/websockets/legacy/protocol.py", line 1010, in read_message
    frame = await self.read_data_frame(max_size=self.max_size)
            ^^^^^^^^^^^^^^^^^^^^^^^^^^^^^^^^^^^^^^^^^^^^^^^^^^
  File "/home/guilherme/BUGSBYTE-2026/.venv/lib/python3.14/site-packages/websockets/legacy/protocol.py", line 1087, in read_data_frame
    frame = await self.read_frame(max_size)
            ^^^^^^^^^^^^^^^^^^^^^^^^^^^^^^^
  File "/home/guilherme/BUGSBYTE-2026/.venv/lib/python3.14/site-packages/websockets/legacy/protocol.py", line 1144, in read_frame
    frame = await Frame.read(
            ^^^^^^^^^^^^^^^^^
    ...<4 lines>...
    )
    ^
  File "/home/guilherme/BUGSBYTE-2026/.venv/lib/python3.14/site-packages/websockets/legacy/framing.py", line 70, in read
    data = await reader(2)
           ^^^^^^^^^^^^^^^
  File "/usr/lib/python3.14/asyncio/streams.py", line 769, in readexactly
    await self._wait_for_data('readexactly')
  File "/usr/lib/python3.14/asyncio/streams.py", line 539, in _wait_for_data
    await self._waiter
asyncio.exceptions.CancelledError

The above exception was the direct cause of the following exception:

websockets.exceptions.ConnectionClosedError: sent 1011 (internal error) keepalive ping timeout; no close frame received
ConnectionClosedError exception in shielded future
future: <Future finished exception=ConnectionClosedError(None, Close(code=<CloseCode.INTERNAL_ERROR: 1011>, reason='keepalive ping timeout'), None)>
Traceback (most recent call last):
  File "/home/guilherme/BUGSBYTE-2026/.venv/lib/python3.14/site-packages/websockets/legacy/protocol.py", line 1276, in close_connection
    await self.transfer_data_task
  File "/home/guilherme/BUGSBYTE-2026/.venv/lib/python3.14/site-packages/websockets/legacy/protocol.py", line 940, in transfer_data
    message = await self.read_message()
              ^^^^^^^^^^^^^^^^^^^^^^^^^
  File "/home/guilherme/BUGSBYTE-2026/.venv/lib/python3.14/site-packages/websockets/legacy/protocol.py", line 1010, in read_message
    frame = await self.read_data_frame(max_size=self.max_size)
            ^^^^^^^^^^^^^^^^^^^^^^^^^^^^^^^^^^^^^^^^^^^^^^^^^^
  File "/home/guilherme/BUGSBYTE-2026/.venv/lib/python3.14/site-packages/websockets/legacy/protocol.py", line 1087, in read_data_frame
    frame = await self.read_frame(max_size)
            ^^^^^^^^^^^^^^^^^^^^^^^^^^^^^^^
  File "/home/guilherme/BUGSBYTE-2026/.venv/lib/python3.14/site-packages/websockets/legacy/protocol.py", line 1144, in read_frame
    frame = await Frame.read(
            ^^^^^^^^^^^^^^^^^
    ...<4 lines>...
    )
    ^
  File "/home/guilherme/BUGSBYTE-2026/.venv/lib/python3.14/site-packages/websockets/legacy/framing.py", line 70, in read
    data = await reader(2)
           ^^^^^^^^^^^^^^^
  File "/usr/lib/python3.14/asyncio/streams.py", line 769, in readexactly
    await self._wait_for_data('readexactly')
  File "/usr/lib/python3.14/asyncio/streams.py", line 539, in _wait_for_data
    await self._waiter
asyncio.exceptions.CancelledError

The above exception was the direct cause of the following exception:

websockets.exceptions.ConnectionClosedError: sent 1011 (internal error) keepalive ping timeout; no close frame received
ConnectionClosedError exception in shielded future
future: <Future finished exception=ConnectionClosedError(None, Close(code=<CloseCode.INTERNAL_ERROR: 1011>, reason='keepalive ping timeout'), None)>
Traceback (most recent call last):
  File "/home/guilherme/BUGSBYTE-2026/.venv/lib/python3.14/site-packages/websockets/legacy/protocol.py", line 1276, in close_connection
    await self.transfer_data_task
  File "/home/guilherme/BUGSBYTE-2026/.venv/lib/python3.14/site-packages/websockets/legacy/protocol.py", line 940, in transfer_data
    message = await self.read_message()
              ^^^^^^^^^^^^^^^^^^^^^^^^^
  File "/home/guilherme/BUGSBYTE-2026/.venv/lib/python3.14/site-packages/websockets/legacy/protocol.py", line 1010, in read_message
    frame = await self.read_data_frame(max_size=self.max_size)
            ^^^^^^^^^^^^^^^^^^^^^^^^^^^^^^^^^^^^^^^^^^^^^^^^^^
  File "/home/guilherme/BUGSBYTE-2026/.venv/lib/python3.14/site-packages/websockets/legacy/protocol.py", line 1087, in read_data_frame
    frame = await self.read_frame(max_size)
            ^^^^^^^^^^^^^^^^^^^^^^^^^^^^^^^
  File "/home/guilherme/BUGSBYTE-2026/.venv/lib/python3.14/site-packages/websockets/legacy/protocol.py", line 1144, in read_frame
    frame = await Frame.read(
            ^^^^^^^^^^^^^^^^^
    ...<4 lines>...
    )
    ^
  File "/home/guilherme/BUGSBYTE-2026/.venv/lib/python3.14/site-packages/websockets/legacy/framing.py", line 70, in read
    data = await reader(2)
           ^^^^^^^^^^^^^^^
  File "/usr/lib/python3.14/asyncio/streams.py", line 769, in readexactly
    await self._wait_for_data('readexactly')
  File "/usr/lib/python3.14/asyncio/streams.py", line 539, in _wait_for_data
    await self._waiter
asyncio.exceptions.CancelledError

The above exception was the direct cause of the following exception:

websockets.exceptions.ConnectionClosedError: sent 1011 (internal error) keepalive ping timeout; no close frame received
ConnectionClosedError exception in shielded future
future: <Future finished exception=ConnectionClosedError(None, Close(code=<CloseCode.INTERNAL_ERROR: 1011>, reason='keepalive ping timeout'), None)>
Traceback (most recent call last):
  File "/home/guilherme/BUGSBYTE-2026/.venv/lib/python3.14/site-packages/websockets/legacy/protocol.py", line 1276, in close_connection
    await self.transfer_data_task
  File "/home/guilherme/BUGSBYTE-2026/.venv/lib/python3.14/site-packages/websockets/legacy/protocol.py", line 940, in transfer_data
    message = await self.read_message()
              ^^^^^^^^^^^^^^^^^^^^^^^^^
  File "/home/guilherme/BUGSBYTE-2026/.venv/lib/python3.14/site-packages/websockets/legacy/protocol.py", line 1010, in read_message
    frame = await self.read_data_frame(max_size=self.max_size)
            ^^^^^^^^^^^^^^^^^^^^^^^^^^^^^^^^^^^^^^^^^^^^^^^^^^
  File "/home/guilherme/BUGSBYTE-2026/.venv/lib/python3.14/site-packages/websockets/legacy/protocol.py", line 1087, in read_data_frame
    frame = await self.read_frame(max_size)
            ^^^^^^^^^^^^^^^^^^^^^^^^^^^^^^^
  File "/home/guilherme/BUGSBYTE-2026/.venv/lib/python3.14/site-packages/websockets/legacy/protocol.py", line 1144, in read_frame
    frame = await Frame.read(
            ^^^^^^^^^^^^^^^^^
    ...<4 lines>...
    )
    ^
  File "/home/guilherme/BUGSBYTE-2026/.venv/lib/python3.14/site-packages/websockets/legacy/framing.py", line 70, in read
    data = await reader(2)
           ^^^^^^^^^^^^^^^
  File "/usr/lib/python3.14/asyncio/streams.py", line 769, in readexactly
    await self._wait_for_data('readexactly')
  File "/usr/lib/python3.14/asyncio/streams.py", line 539, in _wait_for_data
    await self._waiter
asyncio.exceptions.CancelledError

The above exception was the direct cause of the following exception:

websockets.exceptions.ConnectionClosedError: sent 1011 (internal error) keepalive ping timeout; no close frame received
ConnectionClosedError exception in shielded future
future: <Future finished exception=ConnectionClosedError(None, Close(code=<CloseCode.INTERNAL_ERROR: 1011>, reason='keepalive ping timeout'), None)>
Traceback (most recent call last):
  File "/home/guilherme/BUGSBYTE-2026/.venv/lib/python3.14/site-packages/websockets/legacy/protocol.py", line 1276, in close_connection
    await self.transfer_data_task
  File "/home/guilherme/BUGSBYTE-2026/.venv/lib/python3.14/site-packages/websockets/legacy/protocol.py", line 940, in transfer_data
    message = await self.read_message()
              ^^^^^^^^^^^^^^^^^^^^^^^^^
  File "/home/guilherme/BUGSBYTE-2026/.venv/lib/python3.14/site-packages/websockets/legacy/protocol.py", line 1010, in read_message
    frame = await self.read_data_frame(max_size=self.max_size)
            ^^^^^^^^^^^^^^^^^^^^^^^^^^^^^^^^^^^^^^^^^^^^^^^^^^
  File "/home/guilherme/BUGSBYTE-2026/.venv/lib/python3.14/site-packages/websockets/legacy/protocol.py", line 1087, in read_data_frame
    frame = await self.read_frame(max_size)
            ^^^^^^^^^^^^^^^^^^^^^^^^^^^^^^^
  File "/home/guilherme/BUGSBYTE-2026/.venv/lib/python3.14/site-packages/websockets/legacy/protocol.py", line 1144, in read_frame
    frame = await Frame.read(
            ^^^^^^^^^^^^^^^^^
    ...<4 lines>...
    )
    ^
  File "/home/guilherme/BUGSBYTE-2026/.venv/lib/python3.14/site-packages/websockets/legacy/framing.py", line 70, in read
    data = await reader(2)
           ^^^^^^^^^^^^^^^
  File "/usr/lib/python3.14/asyncio/streams.py", line 769, in readexactly
    await self._wait_for_data('readexactly')
  File "/usr/lib/python3.14/asyncio/streams.py", line 539, in _wait_for_data
    await self._waiter
asyncio.exceptions.CancelledError

The above exception was the direct cause of the following exception:

websockets.exceptions.ConnectionClosedError: sent 1011 (internal error) keepalive ping timeout; no close frame received
ConnectionClosedError exception in shielded future
future: <Future finished exception=ConnectionClosedError(None, Close(code=<CloseCode.INTERNAL_ERROR: 1011>, reason='keepalive ping timeout'), None)>
Traceback (most recent call last):
  File "/home/guilherme/BUGSBYTE-2026/.venv/lib/python3.14/site-packages/websockets/legacy/protocol.py", line 1276, in close_connection
    await self.transfer_data_task
  File "/home/guilherme/BUGSBYTE-2026/.venv/lib/python3.14/site-packages/websockets/legacy/protocol.py", line 940, in transfer_data
    message = await self.read_message()
              ^^^^^^^^^^^^^^^^^^^^^^^^^
  File "/home/guilherme/BUGSBYTE-2026/.venv/lib/python3.14/site-packages/websockets/legacy/protocol.py", line 1010, in read_message
    frame = await self.read_data_frame(max_size=self.max_size)
            ^^^^^^^^^^^^^^^^^^^^^^^^^^^^^^^^^^^^^^^^^^^^^^^^^^
  File "/home/guilherme/BUGSBYTE-2026/.venv/lib/python3.14/site-packages/websockets/legacy/protocol.py", line 1087, in read_data_frame
    frame = await self.read_frame(max_size)
            ^^^^^^^^^^^^^^^^^^^^^^^^^^^^^^^
  File "/home/guilherme/BUGSBYTE-2026/.venv/lib/python3.14/site-packages/websockets/legacy/protocol.py", line 1144, in read_frame
    frame = await Frame.read(
            ^^^^^^^^^^^^^^^^^
    ...<4 lines>...
    )
    ^
  File "/home/guilherme/BUGSBYTE-2026/.venv/lib/python3.14/site-packages/websockets/legacy/framing.py", line 70, in read
    data = await reader(2)
           ^^^^^^^^^^^^^^^
  File "/usr/lib/python3.14/asyncio/streams.py", line 769, in readexactly
    await self._wait_for_data('readexactly')
  File "/usr/lib/python3.14/asyncio/streams.py", line 539, in _wait_for_data
    await self._waiter
asyncio.exceptions.CancelledError

The above exception was the direct cause of the following exception:

websockets.exceptions.ConnectionClosedError: sent 1011 (internal error) keepalive ping timeout; no close frame received
ConnectionClosedError exception in shielded future
future: <Future finished exception=ConnectionClosedError(None, Close(code=<CloseCode.INTERNAL_ERROR: 1011>, reason='keepalive ping timeout'), None)>
Traceback (most recent call last):
  File "/home/guilherme/BUGSBYTE-2026/.venv/lib/python3.14/site-packages/websockets/legacy/protocol.py", line 1276, in close_connection
    await self.transfer_data_task
  File "/home/guilherme/BUGSBYTE-2026/.venv/lib/python3.14/site-packages/websockets/legacy/protocol.py", line 940, in transfer_data
    message = await self.read_message()
              ^^^^^^^^^^^^^^^^^^^^^^^^^
  File "/home/guilherme/BUGSBYTE-2026/.venv/lib/python3.14/site-packages/websockets/legacy/protocol.py", line 1010, in read_message
    frame = await self.read_data_frame(max_size=self.max_size)
            ^^^^^^^^^^^^^^^^^^^^^^^^^^^^^^^^^^^^^^^^^^^^^^^^^^
  File "/home/guilherme/BUGSBYTE-2026/.venv/lib/python3.14/site-packages/websockets/legacy/protocol.py", line 1087, in read_data_frame
    frame = await self.read_frame(max_size)
            ^^^^^^^^^^^^^^^^^^^^^^^^^^^^^^^
  File "/home/guilherme/BUGSBYTE-2026/.venv/lib/python3.14/site-packages/websockets/legacy/protocol.py", line 1144, in read_frame
    frame = await Frame.read(
            ^^^^^^^^^^^^^^^^^
    ...<4 lines>...
    )
    ^
  File "/home/guilherme/BUGSBYTE-2026/.venv/lib/python3.14/site-packages/websockets/legacy/framing.py", line 70, in read
    data = await reader(2)
           ^^^^^^^^^^^^^^^
  File "/usr/lib/python3.14/asyncio/streams.py", line 769, in readexactly
    await self._wait_for_data('readexactly')
  File "/usr/lib/python3.14/asyncio/streams.py", line 539, in _wait_for_data
    await self._waiter
asyncio.exceptions.CancelledError

The above exception was the direct cause of the following exception:

websockets.exceptions.ConnectionClosedError: sent 1011 (internal error) keepalive ping timeout; no close frame received
INFO:     127.0.0.1:56662 - "GET /api/arbitrage/opportunities?limit=500&simulation_volume_usd=1000 HTTP/1.1" 200 OK
INFO:     127.0.0.1:56672 - "GET /api/arbitrage/trades?limit=5000 HTTP/1.1" 200 OK
ConnectionClosedError exception in shielded future
future: <Future finished exception=ConnectionClosedError(None, Close(code=<CloseCode.INTERNAL_ERROR: 1011>, reason='keepalive ping timeout'), None)>
Traceback (most recent call last):
  File "/home/guilherme/BUGSBYTE-2026/.venv/lib/python3.14/site-packages/websockets/legacy/protocol.py", line 1276, in close_connection
    await self.transfer_data_task
  File "/home/guilherme/BUGSBYTE-2026/.venv/lib/python3.14/site-packages/websockets/legacy/protocol.py", line 940, in transfer_data
    message = await self.read_message()
              ^^^^^^^^^^^^^^^^^^^^^^^^^
  File "/home/guilherme/BUGSBYTE-2026/.venv/lib/python3.14/site-packages/websockets/legacy/protocol.py", line 1010, in read_message
    frame = await self.read_data_frame(max_size=self.max_size)
            ^^^^^^^^^^^^^^^^^^^^^^^^^^^^^^^^^^^^^^^^^^^^^^^^^^
  File "/home/guilherme/BUGSBYTE-2026/.venv/lib/python3.14/site-packages/websockets/legacy/protocol.py", line 1087, in read_data_frame
    frame = await self.read_frame(max_size)
            ^^^^^^^^^^^^^^^^^^^^^^^^^^^^^^^
  File "/home/guilherme/BUGSBYTE-2026/.venv/lib/python3.14/site-packages/websockets/legacy/protocol.py", line 1144, in read_frame
    frame = await Frame.read(
            ^^^^^^^^^^^^^^^^^
    ...<4 lines>...
    )
    ^
  File "/home/guilherme/BUGSBYTE-2026/.venv/lib/python3.14/site-packages/websockets/legacy/framing.py", line 70, in read
    data = await reader(2)
           ^^^^^^^^^^^^^^^
  File "/usr/lib/python3.14/asyncio/streams.py", line 769, in readexactly
    await self._wait_for_data('readexactly')
  File "/usr/lib/python3.14/asyncio/streams.py", line 539, in _wait_for_data
    await self._waiter
asyncio.exceptions.CancelledError

The above exception was the direct cause of the following exception:

websockets.exceptions.ConnectionClosedError: sent 1011 (internal error) keepalive ping timeout; no close frame received
ConnectionClosedError exception in shielded future
future: <Future finished exception=ConnectionClosedError(None, Close(code=<CloseCode.INTERNAL_ERROR: 1011>, reason='keepalive ping timeout'), None)>
Traceback (most recent call last):
  File "/home/guilherme/BUGSBYTE-2026/.venv/lib/python3.14/site-packages/websockets/legacy/protocol.py", line 1276, in close_connection
    await self.transfer_data_task
  File "/home/guilherme/BUGSBYTE-2026/.venv/lib/python3.14/site-packages/websockets/legacy/protocol.py", line 940, in transfer_data
    message = await self.read_message()
              ^^^^^^^^^^^^^^^^^^^^^^^^^
  File "/home/guilherme/BUGSBYTE-2026/.venv/lib/python3.14/site-packages/websockets/legacy/protocol.py", line 1010, in read_message
    frame = await self.read_data_frame(max_size=self.max_size)
            ^^^^^^^^^^^^^^^^^^^^^^^^^^^^^^^^^^^^^^^^^^^^^^^^^^
  File "/home/guilherme/BUGSBYTE-2026/.venv/lib/python3.14/site-packages/websockets/legacy/protocol.py", line 1087, in read_data_frame
    frame = await self.read_frame(max_size)
            ^^^^^^^^^^^^^^^^^^^^^^^^^^^^^^^
  File "/home/guilherme/BUGSBYTE-2026/.venv/lib/python3.14/site-packages/websockets/legacy/protocol.py", line 1144, in read_frame
    frame = await Frame.read(
            ^^^^^^^^^^^^^^^^^
    ...<4 lines>...
    )
    ^
  File "/home/guilherme/BUGSBYTE-2026/.venv/lib/python3.14/site-packages/websockets/legacy/framing.py", line 70, in read
    data = await reader(2)
           ^^^^^^^^^^^^^^^
  File "/usr/lib/python3.14/asyncio/streams.py", line 769, in readexactly
    await self._wait_for_data('readexactly')
  File "/usr/lib/python3.14/asyncio/streams.py", line 539, in _wait_for_data
    await self._waiter
asyncio.exceptions.CancelledError

The above exception was the direct cause of the following exception:

websockets.exceptions.ConnectionClosedError: sent 1011 (internal error) keepalive ping timeout; no close frame received
ConnectionClosedError exception in shielded future
future: <Future finished exception=ConnectionClosedError(None, Close(code=<CloseCode.INTERNAL_ERROR: 1011>, reason='keepalive ping timeout'), None)>
Traceback (most recent call last):
  File "/home/guilherme/BUGSBYTE-2026/.venv/lib/python3.14/site-packages/websockets/legacy/protocol.py", line 1276, in close_connection
    await self.transfer_data_task
  File "/home/guilherme/BUGSBYTE-2026/.venv/lib/python3.14/site-packages/websockets/legacy/protocol.py", line 940, in transfer_data
    message = await self.read_message()
              ^^^^^^^^^^^^^^^^^^^^^^^^^
  File "/home/guilherme/BUGSBYTE-2026/.venv/lib/python3.14/site-packages/websockets/legacy/protocol.py", line 1010, in read_message
    frame = await self.read_data_frame(max_size=self.max_size)
            ^^^^^^^^^^^^^^^^^^^^^^^^^^^^^^^^^^^^^^^^^^^^^^^^^^
  File "/home/guilherme/BUGSBYTE-2026/.venv/lib/python3.14/site-packages/websockets/legacy/protocol.py", line 1087, in read_data_frame
    frame = await self.read_frame(max_size)
            ^^^^^^^^^^^^^^^^^^^^^^^^^^^^^^^
  File "/home/guilherme/BUGSBYTE-2026/.venv/lib/python3.14/site-packages/websockets/legacy/protocol.py", line 1144, in read_frame
    frame = await Frame.read(
            ^^^^^^^^^^^^^^^^^
    ...<4 lines>...
    )
    ^
  File "/home/guilherme/BUGSBYTE-2026/.venv/lib/python3.14/site-packages/websockets/legacy/framing.py", line 70, in read
    data = await reader(2)
           ^^^^^^^^^^^^^^^
  File "/usr/lib/python3.14/asyncio/streams.py", line 769, in readexactly
    await self._wait_for_data('readexactly')
  File "/usr/lib/python3.14/asyncio/streams.py", line 539, in _wait_for_data
    await self._waiter
asyncio.exceptions.CancelledError

The above exception was the direct cause of the following exception:

websockets.exceptions.ConnectionClosedError: sent 1011 (internal error) keepalive ping timeout; no close frame received
ConnectionClosedError exception in shielded future
future: <Future finished exception=ConnectionClosedError(None, Close(code=<CloseCode.INTERNAL_ERROR: 1011>, reason='keepalive ping timeout'), None)>
Traceback (most recent call last):
  File "/home/guilherme/BUGSBYTE-2026/.venv/lib/python3.14/site-packages/websockets/legacy/protocol.py", line 1276, in close_connection
    await self.transfer_data_task
  File "/home/guilherme/BUGSBYTE-2026/.venv/lib/python3.14/site-packages/websockets/legacy/protocol.py", line 940, in transfer_data
    message = await self.read_message()
              ^^^^^^^^^^^^^^^^^^^^^^^^^
  File "/home/guilherme/BUGSBYTE-2026/.venv/lib/python3.14/site-packages/websockets/legacy/protocol.py", line 1010, in read_message
    frame = await self.read_data_frame(max_size=self.max_size)
            ^^^^^^^^^^^^^^^^^^^^^^^^^^^^^^^^^^^^^^^^^^^^^^^^^^
  File "/home/guilherme/BUGSBYTE-2026/.venv/lib/python3.14/site-packages/websockets/legacy/protocol.py", line 1087, in read_data_frame
    frame = await self.read_frame(max_size)
            ^^^^^^^^^^^^^^^^^^^^^^^^^^^^^^^
  File "/home/guilherme/BUGSBYTE-2026/.venv/lib/python3.14/site-packages/websockets/legacy/protocol.py", line 1144, in read_frame
    frame = await Frame.read(
            ^^^^^^^^^^^^^^^^^
    ...<4 lines>...
    )
    ^
  File "/home/guilherme/BUGSBYTE-2026/.venv/lib/python3.14/site-packages/websockets/legacy/framing.py", line 70, in read
    data = await reader(2)
           ^^^^^^^^^^^^^^^
  File "/usr/lib/python3.14/asyncio/streams.py", line 769, in readexactly
    await self._wait_for_data('readexactly')
  File "/usr/lib/python3.14/asyncio/streams.py", line 539, in _wait_for_data
    await self._waiter
asyncio.exceptions.CancelledError

The above exception was the direct cause of the following exception:

websockets.exceptions.ConnectionClosedError: sent 1011 (internal error) keepalive ping timeout; no close frame received
INFO:     127.0.0.1:56662 - "GET /api/arbitrage/opportunities?limit=500&simulation_volume_usd=1000 HTTP/1.1" 200 OK
INFO:     127.0.0.1:56672 - "GET /api/arbitrage/trades?limit=5000 HTTP/1.1" 200 OK
ConnectionClosedError exception in shielded future
future: <Future finished exception=ConnectionClosedError(None, Close(code=<CloseCode.INTERNAL_ERROR: 1011>, reason='keepalive ping timeout'), None)>
Traceback (most recent call last):
  File "/home/guilherme/BUGSBYTE-2026/.venv/lib/python3.14/site-packages/websockets/legacy/protocol.py", line 1276, in close_connection
    await self.transfer_data_task
  File "/home/guilherme/BUGSBYTE-2026/.venv/lib/python3.14/site-packages/websockets/legacy/protocol.py", line 940, in transfer_data
    message = await self.read_message()
              ^^^^^^^^^^^^^^^^^^^^^^^^^
  File "/home/guilherme/BUGSBYTE-2026/.venv/lib/python3.14/site-packages/websockets/legacy/protocol.py", line 1010, in read_message
    frame = await self.read_data_frame(max_size=self.max_size)
            ^^^^^^^^^^^^^^^^^^^^^^^^^^^^^^^^^^^^^^^^^^^^^^^^^^
  File "/home/guilherme/BUGSBYTE-2026/.venv/lib/python3.14/site-packages/websockets/legacy/protocol.py", line 1087, in read_data_frame
    frame = await self.read_frame(max_size)
            ^^^^^^^^^^^^^^^^^^^^^^^^^^^^^^^
  File "/home/guilherme/BUGSBYTE-2026/.venv/lib/python3.14/site-packages/websockets/legacy/protocol.py", line 1144, in read_frame
    frame = await Frame.read(
            ^^^^^^^^^^^^^^^^^
    ...<4 lines>...
    )
    ^
  File "/home/guilherme/BUGSBYTE-2026/.venv/lib/python3.14/site-packages/websockets/legacy/framing.py", line 70, in read
    data = await reader(2)
           ^^^^^^^^^^^^^^^
  File "/usr/lib/python3.14/asyncio/streams.py", line 769, in readexactly
    await self._wait_for_data('readexactly')
  File "/usr/lib/python3.14/asyncio/streams.py", line 539, in _wait_for_data
    await self._waiter
asyncio.exceptions.CancelledError

The above exception was the direct cause of the following exception:

websockets.exceptions.ConnectionClosedError: sent 1011 (internal error) keepalive ping timeout; no close frame received
ConnectionClosedError exception in shielded future
future: <Future finished exception=ConnectionClosedError(None, Close(code=<CloseCode.INTERNAL_ERROR: 1011>, reason='keepalive ping timeout'), None)>
Traceback (most recent call last):
  File "/home/guilherme/BUGSBYTE-2026/.venv/lib/python3.14/site-packages/websockets/legacy/protocol.py", line 1276, in close_connection
    await self.transfer_data_task
  File "/home/guilherme/BUGSBYTE-2026/.venv/lib/python3.14/site-packages/websockets/legacy/protocol.py", line 940, in transfer_data
    message = await self.read_message()
              ^^^^^^^^^^^^^^^^^^^^^^^^^
  File "/home/guilherme/BUGSBYTE-2026/.venv/lib/python3.14/site-packages/websockets/legacy/protocol.py", line 1010, in read_message
    frame = await self.read_data_frame(max_size=self.max_size)
            ^^^^^^^^^^^^^^^^^^^^^^^^^^^^^^^^^^^^^^^^^^^^^^^^^^
  File "/home/guilherme/BUGSBYTE-2026/.venv/lib/python3.14/site-packages/websockets/legacy/protocol.py", line 1087, in read_data_frame
    frame = await self.read_frame(max_size)
            ^^^^^^^^^^^^^^^^^^^^^^^^^^^^^^^
  File "/home/guilherme/BUGSBYTE-2026/.venv/lib/python3.14/site-packages/websockets/legacy/protocol.py", line 1144, in read_frame
    frame = await Frame.read(
            ^^^^^^^^^^^^^^^^^
    ...<4 lines>...
    )
    ^
  File "/home/guilherme/BUGSBYTE-2026/.venv/lib/python3.14/site-packages/websockets/legacy/framing.py", line 70, in read
    data = await reader(2)
           ^^^^^^^^^^^^^^^
  File "/usr/lib/python3.14/asyncio/streams.py", line 769, in readexactly
    await self._wait_for_data('readexactly')
  File "/usr/lib/python3.14/asyncio/streams.py", line 539, in _wait_for_data
    await self._waiter
asyncio.exceptions.CancelledError

The above exception was the direct cause of the following exception:

websockets.exceptions.ConnectionClosedError: sent 1011 (internal error) keepalive ping timeout; no close frame received
ConnectionClosedError exception in shielded future
future: <Future finished exception=ConnectionClosedError(None, Close(code=<CloseCode.INTERNAL_ERROR: 1011>, reason='keepalive ping timeout'), None)>
Traceback (most recent call last):
  File "/home/guilherme/BUGSBYTE-2026/.venv/lib/python3.14/site-packages/websockets/legacy/protocol.py", line 1276, in close_connection
    await self.transfer_data_task
  File "/home/guilherme/BUGSBYTE-2026/.venv/lib/python3.14/site-packages/websockets/legacy/protocol.py", line 940, in transfer_data
    message = await self.read_message()
              ^^^^^^^^^^^^^^^^^^^^^^^^^
  File "/home/guilherme/BUGSBYTE-2026/.venv/lib/python3.14/site-packages/websockets/legacy/protocol.py", line 1010, in read_message
    frame = await self.read_data_frame(max_size=self.max_size)
            ^^^^^^^^^^^^^^^^^^^^^^^^^^^^^^^^^^^^^^^^^^^^^^^^^^
  File "/home/guilherme/BUGSBYTE-2026/.venv/lib/python3.14/site-packages/websockets/legacy/protocol.py", line 1087, in read_data_frame
    frame = await self.read_frame(max_size)
            ^^^^^^^^^^^^^^^^^^^^^^^^^^^^^^^
  File "/home/guilherme/BUGSBYTE-2026/.venv/lib/python3.14/site-packages/websockets/legacy/protocol.py", line 1144, in read_frame
    frame = await Frame.read(
            ^^^^^^^^^^^^^^^^^
    ...<4 lines>...
    )
    ^
  File "/home/guilherme/BUGSBYTE-2026/.venv/lib/python3.14/site-packages/websockets/legacy/framing.py", line 70, in read
    data = await reader(2)
           ^^^^^^^^^^^^^^^
  File "/usr/lib/python3.14/asyncio/streams.py", line 769, in readexactly
    await self._wait_for_data('readexactly')
  File "/usr/lib/python3.14/asyncio/streams.py", line 539, in _wait_for_data
    await self._waiter
asyncio.exceptions.CancelledError

The above exception was the direct cause of the following exception:

websockets.exceptions.ConnectionClosedError: sent 1011 (internal error) keepalive ping timeout; no close frame received
ConnectionClosedError exception in shielded future
future: <Future finished exception=ConnectionClosedError(None, Close(code=<CloseCode.INTERNAL_ERROR: 1011>, reason='keepalive ping timeout'), None)>
Traceback (most recent call last):
  File "/home/guilherme/BUGSBYTE-2026/.venv/lib/python3.14/site-packages/websockets/legacy/protocol.py", line 1276, in close_connection
    await self.transfer_data_task
  File "/home/guilherme/BUGSBYTE-2026/.venv/lib/python3.14/site-packages/websockets/legacy/protocol.py", line 940, in transfer_data
    message = await self.read_message()
              ^^^^^^^^^^^^^^^^^^^^^^^^^
  File "/home/guilherme/BUGSBYTE-2026/.venv/lib/python3.14/site-packages/websockets/legacy/protocol.py", line 1010, in read_message
    frame = await self.read_data_frame(max_size=self.max_size)
            ^^^^^^^^^^^^^^^^^^^^^^^^^^^^^^^^^^^^^^^^^^^^^^^^^^
  File "/home/guilherme/BUGSBYTE-2026/.venv/lib/python3.14/site-packages/websockets/legacy/protocol.py", line 1087, in read_data_frame
    frame = await self.read_frame(max_size)
            ^^^^^^^^^^^^^^^^^^^^^^^^^^^^^^^
  File "/home/guilherme/BUGSBYTE-2026/.venv/lib/python3.14/site-packages/websockets/legacy/protocol.py", line 1144, in read_frame
    frame = await Frame.read(
            ^^^^^^^^^^^^^^^^^
    ...<4 lines>...
    )
    ^
  File "/home/guilherme/BUGSBYTE-2026/.venv/lib/python3.14/site-packages/websockets/legacy/framing.py", line 70, in read
    data = await reader(2)
           ^^^^^^^^^^^^^^^
  File "/usr/lib/python3.14/asyncio/streams.py", line 769, in readexactly
    await self._wait_for_data('readexactly')
  File "/usr/lib/python3.14/asyncio/streams.py", line 539, in _wait_for_data
    await self._waiter
asyncio.exceptions.CancelledError

The above exception was the direct cause of the following exception:

websockets.exceptions.ConnectionClosedError: sent 1011 (internal error) keepalive ping timeout; no close frame received
ConnectionClosedError exception in shielded future
future: <Future finished exception=ConnectionClosedError(None, Close(code=<CloseCode.INTERNAL_ERROR: 1011>, reason='keepalive ping timeout'), None)>
Traceback (most recent call last):
  File "/home/guilherme/BUGSBYTE-2026/.venv/lib/python3.14/site-packages/websockets/legacy/protocol.py", line 1276, in close_connection
    await self.transfer_data_task
  File "/home/guilherme/BUGSBYTE-2026/.venv/lib/python3.14/site-packages/websockets/legacy/protocol.py", line 940, in transfer_data
    message = await self.read_message()
              ^^^^^^^^^^^^^^^^^^^^^^^^^
  File "/home/guilherme/BUGSBYTE-2026/.venv/lib/python3.14/site-packages/websockets/legacy/protocol.py", line 1010, in read_message
    frame = await self.read_data_frame(max_size=self.max_size)
            ^^^^^^^^^^^^^^^^^^^^^^^^^^^^^^^^^^^^^^^^^^^^^^^^^^
  File "/home/guilherme/BUGSBYTE-2026/.venv/lib/python3.14/site-packages/websockets/legacy/protocol.py", line 1087, in read_data_frame
    frame = await self.read_frame(max_size)
            ^^^^^^^^^^^^^^^^^^^^^^^^^^^^^^^
  File "/home/guilherme/BUGSBYTE-2026/.venv/lib/python3.14/site-packages/websockets/legacy/protocol.py", line 1144, in read_frame
    frame = await Frame.read(
            ^^^^^^^^^^^^^^^^^
    ...<4 lines>...
    )
    ^
  File "/home/guilherme/BUGSBYTE-2026/.venv/lib/python3.14/site-packages/websockets/legacy/framing.py", line 70, in read
    data = await reader(2)
           ^^^^^^^^^^^^^^^
  File "/usr/lib/python3.14/asyncio/streams.py", line 769, in readexactly
    await self._wait_for_data('readexactly')
  File "/usr/lib/python3.14/asyncio/streams.py", line 539, in _wait_for_data
    await self._waiter
asyncio.exceptions.CancelledError

The above exception was the direct cause of the following exception:

websockets.exceptions.ConnectionClosedError: sent 1011 (internal error) keepalive ping timeout; no close frame received
ConnectionClosedError exception in shielded future
future: <Future finished exception=ConnectionClosedError(None, Close(code=<CloseCode.INTERNAL_ERROR: 1011>, reason='keepalive ping timeout'), None)>
Traceback (most recent call last):
  File "/home/guilherme/BUGSBYTE-2026/.venv/lib/python3.14/site-packages/websockets/legacy/protocol.py", line 1276, in close_connection
    await self.transfer_data_task
  File "/home/guilherme/BUGSBYTE-2026/.venv/lib/python3.14/site-packages/websockets/legacy/protocol.py", line 940, in transfer_data
    message = await self.read_message()
              ^^^^^^^^^^^^^^^^^^^^^^^^^
  File "/home/guilherme/BUGSBYTE-2026/.venv/lib/python3.14/site-packages/websockets/legacy/protocol.py", line 1010, in read_message
    frame = await self.read_data_frame(max_size=self.max_size)
            ^^^^^^^^^^^^^^^^^^^^^^^^^^^^^^^^^^^^^^^^^^^^^^^^^^
  File "/home/guilherme/BUGSBYTE-2026/.venv/lib/python3.14/site-packages/websockets/legacy/protocol.py", line 1087, in read_data_frame
    frame = await self.read_frame(max_size)
            ^^^^^^^^^^^^^^^^^^^^^^^^^^^^^^^
  File "/home/guilherme/BUGSBYTE-2026/.venv/lib/python3.14/site-packages/websockets/legacy/protocol.py", line 1144, in read_frame
    frame = await Frame.read(
            ^^^^^^^^^^^^^^^^^
    ...<4 lines>...
    )
    ^
  File "/home/guilherme/BUGSBYTE-2026/.venv/lib/python3.14/site-packages/websockets/legacy/framing.py", line 70, in read
    data = await reader(2)
           ^^^^^^^^^^^^^^^
  File "/usr/lib/python3.14/asyncio/streams.py", line 769, in readexactly
    await self._wait_for_data('readexactly')
  File "/usr/lib/python3.14/asyncio/streams.py", line 539, in _wait_for_data
    await self._waiter
asyncio.exceptions.CancelledError

The above exception was the direct cause of the following exception:

websockets.exceptions.ConnectionClosedError: sent 1011 (internal error) keepalive ping timeout; no close frame received
ConnectionClosedError exception in shielded future
future: <Future finished exception=ConnectionClosedError(None, Close(code=<CloseCode.INTERNAL_ERROR: 1011>, reason='keepalive ping timeout'), None)>
Traceback (most recent call last):
  File "/home/guilherme/BUGSBYTE-2026/.venv/lib/python3.14/site-packages/websockets/legacy/protocol.py", line 1276, in close_connection
    await self.transfer_data_task
  File "/home/guilherme/BUGSBYTE-2026/.venv/lib/python3.14/site-packages/websockets/legacy/protocol.py", line 940, in transfer_data
    message = await self.read_message()
              ^^^^^^^^^^^^^^^^^^^^^^^^^
  File "/home/guilherme/BUGSBYTE-2026/.venv/lib/python3.14/site-packages/websockets/legacy/protocol.py", line 1010, in read_message
    frame = await self.read_data_frame(max_size=self.max_size)
            ^^^^^^^^^^^^^^^^^^^^^^^^^^^^^^^^^^^^^^^^^^^^^^^^^^
  File "/home/guilherme/BUGSBYTE-2026/.venv/lib/python3.14/site-packages/websockets/legacy/protocol.py", line 1087, in read_data_frame
    frame = await self.read_frame(max_size)
            ^^^^^^^^^^^^^^^^^^^^^^^^^^^^^^^
  File "/home/guilherme/BUGSBYTE-2026/.venv/lib/python3.14/site-packages/websockets/legacy/protocol.py", line 1144, in read_frame
    frame = await Frame.read(
            ^^^^^^^^^^^^^^^^^
    ...<4 lines>...
    )
    ^
  File "/home/guilherme/BUGSBYTE-2026/.venv/lib/python3.14/site-packages/websockets/legacy/framing.py", line 70, in read
    data = await reader(2)
           ^^^^^^^^^^^^^^^
  File "/usr/lib/python3.14/asyncio/streams.py", line 769, in readexactly
    await self._wait_for_data('readexactly')
  File "/usr/lib/python3.14/asyncio/streams.py", line 539, in _wait_for_data
    await self._waiter
asyncio.exceptions.CancelledError

The above exception was the direct cause of the following exception:

websockets.exceptions.ConnectionClosedError: sent 1011 (internal error) keepalive ping timeout; no close frame received
ConnectionClosedError exception in shielded future
future: <Future finished exception=ConnectionClosedError(None, Close(code=<CloseCode.INTERNAL_ERROR: 1011>, reason='keepalive ping timeout'), None)>
Traceback (most recent call last):
  File "/home/guilherme/BUGSBYTE-2026/.venv/lib/python3.14/site-packages/websockets/legacy/protocol.py", line 1276, in close_connection
    await self.transfer_data_task
  File "/home/guilherme/BUGSBYTE-2026/.venv/lib/python3.14/site-packages/websockets/legacy/protocol.py", line 940, in transfer_data
    message = await self.read_message()
              ^^^^^^^^^^^^^^^^^^^^^^^^^
  File "/home/guilherme/BUGSBYTE-2026/.venv/lib/python3.14/site-packages/websockets/legacy/protocol.py", line 1010, in read_message
    frame = await self.read_data_frame(max_size=self.max_size)
            ^^^^^^^^^^^^^^^^^^^^^^^^^^^^^^^^^^^^^^^^^^^^^^^^^^
  File "/home/guilherme/BUGSBYTE-2026/.venv/lib/python3.14/site-packages/websockets/legacy/protocol.py", line 1087, in read_data_frame
    frame = await self.read_frame(max_size)
            ^^^^^^^^^^^^^^^^^^^^^^^^^^^^^^^
  File "/home/guilherme/BUGSBYTE-2026/.venv/lib/python3.14/site-packages/websockets/legacy/protocol.py", line 1144, in read_frame
    frame = await Frame.read(
            ^^^^^^^^^^^^^^^^^
    ...<4 lines>...
    )
    ^
  File "/home/guilherme/BUGSBYTE-2026/.venv/lib/python3.14/site-packages/websockets/legacy/framing.py", line 70, in read
    data = await reader(2)
           ^^^^^^^^^^^^^^^
  File "/usr/lib/python3.14/asyncio/streams.py", line 769, in readexactly
    await self._wait_for_data('readexactly')
  File "/usr/lib/python3.14/asyncio/streams.py", line 539, in _wait_for_data
    await self._waiter
asyncio.exceptions.CancelledError

The above exception was the direct cause of the following exception:

websockets.exceptions.ConnectionClosedError: sent 1011 (internal error) keepalive ping timeout; no close frame received
ConnectionClosedError exception in shielded future
future: <Future finished exception=ConnectionClosedError(None, Close(code=<CloseCode.INTERNAL_ERROR: 1011>, reason='keepalive ping timeout'), None)>
Traceback (most recent call last):
  File "/home/guilherme/BUGSBYTE-2026/.venv/lib/python3.14/site-packages/websockets/legacy/protocol.py", line 1276, in close_connection
    await self.transfer_data_task
  File "/home/guilherme/BUGSBYTE-2026/.venv/lib/python3.14/site-packages/websockets/legacy/protocol.py", line 940, in transfer_data
    message = await self.read_message()
              ^^^^^^^^^^^^^^^^^^^^^^^^^
  File "/home/guilherme/BUGSBYTE-2026/.venv/lib/python3.14/site-packages/websockets/legacy/protocol.py", line 1010, in read_message
    frame = await self.read_data_frame(max_size=self.max_size)
            ^^^^^^^^^^^^^^^^^^^^^^^^^^^^^^^^^^^^^^^^^^^^^^^^^^
  File "/home/guilherme/BUGSBYTE-2026/.venv/lib/python3.14/site-packages/websockets/legacy/protocol.py", line 1087, in read_data_frame
    frame = await self.read_frame(max_size)
            ^^^^^^^^^^^^^^^^^^^^^^^^^^^^^^^
  File "/home/guilherme/BUGSBYTE-2026/.venv/lib/python3.14/site-packages/websockets/legacy/protocol.py", line 1144, in read_frame
    frame = await Frame.read(
            ^^^^^^^^^^^^^^^^^
    ...<4 lines>...
    )
    ^
  File "/home/guilherme/BUGSBYTE-2026/.venv/lib/python3.14/site-packages/websockets/legacy/framing.py", line 70, in read
    data = await reader(2)
           ^^^^^^^^^^^^^^^
  File "/usr/lib/python3.14/asyncio/streams.py", line 769, in readexactly
    await self._wait_for_data('readexactly')
  File "/usr/lib/python3.14/asyncio/streams.py", line 539, in _wait_for_data
    await self._waiter
asyncio.exceptions.CancelledError

The above exception was the direct cause of the following exception:

websockets.exceptions.ConnectionClosedError: sent 1011 (internal error) keepalive ping timeout; no close frame received
ConnectionClosedError exception in shielded future
future: <Future finished exception=ConnectionClosedError(None, Close(code=<CloseCode.INTERNAL_ERROR: 1011>, reason='keepalive ping timeout'), None)>
Traceback (most recent call last):
  File "/home/guilherme/BUGSBYTE-2026/.venv/lib/python3.14/site-packages/websockets/legacy/protocol.py", line 1276, in close_connection
    await self.transfer_data_task
  File "/home/guilherme/BUGSBYTE-2026/.venv/lib/python3.14/site-packages/websockets/legacy/protocol.py", line 940, in transfer_data
    message = await self.read_message()
              ^^^^^^^^^^^^^^^^^^^^^^^^^
  File "/home/guilherme/BUGSBYTE-2026/.venv/lib/python3.14/site-packages/websockets/legacy/protocol.py", line 1010, in read_message
    frame = await self.read_data_frame(max_size=self.max_size)
            ^^^^^^^^^^^^^^^^^^^^^^^^^^^^^^^^^^^^^^^^^^^^^^^^^^
  File "/home/guilherme/BUGSBYTE-2026/.venv/lib/python3.14/site-packages/websockets/legacy/protocol.py", line 1087, in read_data_frame
    frame = await self.read_frame(max_size)
            ^^^^^^^^^^^^^^^^^^^^^^^^^^^^^^^
  File "/home/guilherme/BUGSBYTE-2026/.venv/lib/python3.14/site-packages/websockets/legacy/protocol.py", line 1144, in read_frame
    frame = await Frame.read(
            ^^^^^^^^^^^^^^^^^
    ...<4 lines>...
    )
    ^
  File "/home/guilherme/BUGSBYTE-2026/.venv/lib/python3.14/site-packages/websockets/legacy/framing.py", line 70, in read
    data = await reader(2)
           ^^^^^^^^^^^^^^^
  File "/usr/lib/python3.14/asyncio/streams.py", line 769, in readexactly
    await self._wait_for_data('readexactly')
  File "/usr/lib/python3.14/asyncio/streams.py", line 539, in _wait_for_data
    await self._waiter
asyncio.exceptions.CancelledError

The above exception was the direct cause of the following exception:

websockets.exceptions.ConnectionClosedError: sent 1011 (internal error) keepalive ping timeout; no close frame received
ConnectionClosedError exception in shielded future
future: <Future finished exception=ConnectionClosedError(None, Close(code=<CloseCode.INTERNAL_ERROR: 1011>, reason='keepalive ping timeout'), None)>
Traceback (most recent call last):
  File "/home/guilherme/BUGSBYTE-2026/.venv/lib/python3.14/site-packages/websockets/legacy/protocol.py", line 1276, in close_connection
    await self.transfer_data_task
  File "/home/guilherme/BUGSBYTE-2026/.venv/lib/python3.14/site-packages/websockets/legacy/protocol.py", line 940, in transfer_data
    message = await self.read_message()
              ^^^^^^^^^^^^^^^^^^^^^^^^^
  File "/home/guilherme/BUGSBYTE-2026/.venv/lib/python3.14/site-packages/websockets/legacy/protocol.py", line 1010, in read_message
    frame = await self.read_data_frame(max_size=self.max_size)
            ^^^^^^^^^^^^^^^^^^^^^^^^^^^^^^^^^^^^^^^^^^^^^^^^^^
  File "/home/guilherme/BUGSBYTE-2026/.venv/lib/python3.14/site-packages/websockets/legacy/protocol.py", line 1087, in read_data_frame
    frame = await self.read_frame(max_size)
            ^^^^^^^^^^^^^^^^^^^^^^^^^^^^^^^
  File "/home/guilherme/BUGSBYTE-2026/.venv/lib/python3.14/site-packages/websockets/legacy/protocol.py", line 1144, in read_frame
    frame = await Frame.read(
            ^^^^^^^^^^^^^^^^^
    ...<4 lines>...
    )
    ^
  File "/home/guilherme/BUGSBYTE-2026/.venv/lib/python3.14/site-packages/websockets/legacy/framing.py", line 70, in read
    data = await reader(2)
           ^^^^^^^^^^^^^^^
  File "/usr/lib/python3.14/asyncio/streams.py", line 769, in readexactly
    await self._wait_for_data('readexactly')
  File "/usr/lib/python3.14/asyncio/streams.py", line 539, in _wait_for_data
    await self._waiter
asyncio.exceptions.CancelledError

The above exception was the direct cause of the following exception:

websockets.exceptions.ConnectionClosedError: sent 1011 (internal error) keepalive ping timeout; no close frame received
ConnectionClosedError exception in shielded future
future: <Future finished exception=ConnectionClosedError(None, Close(code=<CloseCode.INTERNAL_ERROR: 1011>, reason='keepalive ping timeout'), None)>
Traceback (most recent call last):
  File "/home/guilherme/BUGSBYTE-2026/.venv/lib/python3.14/site-packages/websockets/legacy/protocol.py", line 1276, in close_connection
    await self.transfer_data_task
  File "/home/guilherme/BUGSBYTE-2026/.venv/lib/python3.14/site-packages/websockets/legacy/protocol.py", line 940, in transfer_data
    message = await self.read_message()
              ^^^^^^^^^^^^^^^^^^^^^^^^^
  File "/home/guilherme/BUGSBYTE-2026/.venv/lib/python3.14/site-packages/websockets/legacy/protocol.py", line 1010, in read_message
    frame = await self.read_data_frame(max_size=self.max_size)
            ^^^^^^^^^^^^^^^^^^^^^^^^^^^^^^^^^^^^^^^^^^^^^^^^^^
  File "/home/guilherme/BUGSBYTE-2026/.venv/lib/python3.14/site-packages/websockets/legacy/protocol.py", line 1087, in read_data_frame
    frame = await self.read_frame(max_size)
            ^^^^^^^^^^^^^^^^^^^^^^^^^^^^^^^
  File "/home/guilherme/BUGSBYTE-2026/.venv/lib/python3.14/site-packages/websockets/legacy/protocol.py", line 1144, in read_frame
    frame = await Frame.read(
            ^^^^^^^^^^^^^^^^^
    ...<4 lines>...
    )
    ^
  File "/home/guilherme/BUGSBYTE-2026/.venv/lib/python3.14/site-packages/websockets/legacy/framing.py", line 70, in read
    data = await reader(2)
           ^^^^^^^^^^^^^^^
  File "/usr/lib/python3.14/asyncio/streams.py", line 769, in readexactly
    await self._wait_for_data('readexactly')
  File "/usr/lib/python3.14/asyncio/streams.py", line 539, in _wait_for_data
    await self._waiter
asyncio.exceptions.CancelledError

The above exception was the direct cause of the following exception:

websockets.exceptions.ConnectionClosedError: sent 1011 (internal error) keepalive ping timeout; no close frame received
ConnectionClosedError exception in shielded future
future: <Future finished exception=ConnectionClosedError(None, Close(code=<CloseCode.INTERNAL_ERROR: 1011>, reason='keepalive ping timeout'), None)>
Traceback (most recent call last):
  File "/home/guilherme/BUGSBYTE-2026/.venv/lib/python3.14/site-packages/websockets/legacy/protocol.py", line 1276, in close_connection
    await self.transfer_data_task
  File "/home/guilherme/BUGSBYTE-2026/.venv/lib/python3.14/site-packages/websockets/legacy/protocol.py", line 940, in transfer_data
    message = await self.read_message()
              ^^^^^^^^^^^^^^^^^^^^^^^^^
  File "/home/guilherme/BUGSBYTE-2026/.venv/lib/python3.14/site-packages/websockets/legacy/protocol.py", line 1010, in read_message
    frame = await self.read_data_frame(max_size=self.max_size)
            ^^^^^^^^^^^^^^^^^^^^^^^^^^^^^^^^^^^^^^^^^^^^^^^^^^
  File "/home/guilherme/BUGSBYTE-2026/.venv/lib/python3.14/site-packages/websockets/legacy/protocol.py", line 1087, in read_data_frame
    frame = await self.read_frame(max_size)
            ^^^^^^^^^^^^^^^^^^^^^^^^^^^^^^^
  File "/home/guilherme/BUGSBYTE-2026/.venv/lib/python3.14/site-packages/websockets/legacy/protocol.py", line 1144, in read_frame
    frame = await Frame.read(
            ^^^^^^^^^^^^^^^^^
    ...<4 lines>...
    )
    ^
  File "/home/guilherme/BUGSBYTE-2026/.venv/lib/python3.14/site-packages/websockets/legacy/framing.py", line 70, in read
    data = await reader(2)
           ^^^^^^^^^^^^^^^
  File "/usr/lib/python3.14/asyncio/streams.py", line 769, in readexactly
    await self._wait_for_data('readexactly')
  File "/usr/lib/python3.14/asyncio/streams.py", line 539, in _wait_for_data
    await self._waiter
asyncio.exceptions.CancelledError

The above exception was the direct cause of the following exception:

websockets.exceptions.ConnectionClosedError: sent 1011 (internal error) keepalive ping timeout; no close frame received
ConnectionClosedError exception in shielded future
future: <Future finished exception=ConnectionClosedError(None, Close(code=<CloseCode.INTERNAL_ERROR: 1011>, reason='keepalive ping timeout'), None)>
Traceback (most recent call last):
  File "/home/guilherme/BUGSBYTE-2026/.venv/lib/python3.14/site-packages/websockets/legacy/protocol.py", line 1276, in close_connection
    await self.transfer_data_task
  File "/home/guilherme/BUGSBYTE-2026/.venv/lib/python3.14/site-packages/websockets/legacy/protocol.py", line 940, in transfer_data
    message = await self.read_message()
              ^^^^^^^^^^^^^^^^^^^^^^^^^
  File "/home/guilherme/BUGSBYTE-2026/.venv/lib/python3.14/site-packages/websockets/legacy/protocol.py", line 1010, in read_message
    frame = await self.read_data_frame(max_size=self.max_size)
            ^^^^^^^^^^^^^^^^^^^^^^^^^^^^^^^^^^^^^^^^^^^^^^^^^^
  File "/home/guilherme/BUGSBYTE-2026/.venv/lib/python3.14/site-packages/websockets/legacy/protocol.py", line 1087, in read_data_frame
    frame = await self.read_frame(max_size)
            ^^^^^^^^^^^^^^^^^^^^^^^^^^^^^^^
  File "/home/guilherme/BUGSBYTE-2026/.venv/lib/python3.14/site-packages/websockets/legacy/protocol.py", line 1144, in read_frame
    frame = await Frame.read(
            ^^^^^^^^^^^^^^^^^
    ...<4 lines>...
    )
    ^
  File "/home/guilherme/BUGSBYTE-2026/.venv/lib/python3.14/site-packages/websockets/legacy/framing.py", line 70, in read
    data = await reader(2)
           ^^^^^^^^^^^^^^^
  File "/usr/lib/python3.14/asyncio/streams.py", line 769, in readexactly
    await self._wait_for_data('readexactly')
  File "/usr/lib/python3.14/asyncio/streams.py", line 539, in _wait_for_data
    await self._waiter
asyncio.exceptions.CancelledError

The above exception was the direct cause of the following exception:

websockets.exceptions.ConnectionClosedError: sent 1011 (internal error) keepalive ping timeout; no close frame received
ConnectionClosedError exception in shielded future
future: <Future finished exception=ConnectionClosedError(None, Close(code=<CloseCode.INTERNAL_ERROR: 1011>, reason='keepalive ping timeout'), None)>
Traceback (most recent call last):
  File "/home/guilherme/BUGSBYTE-2026/.venv/lib/python3.14/site-packages/websockets/legacy/protocol.py", line 1276, in close_connection
    await self.transfer_data_task
  File "/home/guilherme/BUGSBYTE-2026/.venv/lib/python3.14/site-packages/websockets/legacy/protocol.py", line 940, in transfer_data
    message = await self.read_message()
              ^^^^^^^^^^^^^^^^^^^^^^^^^
  File "/home/guilherme/BUGSBYTE-2026/.venv/lib/python3.14/site-packages/websockets/legacy/protocol.py", line 1010, in read_message
    frame = await self.read_data_frame(max_size=self.max_size)
            ^^^^^^^^^^^^^^^^^^^^^^^^^^^^^^^^^^^^^^^^^^^^^^^^^^
  File "/home/guilherme/BUGSBYTE-2026/.venv/lib/python3.14/site-packages/websockets/legacy/protocol.py", line 1087, in read_data_frame
    frame = await self.read_frame(max_size)
            ^^^^^^^^^^^^^^^^^^^^^^^^^^^^^^^
  File "/home/guilherme/BUGSBYTE-2026/.venv/lib/python3.14/site-packages/websockets/legacy/protocol.py", line 1144, in read_frame
    frame = await Frame.read(
            ^^^^^^^^^^^^^^^^^
    ...<4 lines>...
    )
    ^
  File "/home/guilherme/BUGSBYTE-2026/.venv/lib/python3.14/site-packages/websockets/legacy/framing.py", line 70, in read
    data = await reader(2)
           ^^^^^^^^^^^^^^^
  File "/usr/lib/python3.14/asyncio/streams.py", line 769, in readexactly
    await self._wait_for_data('readexactly')
  File "/usr/lib/python3.14/asyncio/streams.py", line 539, in _wait_for_data
    await self._waiter
asyncio.exceptions.CancelledError

The above exception was the direct cause of the following exception:

websockets.exceptions.ConnectionClosedError: sent 1011 (internal error) keepalive ping timeout; no close frame received
INFO:     127.0.0.1:56662 - "GET /api/arbitrage/opportunities?limit=500&simulation_volume_usd=1000 HTTP/1.1" 200 OK
INFO:     127.0.0.1:56672 - "GET /api/arbitrage/trades?limit=5000 HTTP/1.1" 200 OK
ConnectionClosedError exception in shielded future
future: <Future finished exception=ConnectionClosedError(None, Close(code=<CloseCode.INTERNAL_ERROR: 1011>, reason='keepalive ping timeout'), None)>
Traceback (most recent call last):
  File "/home/guilherme/BUGSBYTE-2026/.venv/lib/python3.14/site-packages/websockets/legacy/protocol.py", line 1276, in close_connection
    await self.transfer_data_task
  File "/home/guilherme/BUGSBYTE-2026/.venv/lib/python3.14/site-packages/websockets/legacy/protocol.py", line 940, in transfer_data
    message = await self.read_message()
              ^^^^^^^^^^^^^^^^^^^^^^^^^
  File "/home/guilherme/BUGSBYTE-2026/.venv/lib/python3.14/site-packages/websockets/legacy/protocol.py", line 1010, in read_message
    frame = await self.read_data_frame(max_size=self.max_size)
            ^^^^^^^^^^^^^^^^^^^^^^^^^^^^^^^^^^^^^^^^^^^^^^^^^^
  File "/home/guilherme/BUGSBYTE-2026/.venv/lib/python3.14/site-packages/websockets/legacy/protocol.py", line 1087, in read_data_frame
    frame = await self.read_frame(max_size)
            ^^^^^^^^^^^^^^^^^^^^^^^^^^^^^^^
  File "/home/guilherme/BUGSBYTE-2026/.venv/lib/python3.14/site-packages/websockets/legacy/protocol.py", line 1144, in read_frame
    frame = await Frame.read(
            ^^^^^^^^^^^^^^^^^
    ...<4 lines>...
    )
    ^
  File "/home/guilherme/BUGSBYTE-2026/.venv/lib/python3.14/site-packages/websockets/legacy/framing.py", line 70, in read
    data = await reader(2)
           ^^^^^^^^^^^^^^^
  File "/usr/lib/python3.14/asyncio/streams.py", line 769, in readexactly
    await self._wait_for_data('readexactly')
  File "/usr/lib/python3.14/asyncio/streams.py", line 539, in _wait_for_data
    await self._waiter
asyncio.exceptions.CancelledError

The above exception was the direct cause of the following exception:

websockets.exceptions.ConnectionClosedError: sent 1011 (internal error) keepalive ping timeout; no close frame received
ConnectionClosedError exception in shielded future
future: <Future finished exception=ConnectionClosedError(None, Close(code=<CloseCode.INTERNAL_ERROR: 1011>, reason='keepalive ping timeout'), None)>
Traceback (most recent call last):
  File "/home/guilherme/BUGSBYTE-2026/.venv/lib/python3.14/site-packages/websockets/legacy/protocol.py", line 1276, in close_connection
    await self.transfer_data_task
  File "/home/guilherme/BUGSBYTE-2026/.venv/lib/python3.14/site-packages/websockets/legacy/protocol.py", line 940, in transfer_data
    message = await self.read_message()
              ^^^^^^^^^^^^^^^^^^^^^^^^^
  File "/home/guilherme/BUGSBYTE-2026/.venv/lib/python3.14/site-packages/websockets/legacy/protocol.py", line 1010, in read_message
    frame = await self.read_data_frame(max_size=self.max_size)
            ^^^^^^^^^^^^^^^^^^^^^^^^^^^^^^^^^^^^^^^^^^^^^^^^^^
  File "/home/guilherme/BUGSBYTE-2026/.venv/lib/python3.14/site-packages/websockets/legacy/protocol.py", line 1087, in read_data_frame
    frame = await self.read_frame(max_size)
            ^^^^^^^^^^^^^^^^^^^^^^^^^^^^^^^
  File "/home/guilherme/BUGSBYTE-2026/.venv/lib/python3.14/site-packages/websockets/legacy/protocol.py", line 1144, in read_frame
    frame = await Frame.read(
            ^^^^^^^^^^^^^^^^^
    ...<4 lines>...
    )
    ^
  File "/home/guilherme/BUGSBYTE-2026/.venv/lib/python3.14/site-packages/websockets/legacy/framing.py", line 70, in read
    data = await reader(2)
           ^^^^^^^^^^^^^^^
  File "/usr/lib/python3.14/asyncio/streams.py", line 769, in readexactly
    await self._wait_for_data('readexactly')
  File "/usr/lib/python3.14/asyncio/streams.py", line 539, in _wait_for_data
    await self._waiter
asyncio.exceptions.CancelledError

The above exception was the direct cause of the following exception:

websockets.exceptions.ConnectionClosedError: sent 1011 (internal error) keepalive ping timeout; no close frame received
ConnectionClosedError exception in shielded future
future: <Future finished exception=ConnectionClosedError(None, Close(code=<CloseCode.INTERNAL_ERROR: 1011>, reason='keepalive ping timeout'), None)>
Traceback (most recent call last):
  File "/home/guilherme/BUGSBYTE-2026/.venv/lib/python3.14/site-packages/websockets/legacy/protocol.py", line 1276, in close_connection
    await self.transfer_data_task
  File "/home/guilherme/BUGSBYTE-2026/.venv/lib/python3.14/site-packages/websockets/legacy/protocol.py", line 940, in transfer_data
    message = await self.read_message()
              ^^^^^^^^^^^^^^^^^^^^^^^^^
  File "/home/guilherme/BUGSBYTE-2026/.venv/lib/python3.14/site-packages/websockets/legacy/protocol.py", line 1010, in read_message
    frame = await self.read_data_frame(max_size=self.max_size)
            ^^^^^^^^^^^^^^^^^^^^^^^^^^^^^^^^^^^^^^^^^^^^^^^^^^
  File "/home/guilherme/BUGSBYTE-2026/.venv/lib/python3.14/site-packages/websockets/legacy/protocol.py", line 1087, in read_data_frame
    frame = await self.read_frame(max_size)
            ^^^^^^^^^^^^^^^^^^^^^^^^^^^^^^^
  File "/home/guilherme/BUGSBYTE-2026/.venv/lib/python3.14/site-packages/websockets/legacy/protocol.py", line 1144, in read_frame
    frame = await Frame.read(
            ^^^^^^^^^^^^^^^^^
    ...<4 lines>...
    )
    ^
  File "/home/guilherme/BUGSBYTE-2026/.venv/lib/python3.14/site-packages/websockets/legacy/framing.py", line 70, in read
    data = await reader(2)
           ^^^^^^^^^^^^^^^
  File "/usr/lib/python3.14/asyncio/streams.py", line 769, in readexactly
    await self._wait_for_data('readexactly')
  File "/usr/lib/python3.14/asyncio/streams.py", line 539, in _wait_for_data
    await self._waiter
asyncio.exceptions.CancelledError

The above exception was the direct cause of the following exception:

websockets.exceptions.ConnectionClosedError: sent 1011 (internal error) keepalive ping timeout; no close frame received
ConnectionClosedError exception in shielded future
future: <Future finished exception=ConnectionClosedError(None, Close(code=<CloseCode.INTERNAL_ERROR: 1011>, reason='keepalive ping timeout'), None)>
Traceback (most recent call last):
  File "/home/guilherme/BUGSBYTE-2026/.venv/lib/python3.14/site-packages/websockets/legacy/protocol.py", line 1276, in close_connection
    await self.transfer_data_task
  File "/home/guilherme/BUGSBYTE-2026/.venv/lib/python3.14/site-packages/websockets/legacy/protocol.py", line 940, in transfer_data
    message = await self.read_message()
              ^^^^^^^^^^^^^^^^^^^^^^^^^
  File "/home/guilherme/BUGSBYTE-2026/.venv/lib/python3.14/site-packages/websockets/legacy/protocol.py", line 1010, in read_message
    frame = await self.read_data_frame(max_size=self.max_size)
            ^^^^^^^^^^^^^^^^^^^^^^^^^^^^^^^^^^^^^^^^^^^^^^^^^^
  File "/home/guilherme/BUGSBYTE-2026/.venv/lib/python3.14/site-packages/websockets/legacy/protocol.py", line 1087, in read_data_frame
    frame = await self.read_frame(max_size)
            ^^^^^^^^^^^^^^^^^^^^^^^^^^^^^^^
  File "/home/guilherme/BUGSBYTE-2026/.venv/lib/python3.14/site-packages/websockets/legacy/protocol.py", line 1144, in read_frame
    frame = await Frame.read(
            ^^^^^^^^^^^^^^^^^
    ...<4 lines>...
    )
    ^
  File "/home/guilherme/BUGSBYTE-2026/.venv/lib/python3.14/site-packages/websockets/legacy/framing.py", line 70, in read
    data = await reader(2)
           ^^^^^^^^^^^^^^^
  File "/usr/lib/python3.14/asyncio/streams.py", line 769, in readexactly
    await self._wait_for_data('readexactly')
  File "/usr/lib/python3.14/asyncio/streams.py", line 539, in _wait_for_data
    await self._waiter
asyncio.exceptions.CancelledError

The above exception was the direct cause of the following exception:

websockets.exceptions.ConnectionClosedError: sent 1011 (internal error) keepalive ping timeout; no close frame received
ConnectionClosedError exception in shielded future
future: <Future finished exception=ConnectionClosedError(None, Close(code=<CloseCode.INTERNAL_ERROR: 1011>, reason='keepalive ping timeout'), None)>
Traceback (most recent call last):
  File "/home/guilherme/BUGSBYTE-2026/.venv/lib/python3.14/site-packages/websockets/legacy/protocol.py", line 1276, in close_connection
    await self.transfer_data_task
  File "/home/guilherme/BUGSBYTE-2026/.venv/lib/python3.14/site-packages/websockets/legacy/protocol.py", line 940, in transfer_data
    message = await self.read_message()
              ^^^^^^^^^^^^^^^^^^^^^^^^^
  File "/home/guilherme/BUGSBYTE-2026/.venv/lib/python3.14/site-packages/websockets/legacy/protocol.py", line 1010, in read_message
    frame = await self.read_data_frame(max_size=self.max_size)
            ^^^^^^^^^^^^^^^^^^^^^^^^^^^^^^^^^^^^^^^^^^^^^^^^^^
  File "/home/guilherme/BUGSBYTE-2026/.venv/lib/python3.14/site-packages/websockets/legacy/protocol.py", line 1087, in read_data_frame
    frame = await self.read_frame(max_size)
            ^^^^^^^^^^^^^^^^^^^^^^^^^^^^^^^
  File "/home/guilherme/BUGSBYTE-2026/.venv/lib/python3.14/site-packages/websockets/legacy/protocol.py", line 1144, in read_frame
    frame = await Frame.read(
            ^^^^^^^^^^^^^^^^^
    ...<4 lines>...
    )
    ^
  File "/home/guilherme/BUGSBYTE-2026/.venv/lib/python3.14/site-packages/websockets/legacy/framing.py", line 70, in read
    data = await reader(2)
           ^^^^^^^^^^^^^^^
  File "/usr/lib/python3.14/asyncio/streams.py", line 769, in readexactly
    await self._wait_for_data('readexactly')
  File "/usr/lib/python3.14/asyncio/streams.py", line 539, in _wait_for_data
    await self._waiter
asyncio.exceptions.CancelledError

The above exception was the direct cause of the following exception:

websockets.exceptions.ConnectionClosedError: sent 1011 (internal error) keepalive ping timeout; no close frame received
INFO:     127.0.0.1:56662 - "GET /api/arbitrage/opportunities?limit=500&simulation_volume_usd=1000 HTTP/1.1" 200 OK
INFO:     127.0.0.1:56672 - "GET /api/arbitrage/trades?limit=5000 HTTP/1.1" 200 OK
INFO:     127.0.0.1:56662 - "GET /api/arbitrage/opportunities?limit=500&simulation_volume_usd=1000 HTTP/1.1" 200 OK
INFO:     127.0.0.1:56672 - "GET /api/arbitrage/trades?limit=5000 HTTP/1.1" 200 OK
ConnectionClosedError exception in shielded future
future: <Future finished exception=ConnectionClosedError(None, Close(code=<CloseCode.INTERNAL_ERROR: 1011>, reason='keepalive ping timeout'), None)>
Traceback (most recent call last):
  File "/home/guilherme/BUGSBYTE-2026/.venv/lib/python3.14/site-packages/websockets/legacy/protocol.py", line 1276, in close_connection
    await self.transfer_data_task
  File "/home/guilherme/BUGSBYTE-2026/.venv/lib/python3.14/site-packages/websockets/legacy/protocol.py", line 940, in transfer_data
    message = await self.read_message()
              ^^^^^^^^^^^^^^^^^^^^^^^^^
  File "/home/guilherme/BUGSBYTE-2026/.venv/lib/python3.14/site-packages/websockets/legacy/protocol.py", line 1010, in read_message
    frame = await self.read_data_frame(max_size=self.max_size)
            ^^^^^^^^^^^^^^^^^^^^^^^^^^^^^^^^^^^^^^^^^^^^^^^^^^
  File "/home/guilherme/BUGSBYTE-2026/.venv/lib/python3.14/site-packages/websockets/legacy/protocol.py", line 1087, in read_data_frame
    frame = await self.read_frame(max_size)
            ^^^^^^^^^^^^^^^^^^^^^^^^^^^^^^^
  File "/home/guilherme/BUGSBYTE-2026/.venv/lib/python3.14/site-packages/websockets/legacy/protocol.py", line 1144, in read_frame
    frame = await Frame.read(
            ^^^^^^^^^^^^^^^^^
    ...<4 lines>...
    )
    ^
  File "/home/guilherme/BUGSBYTE-2026/.venv/lib/python3.14/site-packages/websockets/legacy/framing.py", line 70, in read
    data = await reader(2)
           ^^^^^^^^^^^^^^^
  File "/usr/lib/python3.14/asyncio/streams.py", line 769, in readexactly
    await self._wait_for_data('readexactly')
  File "/usr/lib/python3.14/asyncio/streams.py", line 539, in _wait_for_data
    await self._waiter
asyncio.exceptions.CancelledError

The above exception was the direct cause of the following exception:

websockets.exceptions.ConnectionClosedError: sent 1011 (internal error) keepalive ping timeout; no close frame received
ConnectionClosedError exception in shielded future
future: <Future finished exception=ConnectionClosedError(None, Close(code=<CloseCode.INTERNAL_ERROR: 1011>, reason='keepalive ping timeout'), None)>
Traceback (most recent call last):
  File "/home/guilherme/BUGSBYTE-2026/.venv/lib/python3.14/site-packages/websockets/legacy/protocol.py", line 1276, in close_connection
    await self.transfer_data_task
  File "/home/guilherme/BUGSBYTE-2026/.venv/lib/python3.14/site-packages/websockets/legacy/protocol.py", line 940, in transfer_data
    message = await self.read_message()
              ^^^^^^^^^^^^^^^^^^^^^^^^^
  File "/home/guilherme/BUGSBYTE-2026/.venv/lib/python3.14/site-packages/websockets/legacy/protocol.py", line 1010, in read_message
    frame = await self.read_data_frame(max_size=self.max_size)
            ^^^^^^^^^^^^^^^^^^^^^^^^^^^^^^^^^^^^^^^^^^^^^^^^^^
  File "/home/guilherme/BUGSBYTE-2026/.venv/lib/python3.14/site-packages/websockets/legacy/protocol.py", line 1087, in read_data_frame
    frame = await self.read_frame(max_size)
            ^^^^^^^^^^^^^^^^^^^^^^^^^^^^^^^
  File "/home/guilherme/BUGSBYTE-2026/.venv/lib/python3.14/site-packages/websockets/legacy/protocol.py", line 1144, in read_frame
    frame = await Frame.read(
            ^^^^^^^^^^^^^^^^^
    ...<4 lines>...
    )
    ^
  File "/home/guilherme/BUGSBYTE-2026/.venv/lib/python3.14/site-packages/websockets/legacy/framing.py", line 70, in read
    data = await reader(2)
           ^^^^^^^^^^^^^^^
  File "/usr/lib/python3.14/asyncio/streams.py", line 769, in readexactly
    await self._wait_for_data('readexactly')
  File "/usr/lib/python3.14/asyncio/streams.py", line 539, in _wait_for_data
    await self._waiter
asyncio.exceptions.CancelledError

The above exception was the direct cause of the following exception:

websockets.exceptions.ConnectionClosedError: sent 1011 (internal error) keepalive ping timeout; no close frame received
ConnectionClosedError exception in shielded future
future: <Future finished exception=ConnectionClosedError(None, Close(code=<CloseCode.INTERNAL_ERROR: 1011>, reason='keepalive ping timeout'), None)>
Traceback (most recent call last):
  File "/home/guilherme/BUGSBYTE-2026/.venv/lib/python3.14/site-packages/websockets/legacy/protocol.py", line 1276, in close_connection
    await self.transfer_data_task
  File "/home/guilherme/BUGSBYTE-2026/.venv/lib/python3.14/site-packages/websockets/legacy/protocol.py", line 940, in transfer_data
    message = await self.read_message()
              ^^^^^^^^^^^^^^^^^^^^^^^^^
  File "/home/guilherme/BUGSBYTE-2026/.venv/lib/python3.14/site-packages/websockets/legacy/protocol.py", line 1010, in read_message
    frame = await self.read_data_frame(max_size=self.max_size)
            ^^^^^^^^^^^^^^^^^^^^^^^^^^^^^^^^^^^^^^^^^^^^^^^^^^
  File "/home/guilherme/BUGSBYTE-2026/.venv/lib/python3.14/site-packages/websockets/legacy/protocol.py", line 1087, in read_data_frame
    frame = await self.read_frame(max_size)
            ^^^^^^^^^^^^^^^^^^^^^^^^^^^^^^^
  File "/home/guilherme/BUGSBYTE-2026/.venv/lib/python3.14/site-packages/websockets/legacy/protocol.py", line 1144, in read_frame
    frame = await Frame.read(
            ^^^^^^^^^^^^^^^^^
    ...<4 lines>...
    )
    ^
  File "/home/guilherme/BUGSBYTE-2026/.venv/lib/python3.14/site-packages/websockets/legacy/framing.py", line 70, in read
    data = await reader(2)
           ^^^^^^^^^^^^^^^
  File "/usr/lib/python3.14/asyncio/streams.py", line 769, in readexactly
    await self._wait_for_data('readexactly')
  File "/usr/lib/python3.14/asyncio/streams.py", line 539, in _wait_for_data
    await self._waiter
asyncio.exceptions.CancelledError

The above exception was the direct cause of the following exception:

websockets.exceptions.ConnectionClosedError: sent 1011 (internal error) keepalive ping timeout; no close frame received
ConnectionClosedError exception in shielded future
future: <Future finished exception=ConnectionClosedError(None, Close(code=<CloseCode.INTERNAL_ERROR: 1011>, reason='keepalive ping timeout'), None)>
Traceback (most recent call last):
  File "/home/guilherme/BUGSBYTE-2026/.venv/lib/python3.14/site-packages/websockets/legacy/protocol.py", line 1276, in close_connection
    await self.transfer_data_task
  File "/home/guilherme/BUGSBYTE-2026/.venv/lib/python3.14/site-packages/websockets/legacy/protocol.py", line 940, in transfer_data
    message = await self.read_message()
              ^^^^^^^^^^^^^^^^^^^^^^^^^
  File "/home/guilherme/BUGSBYTE-2026/.venv/lib/python3.14/site-packages/websockets/legacy/protocol.py", line 1010, in read_message
    frame = await self.read_data_frame(max_size=self.max_size)
            ^^^^^^^^^^^^^^^^^^^^^^^^^^^^^^^^^^^^^^^^^^^^^^^^^^
  File "/home/guilherme/BUGSBYTE-2026/.venv/lib/python3.14/site-packages/websockets/legacy/protocol.py", line 1087, in read_data_frame
    frame = await self.read_frame(max_size)
            ^^^^^^^^^^^^^^^^^^^^^^^^^^^^^^^
  File "/home/guilherme/BUGSBYTE-2026/.venv/lib/python3.14/site-packages/websockets/legacy/protocol.py", line 1144, in read_frame
    frame = await Frame.read(
            ^^^^^^^^^^^^^^^^^
    ...<4 lines>...
    )
    ^
  File "/home/guilherme/BUGSBYTE-2026/.venv/lib/python3.14/site-packages/websockets/legacy/framing.py", line 70, in read
    data = await reader(2)
           ^^^^^^^^^^^^^^^
  File "/usr/lib/python3.14/asyncio/streams.py", line 769, in readexactly
    await self._wait_for_data('readexactly')
  File "/usr/lib/python3.14/asyncio/streams.py", line 539, in _wait_for_data
    await self._waiter
asyncio.exceptions.CancelledError

The above exception was the direct cause of the following exception:

websockets.exceptions.ConnectionClosedError: sent 1011 (internal error) keepalive ping timeout; no close frame received
INFO:     127.0.0.1:56662 - "GET /api/arbitrage/opportunities?limit=500&simulation_volume_usd=1000 HTTP/1.1" 200 OK
INFO:     127.0.0.1:56672 - "GET /api/arbitrage/trades?limit=5000 HTTP/1.1" 200 OK
INFO:     127.0.0.1:56662 - "GET /api/arbitrage/opportunities?limit=500&simulation_volume_usd=1000 HTTP/1.1" 200 OK
INFO:     127.0.0.1:56672 - "GET /api/arbitrage/trades?limit=5000 HTTP/1.1" 200 OK
INFO:     127.0.0.1:56662 - "GET /api/arbitrage/opportunities?limit=500&simulation_volume_usd=1000 HTTP/1.1" 200 OK
INFO:     127.0.0.1:56672 - "GET /api/arbitrage/trades?limit=5000 HTTP/1.1" 200 OK
INFO:     127.0.0.1:56662 - "GET /api/arbitrage/opportunities?limit=500&simulation_volume_usd=1000 HTTP/1.1" 200 OK
INFO:     127.0.0.1:56672 - "GET /api/arbitrage/trades?limit=5000 HTTP/1.1" 200 OK
INFO:     127.0.0.1:56662 - "GET /api/arbitrage/opportunities?limit=500&simulation_volume_usd=1000 HTTP/1.1" 200 OK
INFO:     127.0.0.1:56672 - "GET /api/arbitrage/trades?limit=5000 HTTP/1.1" 200 OK
INFO:     127.0.0.1:56662 - "GET /api/arbitrage/opportunities?limit=500&simulation_volume_usd=1000 HTTP/1.1" 200 OK
INFO:     127.0.0.1:56672 - "GET /api/arbitrage/trades?limit=5000 HTTP/1.1" 200 OK
INFO:     127.0.0.1:56662 - "GET /api/arbitrage/opportunities?limit=500&simulation_volume_usd=1000 HTTP/1.1" 200 OK
INFO:     127.0.0.1:56672 - "GET /api/arbitrage/trades?limit=5000 HTTP/1.1" 200 OK
INFO:     127.0.0.1:56662 - "GET /api/arbitrage/opportunities?limit=500&simulation_volume_usd=1000 HTTP/1.1" 200 OK
INFO:     127.0.0.1:56672 - "GET /api/arbitrage/trades?limit=5000 HTTP/1.1" 200 OK
INFO:     127.0.0.1:56662 - "GET /api/arbitrage/opportunities?limit=500&simulation_volume_usd=1000 HTTP/1.1" 200 OK
INFO:     127.0.0.1:56672 - "GET /api/arbitrage/trades?limit=5000 HTTP/1.1" 200 OK
INFO:     127.0.0.1:56662 - "GET /api/arbitrage/opportunities?limit=500&simulation_volume_usd=1000 HTTP/1.1" 200 OK
INFO:     127.0.0.1:56672 - "GET /api/arbitrage/trades?limit=5000 HTTP/1.1" 200 OK
INFO:     127.0.0.1:56662 - "GET /api/arbitrage/opportunities?limit=500&simulation_volume_usd=1000 HTTP/1.1" 200 OK
INFO:     127.0.0.1:56672 - "GET /api/arbitrage/trades?limit=5000 HTTP/1.1" 200 OK
INFO:     127.0.0.1:56662 - "GET /api/arbitrage/opportunities?limit=500&simulation_volume_usd=1000 HTTP/1.1" 200 OK
INFO:     127.0.0.1:56672 - "GET /api/arbitrage/trades?limit=5000 HTTP/1.1" 200 OK
INFO:     127.0.0.1:56662 - "GET /api/arbitrage/opportunities?limit=500&simulation_volume_usd=1000 HTTP/1.1" 200 OK
INFO:     127.0.0.1:56672 - "GET /api/arbitrage/trades?limit=5000 HTTP/1.1" 200 OK
INFO:     127.0.0.1:56662 - "GET /api/arbitrage/opportunities?limit=500&simulation_volume_usd=1000 HTTP/1.1" 200 OK
INFO:     127.0.0.1:56672 - "GET /api/arbitrage/trades?limit=5000 HTTP/1.1" 200 OK
INFO:     127.0.0.1:56662 - "GET /api/arbitrage/opportunities?limit=500&simulation_volume_usd=1000 HTTP/1.1" 200 OK
INFO:     127.0.0.1:56672 - "GET /api/arbitrage/trades?limit=5000 HTTP/1.1" 200 OK
INFO:     127.0.0.1:56662 - "GET /api/arbitrage/opportunities?limit=500&simulation_volume_usd=1000 HTTP/1.1" 200 OK
INFO:     127.0.0.1:56672 - "GET /api/arbitrage/trades?limit=5000 HTTP/1.1" 200 OK
INFO:     127.0.0.1:56662 - "GET /api/arbitrage/opportunities?limit=500&simulation_volume_usd=1000 HTTP/1.1" 200 OK
INFO:     127.0.0.1:56672 - "GET /api/arbitrage/trades?limit=5000 HTTP/1.1" 200 OK
INFO:     127.0.0.1:56662 - "GET /api/arbitrage/opportunities?limit=500&simulation_volume_usd=1000 HTTP/1.1" 200 OK
INFO:     127.0.0.1:56672 - "GET /api/arbitrage/trades?limit=5000 HTTP/1.1" 200 OK
INFO:     127.0.0.1:56662 - "GET /api/arbitrage/opportunities?limit=500&simulation_volume_usd=1000 HTTP/1.1" 200 OK
INFO:     127.0.0.1:56672 - "GET /api/arbitrage/trades?limit=5000 HTTP/1.1" 200 OK
INFO:     127.0.0.1:56662 - "GET /api/arbitrage/opportunities?limit=500&simulation_volume_usd=1000 HTTP/1.1" 200 OK
INFO:     127.0.0.1:56672 - "GET /api/arbitrage/trades?limit=5000 HTTP/1.1" 200 OK
INFO:     127.0.0.1:56662 - "GET /api/arbitrage/opportunities?limit=500&simulation_volume_usd=1000 HTTP/1.1" 200 OK
INFO:     127.0.0.1:56672 - "GET /api/arbitrage/trades?limit=5000 HTTP/1.1" 200 OK
INFO:     127.0.0.1:56662 - "GET /api/arbitrage/opportunities?limit=500&simulation_volume_usd=1000 HTTP/1.1" 200 OK
INFO:     127.0.0.1:56672 - "GET /api/arbitrage/trades?limit=5000 HTTP/1.1" 200 OK
INFO:     127.0.0.1:56662 - "GET /api/arbitrage/opportunities?limit=500&simulation_volume_usd=1000 HTTP/1.1" 200 OK
INFO:     127.0.0.1:56672 - "GET /api/arbitrage/trades?limit=5000 HTTP/1.1" 200 OK
INFO:     127.0.0.1:56662 - "GET /api/arbitrage/opportunities?limit=500&simulation_volume_usd=1000 HTTP/1.1" 200 OK
INFO:     127.0.0.1:56672 - "GET /api/arbitrage/trades?limit=5000 HTTP/1.1" 200 OK
INFO:     127.0.0.1:56662 - "POST /api/arbitrage/simulation-volume HTTP/1.1" 200 OK
INFO:     127.0.0.1:56662 - "GET /api/arbitrage/opportunities?limit=500&simulation_volume_usd=1000 HTTP/1.1" 200 OK
INFO:     127.0.0.1:56672 - "GET /api/arbitrage/trades?limit=5000 HTTP/1.1" 200 OK
INFO:     127.0.0.1:56662 - "GET /api/arbitrage/opportunities?limit=500&simulation_volume_usd=1000 HTTP/1.1" 200 OK
INFO:     127.0.0.1:56672 - "GET /api/arbitrage/trades?limit=5000 HTTP/1.1" 200 OK
INFO:     127.0.0.1:56662 - "GET /api/arbitrage/opportunities?limit=500&simulation_volume_usd=1000 HTTP/1.1" 200 OK
INFO:     127.0.0.1:56672 - "GET /api/arbitrage/trades?limit=5000 HTTP/1.1" 200 OK
INFO:     127.0.0.1:56662 - "GET /api/arbitrage/opportunities?limit=500&simulation_volume_usd=1000 HTTP/1.1" 200 OK
INFO:     127.0.0.1:56672 - "GET /api/arbitrage/trades?limit=5000 HTTP/1.1" 200 OK
INFO:     127.0.0.1:56662 - "GET /api/arbitrage/opportunities?limit=500&simulation_volume_usd=1000 HTTP/1.1" 200 OK
INFO:     127.0.0.1:56672 - "GET /api/arbitrage/trades?limit=5000 HTTP/1.1" 200 OK
INFO:     127.0.0.1:56662 - "GET /api/arbitrage/opportunities?limit=500&simulation_volume_usd=1000 HTTP/1.1" 200 OK
INFO:     127.0.0.1:56672 - "GET /api/arbitrage/trades?limit=5000 HTTP/1.1" 200 OK
INFO:     127.0.0.1:56662 - "GET /api/arbitrage/opportunities?limit=500&simulation_volume_usd=1000 HTTP/1.1" 200 OK
INFO:     127.0.0.1:56672 - "GET /api/arbitrage/trades?limit=5000 HTTP/1.1" 200 OK
INFO:     127.0.0.1:56662 - "GET /api/arbitrage/opportunities?limit=500&simulation_volume_usd=1000 HTTP/1.1" 200 OK
INFO:     127.0.0.1:56672 - "GET /api/arbitrage/trades?limit=5000 HTTP/1.1" 200 OK
INFO:     127.0.0.1:56662 - "GET /api/arbitrage/opportunities?limit=500&simulation_volume_usd=1000 HTTP/1.1" 200 OK
INFO:     127.0.0.1:56672 - "GET /api/arbitrage/trades?limit=5000 HTTP/1.1" 200 OK
INFO:     127.0.0.1:56662 - "GET /api/arbitrage/opportunities?limit=500&simulation_volume_usd=1000 HTTP/1.1" 200 OK
INFO:     127.0.0.1:56672 - "GET /api/arbitrage/trades?limit=5000 HTTP/1.1" 200 OK
INFO:     127.0.0.1:56662 - "POST /api/arbitrage/simulation-volume HTTP/1.1" 200 OK
INFO:     127.0.0.1:56662 - "GET /api/arbitrage/opportunities?limit=500&simulation_volume_usd=1000 HTTP/1.1" 200 OK
INFO:     127.0.0.1:56672 - "GET /api/arbitrage/trades?limit=5000 HTTP/1.1" 200 OK
INFO:     127.0.0.1:56662 - "GET /api/arbitrage/opportunities?limit=500&simulation_volume_usd=1000 HTTP/1.1" 200 OK
INFO:     127.0.0.1:56672 - "GET /api/arbitrage/trades?limit=5000 HTTP/1.1" 200 OK
INFO:     127.0.0.1:56662 - "GET /api/arbitrage/opportunities?limit=500&simulation_volume_usd=1000 HTTP/1.1" 200 OK
INFO:     127.0.0.1:56672 - "GET /api/arbitrage/trades?limit=5000 HTTP/1.1" 200 OK
INFO:     127.0.0.1:56662 - "OPTIONS /api/arbitrage/simulation-volume HTTP/1.1" 200 OK
INFO:     127.0.0.1:56662 - "POST /api/arbitrage/simulation-volume HTTP/1.1" 200 OK
INFO:     127.0.0.1:56662 - "GET /api/arbitrage/opportunities?limit=500&simulation_volume_usd=1000 HTTP/1.1" 200 OK
INFO:     127.0.0.1:56672 - "GET /api/arbitrage/trades?limit=5000 HTTP/1.1" 200 OK
INFO:     127.0.0.1:56662 - "GET /api/arbitrage/opportunities?limit=500&simulation_volume_usd=1000 HTTP/1.1" 200 OK
INFO:     127.0.0.1:56672 - "GET /api/arbitrage/trades?limit=5000 HTTP/1.1" 200 OK
INFO:     127.0.0.1:56662 - "GET /api/arbitrage/opportunities?limit=500&simulation_volume_usd=1000 HTTP/1.1" 200 OK
INFO:     127.0.0.1:56672 - "GET /api/arbitrage/trades?limit=5000 HTTP/1.1" 200 OK
INFO:     127.0.0.1:56662 - "GET /api/arbitrage/opportunities?limit=500&simulation_volume_usd=1000 HTTP/1.1" 200 OK
INFO:     127.0.0.1:56672 - "GET /api/arbitrage/trades?limit=5000 HTTP/1.1" 200 OK
INFO:     127.0.0.1:56662 - "GET /api/arbitrage/opportunities?limit=500&simulation_volume_usd=1000 HTTP/1.1" 200 OK
INFO:     127.0.0.1:56672 - "GET /api/arbitrage/trades?limit=5000 HTTP/1.1" 200 OK
INFO:     127.0.0.1:56662 - "GET /api/arbitrage/opportunities?limit=500&simulation_volume_usd=1000 HTTP/1.1" 200 OK
INFO:     127.0.0.1:56672 - "GET /api/arbitrage/trades?limit=5000 HTTP/1.1" 200 OK
INFO:     127.0.0.1:56662 - "GET /api/arbitrage/opportunities?limit=500&simulation_volume_usd=1000 HTTP/1.1" 200 OK
INFO:     127.0.0.1:56672 - "GET /api/arbitrage/trades?limit=5000 HTTP/1.1" 200 OK
INFO:     127.0.0.1:56662 - "GET /api/arbitrage/opportunities?limit=500&simulation_volume_usd=1000 HTTP/1.1" 200 OK
INFO:     127.0.0.1:56672 - "GET /api/arbitrage/trades?limit=5000 HTTP/1.1" 200 OK
INFO:     127.0.0.1:56662 - "GET /api/arbitrage/opportunities?limit=500&simulation_volume_usd=1000 HTTP/1.1" 200 OK
INFO:     127.0.0.1:56672 - "GET /api/arbitrage/trades?limit=5000 HTTP/1.1" 200 OK
INFO:     127.0.0.1:56662 - "GET /api/arbitrage/opportunities?limit=500&simulation_volume_usd=1000 HTTP/1.1" 200 OK
INFO:     127.0.0.1:56672 - "GET /api/arbitrage/trades?limit=5000 HTTP/1.1" 200 OK
INFO:     127.0.0.1:56662 - "GET /api/arbitrage/opportunities?limit=500&simulation_volume_usd=1000 HTTP/1.1" 200 OK
INFO:     127.0.0.1:56672 - "GET /api/arbitrage/trades?limit=5000 HTTP/1.1" 200 OK
INFO:     127.0.0.1:56662 - "GET /api/arbitrage/opportunities?limit=500&simulation_volume_usd=1000 HTTP/1.1" 200 OK
INFO:     127.0.0.1:56672 - "GET /api/arbitrage/trades?limit=5000 HTTP/1.1" 200 OK
INFO:     127.0.0.1:56662 - "GET /api/arbitrage/opportunities?limit=500&simulation_volume_usd=1000 HTTP/1.1" 200 OK
INFO:     127.0.0.1:56672 - "GET /api/arbitrage/trades?limit=5000 HTTP/1.1" 200 OK
INFO:     127.0.0.1:56662 - "GET /api/arbitrage/opportunities?limit=500&simulation_volume_usd=1000 HTTP/1.1" 200 OK
INFO:     127.0.0.1:56672 - "GET /api/arbitrage/trades?limit=5000 HTTP/1.1" 200 OK
INFO:     127.0.0.1:56662 - "GET /api/arbitrage/opportunities?limit=500&simulation_volume_usd=1000 HTTP/1.1" 200 OK
INFO:     127.0.0.1:56672 - "GET /api/arbitrage/trades?limit=5000 HTTP/1.1" 200 OK
INFO:     127.0.0.1:56662 - "GET /api/arbitrage/opportunities?limit=500&simulation_volume_usd=1000 HTTP/1.1" 200 OK
INFO:     127.0.0.1:56672 - "GET /api/arbitrage/trades?limit=5000 HTTP/1.1" 200 OK
INFO:     127.0.0.1:56662 - "GET /api/arbitrage/opportunities?limit=500&simulation_volume_usd=1000 HTTP/1.1" 200 OK
INFO:     127.0.0.1:56672 - "GET /api/arbitrage/trades?limit=5000 HTTP/1.1" 200 OK
INFO:     127.0.0.1:56662 - "GET /api/arbitrage/opportunities?limit=500&simulation_volume_usd=1000 HTTP/1.1" 200 OK
INFO:     127.0.0.1:56672 - "GET /api/arbitrage/trades?limit=5000 HTTP/1.1" 200 OK
INFO:     127.0.0.1:56662 - "GET /api/arbitrage/opportunities?limit=500&simulation_volume_usd=1000 HTTP/1.1" 200 OK
INFO:     127.0.0.1:56672 - "GET /api/arbitrage/trades?limit=5000 HTTP/1.1" 200 OK
INFO:     127.0.0.1:56662 - "GET /api/arbitrage/opportunities?limit=500&simulation_volume_usd=1000 HTTP/1.1" 200 OK
INFO:     127.0.0.1:56672 - "GET /api/arbitrage/trades?limit=5000 HTTP/1.1" 200 OK
INFO:     127.0.0.1:56662 - "GET /api/arbitrage/opportunities?limit=500&simulation_volume_usd=1000 HTTP/1.1" 200 OK
INFO:     127.0.0.1:56672 - "GET /api/arbitrage/trades?limit=5000 HTTP/1.1" 200 OK
INFO:     127.0.0.1:56662 - "GET /api/arbitrage/opportunities?limit=500&simulation_volume_usd=1000 HTTP/1.1" 200 OK
INFO:     127.0.0.1:56672 - "GET /api/arbitrage/trades?limit=5000 HTTP/1.1" 200 OK
INFO:     127.0.0.1:56662 - "GET /api/arbitrage/opportunities?limit=500&simulation_volume_usd=1000 HTTP/1.1" 200 OK
INFO:     127.0.0.1:56672 - "GET /api/arbitrage/trades?limit=5000 HTTP/1.1" 200 OK
INFO:     127.0.0.1:56662 - "GET /api/arbitrage/opportunities?limit=500&simulation_volume_usd=1000 HTTP/1.1" 200 OK
INFO:     127.0.0.1:56672 - "GET /api/arbitrage/trades?limit=5000 HTTP/1.1" 200 OK
INFO:     127.0.0.1:56662 - "GET /api/arbitrage/opportunities?limit=500&simulation_volume_usd=1000 HTTP/1.1" 200 OK
INFO:     127.0.0.1:56672 - "GET /api/arbitrage/trades?limit=5000 HTTP/1.1" 200 OK
INFO:     127.0.0.1:56662 - "GET /api/arbitrage/opportunities?limit=500&simulation_volume_usd=1000 HTTP/1.1" 200 OK
INFO:     127.0.0.1:56672 - "GET /api/arbitrage/trades?limit=5000 HTTP/1.1" 200 OK
INFO:     127.0.0.1:56662 - "GET /api/arbitrage/opportunities?limit=500&simulation_volume_usd=1000 HTTP/1.1" 200 OK
INFO:     127.0.0.1:56672 - "GET /api/arbitrage/trades?limit=5000 HTTP/1.1" 200 OK
INFO:     connection closed
INFO:     127.0.0.1:41622 - "WebSocket /ws/arbitrage" [accepted]
INFO:     127.0.0.1:56662 - "POST /api/arbitrage/simulation-volume HTTP/1.1" 200 OK
INFO:     connection open
INFO:     127.0.0.1:56672 - "POST /api/arbitrage/simulation-volume HTTP/1.1" 200 OK
INFO:     127.0.0.1:56662 - "GET /api/arbitrage/opportunities?limit=500&simulation_volume_usd=1000 HTTP/1.1" 200 OK
INFO:     127.0.0.1:56672 - "GET /api/arbitrage/trades?limit=5000 HTTP/1.1" 200 OK
INFO:     127.0.0.1:56662 - "GET /api/arbitrage/opportunities?limit=500&simulation_volume_usd=1000 HTTP/1.1" 200 OK
INFO:     127.0.0.1:56672 - "GET /api/arbitrage/trades?limit=5000 HTTP/1.1" 200 OK
INFO:     127.0.0.1:56662 - "GET /api/arbitrage/opportunities?limit=500&simulation_volume_usd=1000 HTTP/1.1" 200 OK
INFO:     127.0.0.1:56672 - "GET /api/arbitrage/trades?limit=5000 HTTP/1.1" 200 OK
INFO:     127.0.0.1:56662 - "GET /api/arbitrage/opportunities?limit=500&simulation_volume_usd=1000 HTTP/1.1" 200 OK
INFO:     127.0.0.1:56672 - "GET /api/arbitrage/trades?limit=5000 HTTP/1.1" 200 OK
INFO:     127.0.0.1:56662 - "GET /api/arbitrage/opportunities?limit=500&simulation_volume_usd=1000 HTTP/1.1" 200 OK
INFO:     127.0.0.1:56672 - "GET /api/arbitrage/trades?limit=5000 HTTP/1.1" 200 OK
INFO:     127.0.0.1:56662 - "GET /api/arbitrage/opportunities?limit=500&simulation_volume_usd=1000 HTTP/1.1" 200 OK
INFO:     127.0.0.1:56672 - "GET /api/arbitrage/trades?limit=5000 HTTP/1.1" 200 OK
INFO:     127.0.0.1:56662 - "GET /api/arbitrage/opportunities?limit=500&simulation_volume_usd=1000 HTTP/1.1" 200 OK
INFO:     127.0.0.1:56672 - "GET /api/arbitrage/trades?limit=5000 HTTP/1.1" 200 OK
INFO:     127.0.0.1:56662 - "GET /api/arbitrage/opportunities?limit=500&simulation_volume_usd=1000 HTTP/1.1" 200 OK
INFO:     127.0.0.1:56672 - "GET /api/arbitrage/trades?limit=5000 HTTP/1.1" 200 OK
INFO:     127.0.0.1:56662 - "GET /api/arbitrage/opportunities?limit=500&simulation_volume_usd=1000 HTTP/1.1" 200 OK
INFO:     127.0.0.1:56672 - "GET /api/arbitrage/trades?limit=5000 HTTP/1.1" 200 OK
INFO:     127.0.0.1:56662 - "GET /api/arbitrage/opportunities?limit=500&simulation_volume_usd=1000 HTTP/1.1" 200 OK
INFO:     127.0.0.1:56672 - "GET /api/arbitrage/trades?limit=5000 HTTP/1.1" 200 OK
INFO:     127.0.0.1:56662 - "GET /api/arbitrage/opportunities?limit=500&simulation_volume_usd=1000 HTTP/1.1" 200 OK
INFO:     127.0.0.1:56672 - "GET /api/arbitrage/trades?limit=5000 HTTP/1.1" 200 OK
INFO:     127.0.0.1:56662 - "GET /api/arbitrage/opportunities?limit=500&simulation_volume_usd=1000 HTTP/1.1" 200 OK
INFO:     127.0.0.1:56672 - "GET /api/arbitrage/trades?limit=5000 HTTP/1.1" 200 OK
INFO:     127.0.0.1:56662 - "GET /api/arbitrage/opportunities?limit=500&simulation_volume_usd=1000 HTTP/1.1" 200 OK
INFO:     127.0.0.1:56672 - "GET /api/arbitrage/trades?limit=5000 HTTP/1.1" 200 OK
INFO:     127.0.0.1:56662 - "GET /api/arbitrage/opportunities?limit=500&simulation_volume_usd=1000 HTTP/1.1" 200 OK
INFO:     127.0.0.1:56672 - "GET /api/arbitrage/trades?limit=5000 HTTP/1.1" 200 OK
INFO:     127.0.0.1:56662 - "GET /api/arbitrage/opportunities?limit=500&simulation_volume_usd=1000 HTTP/1.1" 200 OK
INFO:     127.0.0.1:56672 - "GET /api/arbitrage/trades?limit=5000 HTTP/1.1" 200 OK
INFO:     127.0.0.1:56662 - "GET /api/arbitrage/opportunities?limit=500&simulation_volume_usd=1000 HTTP/1.1" 200 OK
INFO:     127.0.0.1:56672 - "GET /api/arbitrage/trades?limit=5000 HTTP/1.1" 200 OK
INFO:     127.0.0.1:56662 - "GET /api/arbitrage/opportunities?limit=500&simulation_volume_usd=1000 HTTP/1.1" 200 OK
INFO:     127.0.0.1:56672 - "GET /api/arbitrage/trades?limit=5000 HTTP/1.1" 200 OK
INFO:     127.0.0.1:56662 - "GET /api/arbitrage/opportunities?limit=500&simulation_volume_usd=1000 HTTP/1.1" 200 OK
INFO:     127.0.0.1:56672 - "GET /api/arbitrage/trades?limit=5000 HTTP/1.1" 200 OK
INFO:     127.0.0.1:56662 - "GET /api/arbitrage/opportunities?limit=500&simulation_volume_usd=1000 HTTP/1.1" 200 OK
INFO:     127.0.0.1:56672 - "GET /api/arbitrage/trades?limit=5000 HTTP/1.1" 200 OK
INFO:     127.0.0.1:56662 - "GET /api/arbitrage/opportunities?limit=500&simulation_volume_usd=1000 HTTP/1.1" 200 OK
INFO:     127.0.0.1:56672 - "GET /api/arbitrage/trades?limit=5000 HTTP/1.1" 200 OK
INFO:     127.0.0.1:56662 - "GET /api/arbitrage/opportunities?limit=500&simulation_volume_usd=1000 HTTP/1.1" 200 OK
INFO:     127.0.0.1:56672 - "GET /api/arbitrage/trades?limit=5000 HTTP/1.1" 200 OK
INFO:     127.0.0.1:56662 - "GET /api/arbitrage/opportunities?limit=500&simulation_volume_usd=1000 HTTP/1.1" 200 OK
INFO:     127.0.0.1:56672 - "GET /api/arbitrage/trades?limit=5000 HTTP/1.1" 200 OK
INFO:     127.0.0.1:56662 - "GET /api/arbitrage/opportunities?limit=500&simulation_volume_usd=1000 HTTP/1.1" 200 OK
INFO:     127.0.0.1:56672 - "GET /api/arbitrage/trades?limit=5000 HTTP/1.1" 200 OK
INFO:     127.0.0.1:56662 - "GET /api/arbitrage/opportunities?limit=500&simulation_volume_usd=1000 HTTP/1.1" 200 OK
INFO:     127.0.0.1:56672 - "GET /api/arbitrage/trades?limit=5000 HTTP/1.1" 200 OK
INFO:     127.0.0.1:56662 - "GET /api/arbitrage/opportunities?limit=500&simulation_volume_usd=1000 HTTP/1.1" 200 OK
INFO:     127.0.0.1:56672 - "GET /api/arbitrage/trades?limit=5000 HTTP/1.1" 200 OK
INFO:     127.0.0.1:56662 - "GET /api/arbitrage/opportunities?limit=500&simulation_volume_usd=1000 HTTP/1.1" 200 OK
INFO:     127.0.0.1:56672 - "GET /api/arbitrage/trades?limit=5000 HTTP/1.1" 200 OK
INFO:     127.0.0.1:56662 - "GET /api/arbitrage/opportunities?limit=500&simulation_volume_usd=1000 HTTP/1.1" 200 OK
INFO:     127.0.0.1:56672 - "GET /api/arbitrage/trades?limit=5000 HTTP/1.1" 200 OK
INFO:     127.0.0.1:56662 - "GET /api/arbitrage/opportunities?limit=500&simulation_volume_usd=1000 HTTP/1.1" 200 OK
INFO:     127.0.0.1:56672 - "GET /api/arbitrage/trades?limit=5000 HTTP/1.1" 200 OK
INFO:     127.0.0.1:56662 - "GET /api/arbitrage/opportunities?limit=500&simulation_volume_usd=1000 HTTP/1.1" 200 OK
INFO:     127.0.0.1:56672 - "GET /api/arbitrage/trades?limit=5000 HTTP/1.1" 200 OK
INFO:     127.0.0.1:56662 - "GET /api/arbitrage/opportunities?limit=500&simulation_volume_usd=1000 HTTP/1.1" 200 OK
INFO:     127.0.0.1:56672 - "GET /api/arbitrage/trades?limit=5000 HTTP/1.1" 200 OK
INFO:     127.0.0.1:56662 - "GET /api/arbitrage/opportunities?limit=500&simulation_volume_usd=1000 HTTP/1.1" 200 OK
INFO:     127.0.0.1:56672 - "GET /api/arbitrage/trades?limit=5000 HTTP/1.1" 200 OK
INFO:     127.0.0.1:56662 - "GET /api/arbitrage/opportunities?limit=500&simulation_volume_usd=1000 HTTP/1.1" 200 OK
INFO:     127.0.0.1:56672 - "GET /api/arbitrage/trades?limit=5000 HTTP/1.1" 200 OK
INFO:     127.0.0.1:56662 - "GET /api/arbitrage/opportunities?limit=500&simulation_volume_usd=1000 HTTP/1.1" 200 OK
INFO:     127.0.0.1:56672 - "GET /api/arbitrage/trades?limit=5000 HTTP/1.1" 200 OK
INFO:     127.0.0.1:56662 - "GET /api/arbitrage/opportunities?limit=500&simulation_volume_usd=1000 HTTP/1.1" 200 OK
INFO:     127.0.0.1:56672 - "GET /api/arbitrage/trades?limit=5000 HTTP/1.1" 200 OK
INFO:     127.0.0.1:56662 - "GET /api/arbitrage/opportunities?limit=500&simulation_volume_usd=1000 HTTP/1.1" 200 OK
INFO:     127.0.0.1:56672 - "GET /api/arbitrage/trades?limit=5000 HTTP/1.1" 200 OK
INFO:     127.0.0.1:56662 - "GET /api/arbitrage/opportunities?limit=500&simulation_volume_usd=1000 HTTP/1.1" 200 OK
INFO:     127.0.0.1:56672 - "GET /api/arbitrage/trades?limit=5000 HTTP/1.1" 200 OK
INFO:     127.0.0.1:56662 - "GET /api/arbitrage/opportunities?limit=500&simulation_volume_usd=1000 HTTP/1.1" 200 OK
INFO:     127.0.0.1:56672 - "GET /api/arbitrage/trades?limit=5000 HTTP/1.1" 200 OK
INFO:     127.0.0.1:56662 - "GET /api/arbitrage/opportunities?limit=500&simulation_volume_usd=1000 HTTP/1.1" 200 OK
INFO:     127.0.0.1:56672 - "GET /api/arbitrage/trades?limit=5000 HTTP/1.1" 200 OK
INFO:     127.0.0.1:56662 - "GET /api/arbitrage/opportunities?limit=500&simulation_volume_usd=1000 HTTP/1.1" 200 OK
INFO:     127.0.0.1:56672 - "GET /api/arbitrage/trades?limit=5000 HTTP/1.1" 200 OK
INFO:     127.0.0.1:56662 - "GET /api/arbitrage/opportunities?limit=500&simulation_volume_usd=1000 HTTP/1.1" 200 OK
INFO:     127.0.0.1:56672 - "GET /api/arbitrage/trades?limit=5000 HTTP/1.1" 200 OK
INFO:     127.0.0.1:56662 - "GET /api/arbitrage/opportunities?limit=500&simulation_volume_usd=1000 HTTP/1.1" 200 OK
INFO:     127.0.0.1:56672 - "GET /api/arbitrage/trades?limit=5000 HTTP/1.1" 200 OK
INFO:     127.0.0.1:56662 - "GET /api/arbitrage/opportunities?limit=500&simulation_volume_usd=1000 HTTP/1.1" 200 OK
INFO:     127.0.0.1:56672 - "GET /api/arbitrage/trades?limit=5000 HTTP/1.1" 200 OK
INFO:     127.0.0.1:56662 - "GET /api/arbitrage/opportunities?limit=500&simulation_volume_usd=1000 HTTP/1.1" 200 OK
INFO:     127.0.0.1:56672 - "GET /api/arbitrage/trades?limit=5000 HTTP/1.1" 200 OK
INFO:     127.0.0.1:56662 - "GET /api/arbitrage/opportunities?limit=500&simulation_volume_usd=1000 HTTP/1.1" 200 OK
INFO:     127.0.0.1:56672 - "GET /api/arbitrage/trades?limit=5000 HTTP/1.1" 200 OK
INFO:     127.0.0.1:56662 - "GET /api/arbitrage/opportunities?limit=500&simulation_volume_usd=1000 HTTP/1.1" 200 OK
INFO:     127.0.0.1:56672 - "GET /api/arbitrage/trades?limit=5000 HTTP/1.1" 200 OK
INFO:     127.0.0.1:56662 - "GET /api/arbitrage/opportunities?limit=500&simulation_volume_usd=1000 HTTP/1.1" 200 OK
INFO:     127.0.0.1:56672 - "GET /api/arbitrage/trades?limit=5000 HTTP/1.1" 200 OK
INFO:     127.0.0.1:56662 - "GET /api/arbitrage/opportunities?limit=500&simulation_volume_usd=1000 HTTP/1.1" 200 OK
INFO:     127.0.0.1:56672 - "GET /api/arbitrage/trades?limit=5000 HTTP/1.1" 200 OK
INFO:     127.0.0.1:56662 - "GET /api/arbitrage/opportunities?limit=500&simulation_volume_usd=1000 HTTP/1.1" 200 OK
INFO:     127.0.0.1:56672 - "GET /api/arbitrage/trades?limit=5000 HTTP/1.1" 200 OK
INFO:     127.0.0.1:56662 - "GET /api/arbitrage/opportunities?limit=500&simulation_volume_usd=1000 HTTP/1.1" 200 OK
INFO:     127.0.0.1:56672 - "GET /api/arbitrage/trades?limit=5000 HTTP/1.1" 200 OK
INFO:     127.0.0.1:56662 - "GET /api/arbitrage/opportunities?limit=500&simulation_volume_usd=1000 HTTP/1.1" 200 OK
INFO:     127.0.0.1:56672 - "GET /api/arbitrage/trades?limit=5000 HTTP/1.1" 200 OK
INFO:     127.0.0.1:56662 - "GET /api/arbitrage/opportunities?limit=500&simulation_volume_usd=1000 HTTP/1.1" 200 OK
INFO:     127.0.0.1:56672 - "GET /api/arbitrage/trades?limit=5000 HTTP/1.1" 200 OK
INFO:     127.0.0.1:56662 - "GET /api/arbitrage/opportunities?limit=500&simulation_volume_usd=1000 HTTP/1.1" 200 OK
INFO:     127.0.0.1:56672 - "GET /api/arbitrage/trades?limit=5000 HTTP/1.1" 200 OK
INFO:     127.0.0.1:56662 - "GET /api/arbitrage/opportunities?limit=500&simulation_volume_usd=1000 HTTP/1.1" 200 OK
INFO:     127.0.0.1:56672 - "GET /api/arbitrage/trades?limit=5000 HTTP/1.1" 200 OK
INFO:     127.0.0.1:56662 - "GET /api/arbitrage/opportunities?limit=500&simulation_volume_usd=1000 HTTP/1.1" 200 OK
INFO:     127.0.0.1:56672 - "GET /api/arbitrage/trades?limit=5000 HTTP/1.1" 200 OK
INFO:     127.0.0.1:56662 - "GET /api/arbitrage/opportunities?limit=500&simulation_volume_usd=1000 HTTP/1.1" 200 OK
INFO:     127.0.0.1:56672 - "GET /api/arbitrage/trades?limit=5000 HTTP/1.1" 200 OK
INFO:     127.0.0.1:56662 - "GET /api/arbitrage/opportunities?limit=500&simulation_volume_usd=1000 HTTP/1.1" 200 OK
INFO:     127.0.0.1:56672 - "GET /api/arbitrage/trades?limit=5000 HTTP/1.1" 200 OK
INFO:     127.0.0.1:56662 - "POST /api/arbitrage/simulation-volume HTTP/1.1" 200 OK
INFO:     127.0.0.1:56662 - "GET /api/arbitrage/opportunities?limit=500&simulation_volume_usd=1000 HTTP/1.1" 200 OK
INFO:     127.0.0.1:56672 - "GET /api/arbitrage/trades?limit=5000 HTTP/1.1" 200 OK
INFO:     127.0.0.1:56662 - "GET /api/arbitrage/opportunities?limit=500&simulation_volume_usd=1000 HTTP/1.1" 200 OK
INFO:     127.0.0.1:56672 - "GET /api/arbitrage/trades?limit=5000 HTTP/1.1" 200 OK
INFO:     127.0.0.1:56662 - "GET /api/arbitrage/opportunities?limit=500&simulation_volume_usd=1000 HTTP/1.1" 200 OK
INFO:     127.0.0.1:56672 - "GET /api/arbitrage/trades?limit=5000 HTTP/1.1" 200 OK
INFO:     127.0.0.1:56662 - "GET /api/arbitrage/opportunities?limit=500&simulation_volume_usd=1000 HTTP/1.1" 200 OK
INFO:     127.0.0.1:56672 - "GET /api/arbitrage/trades?limit=5000 HTTP/1.1" 200 OK
INFO:     127.0.0.1:56662 - "GET /api/arbitrage/opportunities?limit=500&simulation_volume_usd=1000 HTTP/1.1" 200 OK
INFO:     127.0.0.1:56672 - "GET /api/arbitrage/trades?limit=5000 HTTP/1.1" 200 OK
INFO:     127.0.0.1:56662 - "GET /api/arbitrage/opportunities?limit=500&simulation_volume_usd=1000 HTTP/1.1" 200 OK
INFO:     127.0.0.1:56672 - "GET /api/arbitrage/trades?limit=5000 HTTP/1.1" 200 OK
INFO:     127.0.0.1:56662 - "GET /api/arbitrage/opportunities?limit=500&simulation_volume_usd=1000 HTTP/1.1" 200 OK
INFO:     127.0.0.1:56672 - "GET /api/arbitrage/trades?limit=5000 HTTP/1.1" 200 OK
INFO:     127.0.0.1:56662 - "GET /api/arbitrage/opportunities?limit=500&simulation_volume_usd=1000 HTTP/1.1" 200 OK
INFO:     127.0.0.1:56672 - "GET /api/arbitrage/trades?limit=5000 HTTP/1.1" 200 OK
INFO:     127.0.0.1:56662 - "GET /api/arbitrage/opportunities?limit=500&simulation_volume_usd=1000 HTTP/1.1" 200 OK
INFO:     127.0.0.1:56672 - "GET /api/arbitrage/trades?limit=5000 HTTP/1.1" 200 OK
INFO:     127.0.0.1:56662 - "GET /api/arbitrage/opportunities?limit=500&simulation_volume_usd=1000 HTTP/1.1" 200 OK
INFO:     127.0.0.1:56672 - "GET /api/arbitrage/trades?limit=5000 HTTP/1.1" 200 OK
INFO:     127.0.0.1:56662 - "GET /api/arbitrage/opportunities?limit=500&simulation_volume_usd=1000 HTTP/1.1" 200 OK
INFO:     127.0.0.1:56672 - "GET /api/arbitrage/trades?limit=5000 HTTP/1.1" 200 OK
INFO:     127.0.0.1:56662 - "GET /api/arbitrage/opportunities?limit=500&simulation_volume_usd=1000 HTTP/1.1" 200 OK
INFO:     127.0.0.1:56672 - "GET /api/arbitrage/trades?limit=5000 HTTP/1.1" 200 OK
INFO:     127.0.0.1:56662 - "GET /api/arbitrage/opportunities?limit=500&simulation_volume_usd=1000 HTTP/1.1" 200 OK
INFO:     127.0.0.1:56672 - "GET /api/arbitrage/trades?limit=5000 HTTP/1.1" 200 OK
INFO:     127.0.0.1:56662 - "GET /api/arbitrage/opportunities?limit=500&simulation_volume_usd=1000 HTTP/1.1" 200 OK
INFO:     127.0.0.1:56672 - "GET /api/arbitrage/trades?limit=5000 HTTP/1.1" 200 OK
INFO:     127.0.0.1:56662 - "GET /api/arbitrage/opportunities?limit=500&simulation_volume_usd=1000 HTTP/1.1" 200 OK
INFO:     127.0.0.1:56672 - "GET /api/arbitrage/trades?limit=5000 HTTP/1.1" 200 OK
INFO:     127.0.0.1:56662 - "GET /api/arbitrage/opportunities?limit=500&simulation_volume_usd=1000 HTTP/1.1" 200 OK
INFO:     127.0.0.1:56672 - "GET /api/arbitrage/trades?limit=5000 HTTP/1.1" 200 OK
INFO:     127.0.0.1:56662 - "GET /api/arbitrage/opportunities?limit=500&simulation_volume_usd=1000 HTTP/1.1" 200 OK
INFO:     127.0.0.1:56672 - "GET /api/arbitrage/trades?limit=5000 HTTP/1.1" 200 OK
INFO:     127.0.0.1:56662 - "GET /api/arbitrage/opportunities?limit=500&simulation_volume_usd=1000 HTTP/1.1" 200 OK
INFO:     127.0.0.1:56672 - "GET /api/arbitrage/trades?limit=5000 HTTP/1.1" 200 OK
INFO:     127.0.0.1:56662 - "GET /api/arbitrage/opportunities?limit=500&simulation_volume_usd=1000 HTTP/1.1" 200 OK
INFO:     127.0.0.1:56672 - "GET /api/arbitrage/trades?limit=5000 HTTP/1.1" 200 OK
INFO:     127.0.0.1:56662 - "GET /api/arbitrage/opportunities?limit=500&simulation_volume_usd=1000 HTTP/1.1" 200 OK
INFO:     127.0.0.1:56672 - "GET /api/arbitrage/trades?limit=5000 HTTP/1.1" 200 OK
INFO:     127.0.0.1:56662 - "GET /api/arbitrage/opportunities?limit=500&simulation_volume_usd=1000 HTTP/1.1" 200 OK
INFO:     127.0.0.1:56672 - "GET /api/arbitrage/trades?limit=5000 HTTP/1.1" 200 OK
INFO:     127.0.0.1:56662 - "GET /api/arbitrage/opportunities?limit=500&simulation_volume_usd=1000 HTTP/1.1" 200 OK
INFO:     127.0.0.1:56672 - "GET /api/arbitrage/trades?limit=5000 HTTP/1.1" 200 OK
INFO:     127.0.0.1:56662 - "GET /api/arbitrage/opportunities?limit=500&simulation_volume_usd=1000 HTTP/1.1" 200 OK
INFO:     127.0.0.1:56672 - "GET /api/arbitrage/trades?limit=5000 HTTP/1.1" 200 OK
INFO:     127.0.0.1:56662 - "GET /api/arbitrage/opportunities?limit=500&simulation_volume_usd=1000 HTTP/1.1" 200 OK
INFO:     127.0.0.1:56672 - "GET /api/arbitrage/trades?limit=5000 HTTP/1.1" 200 OK
INFO:     127.0.0.1:56662 - "GET /api/arbitrage/opportunities?limit=500&simulation_volume_usd=1000 HTTP/1.1" 200 OK
INFO:     127.0.0.1:56672 - "GET /api/arbitrage/trades?limit=5000 HTTP/1.1" 200 OK
INFO:     127.0.0.1:56662 - "GET /api/arbitrage/opportunities?limit=500&simulation_volume_usd=1000 HTTP/1.1" 200 OK
INFO:     127.0.0.1:56672 - "GET /api/arbitrage/trades?limit=5000 HTTP/1.1" 200 OK
INFO:     127.0.0.1:56662 - "GET /api/arbitrage/opportunities?limit=500&simulation_volume_usd=1000 HTTP/1.1" 200 OK
INFO:     127.0.0.1:56672 - "GET /api/arbitrage/trades?limit=5000 HTTP/1.1" 200 OK
INFO:     127.0.0.1:56662 - "GET /api/arbitrage/opportunities?limit=500&simulation_volume_usd=1000 HTTP/1.1" 200 OK
INFO:     127.0.0.1:56672 - "GET /api/arbitrage/trades?limit=5000 HTTP/1.1" 200 OK
INFO:     127.0.0.1:56662 - "GET /api/arbitrage/opportunities?limit=500&simulation_volume_usd=1000 HTTP/1.1" 200 OK
INFO:     127.0.0.1:56672 - "GET /api/arbitrage/trades?limit=5000 HTTP/1.1" 200 OK
INFO:     127.0.0.1:56662 - "GET /api/arbitrage/opportunities?limit=500&simulation_volume_usd=1000 HTTP/1.1" 200 OK
INFO:     127.0.0.1:56672 - "GET /api/arbitrage/trades?limit=5000 HTTP/1.1" 200 OK
INFO:     127.0.0.1:56662 - "GET /api/arbitrage/opportunities?limit=500&simulation_volume_usd=1000 HTTP/1.1" 200 OK
INFO:     127.0.0.1:56672 - "GET /api/arbitrage/trades?limit=5000 HTTP/1.1" 200 OK
INFO:     127.0.0.1:56662 - "GET /api/arbitrage/opportunities?limit=500&simulation_volume_usd=1000 HTTP/1.1" 200 OK
INFO:     127.0.0.1:56672 - "GET /api/arbitrage/trades?limit=5000 HTTP/1.1" 200 OK
INFO:     127.0.0.1:56662 - "GET /api/arbitrage/opportunities?limit=500&simulation_volume_usd=1000 HTTP/1.1" 200 OK
INFO:     127.0.0.1:56672 - "GET /api/arbitrage/trades?limit=5000 HTTP/1.1" 200 OK
INFO:     127.0.0.1:56662 - "GET /api/arbitrage/opportunities?limit=500&simulation_volume_usd=1000 HTTP/1.1" 200 OK
INFO:     127.0.0.1:56672 - "GET /api/arbitrage/trades?limit=5000 HTTP/1.1" 200 OK
INFO:     127.0.0.1:56662 - "GET /api/arbitrage/opportunities?limit=500&simulation_volume_usd=1000 HTTP/1.1" 200 OK
INFO:     127.0.0.1:56672 - "GET /api/arbitrage/trades?limit=5000 HTTP/1.1" 200 OK
INFO:     127.0.0.1:56662 - "GET /api/arbitrage/opportunities?limit=500&simulation_volume_usd=1000 HTTP/1.1" 200 OK
INFO:     127.0.0.1:56672 - "GET /api/arbitrage/trades?limit=5000 HTTP/1.1" 200 OK
INFO:     127.0.0.1:56662 - "GET /api/arbitrage/opportunities?limit=500&simulation_volume_usd=1000 HTTP/1.1" 200 OK
INFO:     127.0.0.1:56672 - "GET /api/arbitrage/trades?limit=5000 HTTP/1.1" 200 OK
INFO:     127.0.0.1:56662 - "GET /api/arbitrage/opportunities?limit=500&simulation_volume_usd=1000 HTTP/1.1" 200 OK
INFO:     127.0.0.1:56672 - "GET /api/arbitrage/trades?limit=5000 HTTP/1.1" 200 OK
INFO:     127.0.0.1:56662 - "GET /api/arbitrage/opportunities?limit=500&simulation_volume_usd=1000 HTTP/1.1" 200 OK
INFO:     127.0.0.1:56672 - "GET /api/arbitrage/trades?limit=5000 HTTP/1.1" 200 OK
INFO:     127.0.0.1:56662 - "GET /api/arbitrage/opportunities?limit=500&simulation_volume_usd=1000 HTTP/1.1" 200 OK
INFO:     127.0.0.1:56672 - "GET /api/arbitrage/trades?limit=5000 HTTP/1.1" 200 OK
INFO:     127.0.0.1:56662 - "GET /api/arbitrage/opportunities?limit=500&simulation_volume_usd=1000 HTTP/1.1" 200 OK
INFO:     127.0.0.1:56672 - "GET /api/arbitrage/trades?limit=5000 HTTP/1.1" 200 OK
INFO:     127.0.0.1:56662 - "GET /api/arbitrage/opportunities?limit=500&simulation_volume_usd=1000 HTTP/1.1" 200 OK
INFO:     127.0.0.1:56672 - "GET /api/arbitrage/trades?limit=5000 HTTP/1.1" 200 OK
INFO:     127.0.0.1:56662 - "GET /api/arbitrage/opportunities?limit=500&simulation_volume_usd=1000 HTTP/1.1" 200 OK
INFO:     127.0.0.1:56672 - "GET /api/arbitrage/trades?limit=5000 HTTP/1.1" 200 OK
INFO:     127.0.0.1:56662 - "GET /api/arbitrage/opportunities?limit=500&simulation_volume_usd=1000 HTTP/1.1" 200 OK
INFO:     127.0.0.1:56672 - "GET /api/arbitrage/trades?limit=5000 HTTP/1.1" 200 OK
INFO:     127.0.0.1:56662 - "POST /api/arbitrage/simulation-volume HTTP/1.1" 200 OK
INFO:     127.0.0.1:56662 - "GET /api/arbitrage/opportunities?limit=500&simulation_volume_usd=1000 HTTP/1.1" 200 OK
INFO:     connection closed
INFO:     127.0.0.1:56672 - "GET /api/arbitrage/trades?limit=5000 HTTP/1.1" 200 OK
INFO:     127.0.0.1:56662 - "POST /api/arbitrage/simulation-volume HTTP/1.1" 200 OK
INFO:     127.0.0.1:46408 - "WebSocket /ws/arbitrage" [accepted]
INFO:     connection open
INFO:     127.0.0.1:56662 - "POST /api/arbitrage/simulation-volume HTTP/1.1" 200 OK
INFO:     127.0.0.1:56662 - "GET /api/arbitrage/opportunities?limit=500&simulation_volume_usd=1000 HTTP/1.1" 200 OK
INFO:     127.0.0.1:56672 - "GET /api/arbitrage/trades?limit=5000 HTTP/1.1" 200 OK
INFO:     127.0.0.1:56662 - "GET /api/arbitrage/opportunities?limit=500&simulation_volume_usd=1000 HTTP/1.1" 200 OK
INFO:     127.0.0.1:56672 - "GET /api/arbitrage/trades?limit=5000 HTTP/1.1" 200 OK
INFO:     127.0.0.1:56662 - "GET /api/arbitrage/opportunities?limit=500&simulation_volume_usd=1000 HTTP/1.1" 200 OK
INFO:     127.0.0.1:56672 - "GET /api/arbitrage/trades?limit=5000 HTTP/1.1" 200 OK
INFO:     127.0.0.1:56662 - "GET /api/arbitrage/opportunities?limit=500&simulation_volume_usd=1000 HTTP/1.1" 200 OK
INFO:     127.0.0.1:56672 - "GET /api/arbitrage/trades?limit=5000 HTTP/1.1" 200 OK
INFO:     127.0.0.1:56662 - "GET /api/arbitrage/opportunities?limit=500&simulation_volume_usd=1000 HTTP/1.1" 200 OK
INFO:     127.0.0.1:56672 - "GET /api/arbitrage/trades?limit=5000 HTTP/1.1" 200 OK
INFO:     127.0.0.1:56662 - "GET /api/arbitrage/opportunities?limit=500&simulation_volume_usd=1000 HTTP/1.1" 200 OK
INFO:     127.0.0.1:56672 - "GET /api/arbitrage/trades?limit=5000 HTTP/1.1" 200 OK
INFO:     connection closed
INFO:     127.0.0.1:59658 - "WebSocket /ws/arbitrage" [accepted]
INFO:     connection open
INFO:     127.0.0.1:56662 - "POST /api/arbitrage/simulation-volume HTTP/1.1" 200 OK
INFO:     127.0.0.1:56662 - "GET /api/arbitrage/opportunities?limit=500&simulation_volume_usd=1000 HTTP/1.1" 200 OK
INFO:     127.0.0.1:56672 - "GET /api/arbitrage/trades?limit=5000 HTTP/1.1" 200 OK
INFO:     127.0.0.1:56662 - "GET /api/arbitrage/opportunities?limit=500&simulation_volume_usd=1000 HTTP/1.1" 200 OK
INFO:     127.0.0.1:56672 - "GET /api/arbitrage/trades?limit=5000 HTTP/1.1" 200 OK
INFO:     127.0.0.1:56662 - "GET /api/arbitrage/opportunities?limit=500&simulation_volume_usd=1000 HTTP/1.1" 200 OK
INFO:     127.0.0.1:56672 - "GET /api/arbitrage/trades?limit=5000 HTTP/1.1" 200 OK
INFO:     127.0.0.1:56662 - "GET /api/arbitrage/opportunities?limit=500&simulation_volume_usd=1000 HTTP/1.1" 200 OK
INFO:     127.0.0.1:56672 - "GET /api/arbitrage/trades?limit=5000 HTTP/1.1" 200 OK
INFO:     127.0.0.1:56662 - "GET /api/arbitrage/opportunities?limit=500&simulation_volume_usd=1000 HTTP/1.1" 200 OK
INFO:     127.0.0.1:56672 - "GET /api/arbitrage/trades?limit=5000 HTTP/1.1" 200 OK
INFO:     127.0.0.1:56662 - "GET /api/arbitrage/opportunities?limit=500&simulation_volume_usd=1000 HTTP/1.1" 200 OK
INFO:     127.0.0.1:56672 - "GET /api/arbitrage/trades?limit=5000 HTTP/1.1" 200 OK
INFO:     127.0.0.1:56662 - "GET /api/arbitrage/opportunities?limit=500&simulation_volume_usd=1000 HTTP/1.1" 200 OK
INFO:     127.0.0.1:56672 - "GET /api/arbitrage/trades?limit=5000 HTTP/1.1" 200 OK
INFO:     127.0.0.1:56662 - "GET /api/arbitrage/opportunities?limit=500&simulation_volume_usd=1000 HTTP/1.1" 200 OK
INFO:     127.0.0.1:56672 - "GET /api/arbitrage/trades?limit=5000 HTTP/1.1" 200 OK
INFO:     127.0.0.1:56662 - "GET /api/arbitrage/opportunities?limit=500&simulation_volume_usd=1000 HTTP/1.1" 200 OK
INFO:     127.0.0.1:56672 - "GET /api/arbitrage/trades?limit=5000 HTTP/1.1" 200 OK
INFO:     127.0.0.1:56662 - "GET /api/arbitrage/opportunities?limit=500&simulation_volume_usd=1000 HTTP/1.1" 200 OK
INFO:     127.0.0.1:56672 - "GET /api/arbitrage/trades?limit=5000 HTTP/1.1" 200 OK
INFO:     127.0.0.1:56662 - "GET /api/arbitrage/opportunities?limit=500&simulation_volume_usd=1000 HTTP/1.1" 200 OK
INFO:     127.0.0.1:56672 - "GET /api/arbitrage/trades?limit=5000 HTTP/1.1" 200 OK
INFO:     127.0.0.1:56662 - "GET /api/arbitrage/opportunities?limit=500&simulation_volume_usd=1000 HTTP/1.1" 200 OK
INFO:     127.0.0.1:56672 - "GET /api/arbitrage/trades?limit=5000 HTTP/1.1" 200 OK
INFO:     127.0.0.1:56662 - "GET /api/arbitrage/opportunities?limit=500&simulation_volume_usd=1000 HTTP/1.1" 200 OK
INFO:     127.0.0.1:56672 - "GET /api/arbitrage/trades?limit=5000 HTTP/1.1" 200 OK
INFO:     127.0.0.1:56662 - "GET /api/arbitrage/opportunities?limit=500&simulation_volume_usd=1000 HTTP/1.1" 200 OK
INFO:     127.0.0.1:56672 - "GET /api/arbitrage/trades?limit=5000 HTTP/1.1" 200 OK
INFO:     127.0.0.1:56662 - "GET /api/arbitrage/opportunities?limit=500&simulation_volume_usd=1000 HTTP/1.1" 200 OK
INFO:     127.0.0.1:56672 - "GET /api/arbitrage/trades?limit=5000 HTTP/1.1" 200 OK
INFO:     127.0.0.1:56662 - "GET /api/arbitrage/opportunities?limit=500&simulation_volume_usd=1000 HTTP/1.1" 200 OK
INFO:     127.0.0.1:56672 - "GET /api/arbitrage/trades?limit=5000 HTTP/1.1" 200 OK
INFO:     127.0.0.1:56662 - "GET /api/arbitrage/opportunities?limit=500&simulation_volume_usd=1000 HTTP/1.1" 200 OK
INFO:     127.0.0.1:56672 - "GET /api/arbitrage/trades?limit=5000 HTTP/1.1" 200 OK
INFO:     127.0.0.1:56662 - "GET /api/arbitrage/opportunities?limit=500&simulation_volume_usd=1000 HTTP/1.1" 200 OK
INFO:     127.0.0.1:56672 - "GET /api/arbitrage/trades?limit=5000 HTTP/1.1" 200 OK
INFO:     127.0.0.1:56662 - "GET /api/arbitrage/opportunities?limit=500&simulation_volume_usd=1000 HTTP/1.1" 200 OK
INFO:     127.0.0.1:56672 - "GET /api/arbitrage/trades?limit=5000 HTTP/1.1" 200 OK
INFO:     127.0.0.1:56662 - "GET /api/arbitrage/opportunities?limit=500&simulation_volume_usd=1000 HTTP/1.1" 200 OK
INFO:     127.0.0.1:56672 - "GET /api/arbitrage/trades?limit=5000 HTTP/1.1" 200 OK
INFO:     127.0.0.1:56662 - "GET /api/arbitrage/opportunities?limit=500&simulation_volume_usd=1000 HTTP/1.1" 200 OK
INFO:     127.0.0.1:56672 - "GET /api/arbitrage/trades?limit=5000 HTTP/1.1" 200 OK
INFO:     127.0.0.1:56662 - "GET /api/arbitrage/opportunities?limit=500&simulation_volume_usd=1000 HTTP/1.1" 200 OK
INFO:     127.0.0.1:56672 - "GET /api/arbitrage/trades?limit=5000 HTTP/1.1" 200 OK
INFO:     127.0.0.1:56662 - "GET /api/arbitrage/opportunities?limit=500&simulation_volume_usd=1000 HTTP/1.1" 200 OK
INFO:     127.0.0.1:56672 - "GET /api/arbitrage/trades?limit=5000 HTTP/1.1" 200 OK
INFO:     127.0.0.1:56662 - "GET /api/arbitrage/opportunities?limit=500&simulation_volume_usd=1000 HTTP/1.1" 200 OK
INFO:     127.0.0.1:56672 - "GET /api/arbitrage/trades?limit=5000 HTTP/1.1" 200 OK
INFO:     127.0.0.1:56662 - "GET /api/arbitrage/opportunities?limit=500&simulation_volume_usd=1000 HTTP/1.1" 200 OK
INFO:     127.0.0.1:56672 - "GET /api/arbitrage/trades?limit=5000 HTTP/1.1" 200 OK
INFO:     127.0.0.1:56662 - "GET /api/arbitrage/opportunities?limit=500&simulation_volume_usd=1000 HTTP/1.1" 200 OK
INFO:     127.0.0.1:56672 - "GET /api/arbitrage/trades?limit=5000 HTTP/1.1" 200 OK
INFO:     127.0.0.1:56662 - "GET /api/arbitrage/opportunities?limit=500&simulation_volume_usd=1000 HTTP/1.1" 200 OK
INFO:     127.0.0.1:56672 - "GET /api/arbitrage/trades?limit=5000 HTTP/1.1" 200 OK
INFO:     127.0.0.1:56662 - "GET /api/arbitrage/opportunities?limit=500&simulation_volume_usd=1000 HTTP/1.1" 200 OK
INFO:     127.0.0.1:56672 - "GET /api/arbitrage/trades?limit=5000 HTTP/1.1" 200 OK
INFO:     127.0.0.1:56662 - "GET /api/arbitrage/opportunities?limit=500&simulation_volume_usd=1000 HTTP/1.1" 200 OK
INFO:     127.0.0.1:56672 - "GET /api/arbitrage/trades?limit=5000 HTTP/1.1" 200 OK
INFO:     127.0.0.1:56662 - "GET /api/arbitrage/opportunities?limit=500&simulation_volume_usd=1000 HTTP/1.1" 200 OK
INFO:     127.0.0.1:56672 - "GET /api/arbitrage/trades?limit=5000 HTTP/1.1" 200 OK
INFO:     127.0.0.1:56662 - "GET /api/arbitrage/opportunities?limit=500&simulation_volume_usd=1000 HTTP/1.1" 200 OK
INFO:     127.0.0.1:56672 - "GET /api/arbitrage/trades?limit=5000 HTTP/1.1" 200 OK
INFO:     127.0.0.1:56662 - "GET /api/arbitrage/opportunities?limit=500&simulation_volume_usd=1000 HTTP/1.1" 200 OK
INFO:     127.0.0.1:56672 - "GET /api/arbitrage/trades?limit=5000 HTTP/1.1" 200 OK
INFO:     127.0.0.1:56662 - "GET /api/arbitrage/opportunities?limit=500&simulation_volume_usd=1000 HTTP/1.1" 200 OK
INFO:     127.0.0.1:56672 - "GET /api/arbitrage/trades?limit=5000 HTTP/1.1" 200 OK
INFO:     127.0.0.1:56662 - "GET /api/arbitrage/opportunities?limit=500&simulation_volume_usd=1000 HTTP/1.1" 200 OK
INFO:     127.0.0.1:56672 - "GET /api/arbitrage/trades?limit=5000 HTTP/1.1" 200 OK
INFO:     127.0.0.1:56662 - "GET /api/arbitrage/opportunities?limit=500&simulation_volume_usd=1000 HTTP/1.1" 200 OK
INFO:     127.0.0.1:56672 - "GET /api/arbitrage/trades?limit=5000 HTTP/1.1" 200 OK
INFO:     127.0.0.1:56662 - "GET /api/arbitrage/opportunities?limit=500&simulation_volume_usd=1000 HTTP/1.1" 200 OK
INFO:     127.0.0.1:56672 - "GET /api/arbitrage/trades?limit=5000 HTTP/1.1" 200 OK
INFO:     127.0.0.1:56662 - "GET /api/arbitrage/opportunities?limit=500&simulation_volume_usd=1000 HTTP/1.1" 200 OK
INFO:     127.0.0.1:56672 - "GET /api/arbitrage/trades?limit=5000 HTTP/1.1" 200 OK
INFO:     127.0.0.1:56662 - "GET /api/arbitrage/opportunities?limit=500&simulation_volume_usd=1000 HTTP/1.1" 200 OK
INFO:     127.0.0.1:56672 - "GET /api/arbitrage/trades?limit=5000 HTTP/1.1" 200 OK
INFO:     127.0.0.1:56662 - "GET /api/arbitrage/opportunities?limit=500&simulation_volume_usd=1000 HTTP/1.1" 200 OK
INFO:     127.0.0.1:56672 - "GET /api/arbitrage/trades?limit=5000 HTTP/1.1" 200 OK
INFO:     127.0.0.1:56662 - "GET /api/arbitrage/opportunities?limit=500&simulation_volume_usd=1000 HTTP/1.1" 200 OK
INFO:     127.0.0.1:56672 - "GET /api/arbitrage/trades?limit=5000 HTTP/1.1" 200 OK
INFO:     127.0.0.1:56662 - "GET /api/arbitrage/opportunities?limit=500&simulation_volume_usd=1000 HTTP/1.1" 200 OK
INFO:     127.0.0.1:56672 - "GET /api/arbitrage/trades?limit=5000 HTTP/1.1" 200 OK
INFO:     127.0.0.1:56662 - "GET /api/arbitrage/opportunities?limit=500&simulation_volume_usd=1000 HTTP/1.1" 200 OK
INFO:     127.0.0.1:56672 - "GET /api/arbitrage/trades?limit=5000 HTTP/1.1" 200 OK
INFO:     127.0.0.1:56662 - "GET /api/arbitrage/opportunities?limit=500&simulation_volume_usd=1000 HTTP/1.1" 200 OK
INFO:     127.0.0.1:56672 - "GET /api/arbitrage/trades?limit=5000 HTTP/1.1" 200 OK
INFO:     127.0.0.1:56662 - "GET /api/arbitrage/opportunities?limit=500&simulation_volume_usd=1000 HTTP/1.1" 200 OK
INFO:     127.0.0.1:56672 - "GET /api/arbitrage/trades?limit=5000 HTTP/1.1" 200 OK
INFO:     127.0.0.1:56662 - "GET /api/arbitrage/opportunities?limit=500&simulation_volume_usd=1000 HTTP/1.1" 200 OK
INFO:     127.0.0.1:56672 - "GET /api/arbitrage/trades?limit=5000 HTTP/1.1" 200 OK
INFO:     127.0.0.1:56662 - "GET /api/arbitrage/opportunities?limit=500&simulation_volume_usd=1000 HTTP/1.1" 200 OK
INFO:     127.0.0.1:56672 - "GET /api/arbitrage/trades?limit=5000 HTTP/1.1" 200 OK
INFO:     127.0.0.1:56662 - "GET /api/arbitrage/opportunities?limit=500&simulation_volume_usd=1000 HTTP/1.1" 200 OK
INFO:     127.0.0.1:56672 - "GET /api/arbitrage/trades?limit=5000 HTTP/1.1" 200 OK
INFO:     127.0.0.1:56662 - "GET /api/arbitrage/opportunities?limit=500&simulation_volume_usd=1000 HTTP/1.1" 200 OK
INFO:     127.0.0.1:56672 - "GET /api/arbitrage/trades?limit=5000 HTTP/1.1" 200 OK
INFO:     127.0.0.1:56662 - "GET /api/arbitrage/opportunities?limit=500&simulation_volume_usd=1000 HTTP/1.1" 200 OK
INFO:     127.0.0.1:56672 - "GET /api/arbitrage/trades?limit=5000 HTTP/1.1" 200 OK
INFO:     127.0.0.1:56662 - "GET /api/arbitrage/opportunities?limit=500&simulation_volume_usd=1000 HTTP/1.1" 200 OK
INFO:     127.0.0.1:56672 - "GET /api/arbitrage/trades?limit=5000 HTTP/1.1" 200 OK
INFO:     127.0.0.1:56662 - "GET /api/arbitrage/opportunities?limit=500&simulation_volume_usd=1000 HTTP/1.1" 200 OK
INFO:     127.0.0.1:56672 - "GET /api/arbitrage/trades?limit=5000 HTTP/1.1" 200 OK
INFO:     127.0.0.1:56662 - "GET /api/arbitrage/opportunities?limit=500&simulation_volume_usd=1000 HTTP/1.1" 200 OK
INFO:     127.0.0.1:56672 - "GET /api/arbitrage/trades?limit=5000 HTTP/1.1" 200 OK
INFO:     127.0.0.1:56662 - "GET /api/arbitrage/opportunities?limit=500&simulation_volume_usd=1000 HTTP/1.1" 200 OK
INFO:     127.0.0.1:56672 - "GET /api/arbitrage/trades?limit=5000 HTTP/1.1" 200 OK
INFO:     127.0.0.1:56662 - "GET /api/arbitrage/opportunities?limit=500&simulation_volume_usd=1000 HTTP/1.1" 200 OK
INFO:     127.0.0.1:56672 - "GET /api/arbitrage/trades?limit=5000 HTTP/1.1" 200 OK
INFO:     127.0.0.1:56662 - "GET /api/arbitrage/opportunities?limit=500&simulation_volume_usd=1000 HTTP/1.1" 200 OK
INFO:     127.0.0.1:56672 - "GET /api/arbitrage/trades?limit=5000 HTTP/1.1" 200 OK
INFO:     127.0.0.1:56662 - "GET /api/arbitrage/opportunities?limit=500&simulation_volume_usd=1000 HTTP/1.1" 200 OK
INFO:     127.0.0.1:56672 - "GET /api/arbitrage/trades?limit=5000 HTTP/1.1" 200 OK
INFO:     127.0.0.1:56662 - "GET /api/arbitrage/opportunities?limit=500&simulation_volume_usd=1000 HTTP/1.1" 200 OK
INFO:     127.0.0.1:56672 - "GET /api/arbitrage/trades?limit=5000 HTTP/1.1" 200 OK
INFO:     127.0.0.1:56662 - "GET /api/arbitrage/opportunities?limit=500&simulation_volume_usd=1000 HTTP/1.1" 200 OK
INFO:     127.0.0.1:56672 - "GET /api/arbitrage/trades?limit=5000 HTTP/1.1" 200 OK
INFO:     127.0.0.1:56662 - "GET /api/arbitrage/opportunities?limit=500&simulation_volume_usd=1000 HTTP/1.1" 200 OK
INFO:     127.0.0.1:56672 - "GET /api/arbitrage/trades?limit=5000 HTTP/1.1" 200 OK
INFO:     127.0.0.1:56662 - "GET /api/arbitrage/opportunities?limit=500&simulation_volume_usd=1000 HTTP/1.1" 200 OK
INFO:     127.0.0.1:56672 - "GET /api/arbitrage/trades?limit=5000 HTTP/1.1" 200 OK
INFO:     127.0.0.1:56662 - "GET /api/arbitrage/opportunities?limit=500&simulation_volume_usd=1000 HTTP/1.1" 200 OK
INFO:     127.0.0.1:56672 - "GET /api/arbitrage/trades?limit=5000 HTTP/1.1" 200 OK
INFO:     127.0.0.1:56662 - "GET /api/arbitrage/opportunities?limit=500&simulation_volume_usd=1000 HTTP/1.1" 200 OK
INFO:     127.0.0.1:56672 - "GET /api/arbitrage/trades?limit=5000 HTTP/1.1" 200 OK
INFO:     127.0.0.1:56662 - "GET /api/arbitrage/opportunities?limit=500&simulation_volume_usd=1000 HTTP/1.1" 200 OK
INFO:     127.0.0.1:56672 - "GET /api/arbitrage/trades?limit=5000 HTTP/1.1" 200 OK
INFO:     127.0.0.1:56662 - "GET /api/arbitrage/opportunities?limit=500&simulation_volume_usd=1000 HTTP/1.1" 200 OK
INFO:     127.0.0.1:56672 - "GET /api/arbitrage/trades?limit=5000 HTTP/1.1" 200 OK
INFO:     127.0.0.1:56662 - "GET /api/arbitrage/opportunities?limit=500&simulation_volume_usd=1000 HTTP/1.1" 200 OK
INFO:     127.0.0.1:56672 - "GET /api/arbitrage/trades?limit=5000 HTTP/1.1" 200 OK
INFO:     127.0.0.1:56662 - "POST /api/arbitrage/simulation-volume HTTP/1.1" 200 OK
INFO:     127.0.0.1:56662 - "GET /api/arbitrage/opportunities?limit=500&simulation_volume_usd=1000 HTTP/1.1" 200 OK
INFO:     127.0.0.1:56672 - "GET /api/arbitrage/trades?limit=5000 HTTP/1.1" 200 OK
INFO:     127.0.0.1:56662 - "GET /api/arbitrage/opportunities?limit=500&simulation_volume_usd=1000 HTTP/1.1" 200 OK
INFO:     127.0.0.1:56672 - "GET /api/arbitrage/trades?limit=5000 HTTP/1.1" 200 OK
INFO:     127.0.0.1:56662 - "GET /api/arbitrage/opportunities?limit=500&simulation_volume_usd=1000 HTTP/1.1" 200 OK
INFO:     127.0.0.1:56672 - "GET /api/arbitrage/trades?limit=5000 HTTP/1.1" 200 OK
INFO:     127.0.0.1:56662 - "GET /api/arbitrage/opportunities?limit=500&simulation_volume_usd=1000 HTTP/1.1" 200 OK
INFO:     127.0.0.1:56672 - "GET /api/arbitrage/trades?limit=5000 HTTP/1.1" 200 OK
INFO:     127.0.0.1:56662 - "GET /api/arbitrage/opportunities?limit=500&simulation_volume_usd=1000 HTTP/1.1" 200 OK
INFO:     127.0.0.1:56672 - "GET /api/arbitrage/trades?limit=5000 HTTP/1.1" 200 OK
INFO:     127.0.0.1:56662 - "GET /api/arbitrage/opportunities?limit=500&simulation_volume_usd=1000 HTTP/1.1" 200 OK
INFO:     127.0.0.1:56672 - "GET /api/arbitrage/trades?limit=5000 HTTP/1.1" 200 OK
INFO:     127.0.0.1:56662 - "GET /api/arbitrage/opportunities?limit=500&simulation_volume_usd=1000 HTTP/1.1" 200 OK
INFO:     127.0.0.1:56672 - "GET /api/arbitrage/trades?limit=5000 HTTP/1.1" 200 OK
INFO:     127.0.0.1:56662 - "GET /api/arbitrage/opportunities?limit=500&simulation_volume_usd=1000 HTTP/1.1" 200 OK
INFO:     127.0.0.1:56672 - "GET /api/arbitrage/trades?limit=5000 HTTP/1.1" 200 OK
INFO:     127.0.0.1:56662 - "GET /api/arbitrage/opportunities?limit=500&simulation_volume_usd=1000 HTTP/1.1" 200 OK
INFO:     127.0.0.1:56672 - "GET /api/arbitrage/trades?limit=5000 HTTP/1.1" 200 OK
INFO:     127.0.0.1:56662 - "GET /api/arbitrage/opportunities?limit=500&simulation_volume_usd=1000 HTTP/1.1" 200 OK
INFO:     127.0.0.1:56672 - "GET /api/arbitrage/trades?limit=5000 HTTP/1.1" 200 OK
INFO:     127.0.0.1:56662 - "GET /api/arbitrage/opportunities?limit=500&simulation_volume_usd=1000 HTTP/1.1" 200 OK
INFO:     127.0.0.1:56672 - "GET /api/arbitrage/trades?limit=5000 HTTP/1.1" 200 OK
INFO:     127.0.0.1:56662 - "GET /api/arbitrage/opportunities?limit=500&simulation_volume_usd=1000 HTTP/1.1" 200 OK
INFO:     127.0.0.1:56672 - "GET /api/arbitrage/trades?limit=5000 HTTP/1.1" 200 OK
INFO:     127.0.0.1:56662 - "GET /api/arbitrage/opportunities?limit=500&simulation_volume_usd=1000 HTTP/1.1" 200 OK
INFO:     127.0.0.1:56672 - "GET /api/arbitrage/trades?limit=5000 HTTP/1.1" 200 OK
INFO:     127.0.0.1:56662 - "GET /api/arbitrage/opportunities?limit=500&simulation_volume_usd=1000 HTTP/1.1" 200 OK
INFO:     127.0.0.1:56672 - "GET /api/arbitrage/trades?limit=5000 HTTP/1.1" 200 OK
INFO:     127.0.0.1:56662 - "GET /api/arbitrage/opportunities?limit=500&simulation_volume_usd=1000 HTTP/1.1" 200 OK
INFO:     127.0.0.1:56672 - "GET /api/arbitrage/trades?limit=5000 HTTP/1.1" 200 OK
INFO:     127.0.0.1:56662 - "GET /api/arbitrage/opportunities?limit=500&simulation_volume_usd=1000 HTTP/1.1" 200 OK
INFO:     127.0.0.1:56672 - "GET /api/arbitrage/trades?limit=5000 HTTP/1.1" 200 OK
INFO:     127.0.0.1:56662 - "GET /api/arbitrage/opportunities?limit=500&simulation_volume_usd=1000 HTTP/1.1" 200 OK
INFO:     127.0.0.1:56672 - "GET /api/arbitrage/trades?limit=5000 HTTP/1.1" 200 OK
INFO:     127.0.0.1:56662 - "GET /api/arbitrage/opportunities?limit=500&simulation_volume_usd=1000 HTTP/1.1" 200 OK
INFO:     127.0.0.1:56672 - "GET /api/arbitrage/trades?limit=5000 HTTP/1.1" 200 OK
INFO:     127.0.0.1:56662 - "GET /api/arbitrage/opportunities?limit=500&simulation_volume_usd=1000 HTTP/1.1" 200 OK
INFO:     127.0.0.1:56672 - "GET /api/arbitrage/trades?limit=5000 HTTP/1.1" 200 OK
INFO:     127.0.0.1:56662 - "GET /api/arbitrage/opportunities?limit=500&simulation_volume_usd=1000 HTTP/1.1" 200 OK
INFO:     127.0.0.1:56672 - "GET /api/arbitrage/trades?limit=5000 HTTP/1.1" 200 OK
INFO:     127.0.0.1:56662 - "GET /api/arbitrage/opportunities?limit=500&simulation_volume_usd=1000 HTTP/1.1" 200 OK
INFO:     127.0.0.1:56672 - "GET /api/arbitrage/trades?limit=5000 HTTP/1.1" 200 OK
INFO:     127.0.0.1:56662 - "GET /api/arbitrage/opportunities?limit=500&simulation_volume_usd=1000 HTTP/1.1" 200 OK
INFO:     127.0.0.1:56672 - "GET /api/arbitrage/trades?limit=5000 HTTP/1.1" 200 OK
INFO:     127.0.0.1:56662 - "GET /api/arbitrage/opportunities?limit=500&simulation_volume_usd=1000 HTTP/1.1" 200 OK
INFO:     127.0.0.1:56672 - "GET /api/arbitrage/trades?limit=5000 HTTP/1.1" 200 OK
INFO:     127.0.0.1:56662 - "GET /api/arbitrage/opportunities?limit=500&simulation_volume_usd=1000 HTTP/1.1" 200 OK
INFO:     127.0.0.1:56672 - "GET /api/arbitrage/trades?limit=5000 HTTP/1.1" 200 OK
INFO:     127.0.0.1:56662 - "GET /api/arbitrage/opportunities?limit=500&simulation_volume_usd=1000 HTTP/1.1" 200 OK
INFO:     127.0.0.1:56672 - "GET /api/arbitrage/trades?limit=5000 HTTP/1.1" 200 OK
INFO:     127.0.0.1:56662 - "GET /api/arbitrage/opportunities?limit=500&simulation_volume_usd=1000 HTTP/1.1" 200 OK
INFO:     127.0.0.1:56672 - "GET /api/arbitrage/trades?limit=5000 HTTP/1.1" 200 OK
INFO:     127.0.0.1:56662 - "GET /api/arbitrage/opportunities?limit=500&simulation_volume_usd=1000 HTTP/1.1" 200 OK
INFO:     127.0.0.1:56672 - "GET /api/arbitrage/trades?limit=5000 HTTP/1.1" 200 OK
INFO:     127.0.0.1:56662 - "GET /api/arbitrage/opportunities?limit=500&simulation_volume_usd=1000 HTTP/1.1" 200 OK
INFO:     127.0.0.1:56672 - "GET /api/arbitrage/trades?limit=5000 HTTP/1.1" 200 OK
INFO:     connection closed
INFO:     127.0.0.1:56662 - "GET /api/arbitrage/opportunities?limit=500&simulation_volume_usd=1000 HTTP/1.1" 200 OK
INFO:     127.0.0.1:56672 - "GET /api/arbitrage/trades?limit=5000 HTTP/1.1" 200 OK
INFO:     127.0.0.1:53158 - "WebSocket /ws/arbitrage" [accepted]
INFO:     connection open
INFO:     127.0.0.1:56662 - "POST /api/arbitrage/simulation-volume HTTP/1.1" 200 OK
INFO:     127.0.0.1:56662 - "GET /api/arbitrage/opportunities?limit=500&simulation_volume_usd=1000 HTTP/1.1" 200 OK
INFO:     127.0.0.1:56672 - "GET /api/arbitrage/trades?limit=5000 HTTP/1.1" 200 OK
INFO:     127.0.0.1:56662 - "GET /api/arbitrage/opportunities?limit=500&simulation_volume_usd=1000 HTTP/1.1" 200 OK
INFO:     127.0.0.1:56672 - "GET /api/arbitrage/trades?limit=5000 HTTP/1.1" 200 OK
INFO:     127.0.0.1:56662 - "GET /api/arbitrage/opportunities?limit=500&simulation_volume_usd=1000 HTTP/1.1" 200 OK
INFO:     127.0.0.1:56672 - "GET /api/arbitrage/trades?limit=5000 HTTP/1.1" 200 OK
INFO:     127.0.0.1:56662 - "GET /api/arbitrage/opportunities?limit=500&simulation_volume_usd=1000 HTTP/1.1" 200 OK
INFO:     127.0.0.1:56672 - "GET /api/arbitrage/trades?limit=5000 HTTP/1.1" 200 OK
INFO:     127.0.0.1:56662 - "GET /api/arbitrage/opportunities?limit=500&simulation_volume_usd=1000 HTTP/1.1" 200 OK
INFO:     127.0.0.1:56672 - "GET /api/arbitrage/trades?limit=5000 HTTP/1.1" 200 OK
INFO:     127.0.0.1:56662 - "GET /api/arbitrage/opportunities?limit=500&simulation_volume_usd=1000 HTTP/1.1" 200 OK
INFO:     127.0.0.1:56672 - "GET /api/arbitrage/trades?limit=5000 HTTP/1.1" 200 OK
INFO:     127.0.0.1:56662 - "GET /api/arbitrage/opportunities?limit=500&simulation_volume_usd=1000 HTTP/1.1" 200 OK
INFO:     127.0.0.1:56672 - "GET /api/arbitrage/trades?limit=5000 HTTP/1.1" 200 OK
INFO:     127.0.0.1:56662 - "GET /api/arbitrage/opportunities?limit=500&simulation_volume_usd=1000 HTTP/1.1" 200 OK
INFO:     127.0.0.1:56672 - "GET /api/arbitrage/trades?limit=5000 HTTP/1.1" 200 OK
INFO:     127.0.0.1:56662 - "GET /api/arbitrage/opportunities?limit=500&simulation_volume_usd=1000 HTTP/1.1" 200 OK
INFO:     127.0.0.1:56672 - "GET /api/arbitrage/trades?limit=5000 HTTP/1.1" 200 OK
INFO:     127.0.0.1:56662 - "GET /api/arbitrage/opportunities?limit=500&simulation_volume_usd=1000 HTTP/1.1" 200 OK
INFO:     127.0.0.1:56672 - "GET /api/arbitrage/trades?limit=5000 HTTP/1.1" 200 OK
INFO:     127.0.0.1:56662 - "GET /api/arbitrage/opportunities?limit=500&simulation_volume_usd=1000 HTTP/1.1" 200 OK
INFO:     127.0.0.1:56672 - "GET /api/arbitrage/trades?limit=5000 HTTP/1.1" 200 OK
INFO:     127.0.0.1:56662 - "GET /api/arbitrage/opportunities?limit=500&simulation_volume_usd=1000 HTTP/1.1" 200 OK
INFO:     127.0.0.1:56672 - "GET /api/arbitrage/trades?limit=5000 HTTP/1.1" 200 OK
INFO:     127.0.0.1:56662 - "GET /api/arbitrage/opportunities?limit=500&simulation_volume_usd=1000 HTTP/1.1" 200 OK
INFO:     127.0.0.1:56672 - "GET /api/arbitrage/trades?limit=5000 HTTP/1.1" 200 OK
INFO:     127.0.0.1:56662 - "GET /api/arbitrage/opportunities?limit=500&simulation_volume_usd=1000 HTTP/1.1" 200 OK
INFO:     127.0.0.1:56672 - "GET /api/arbitrage/trades?limit=5000 HTTP/1.1" 200 OK
INFO:     127.0.0.1:56662 - "GET /api/arbitrage/opportunities?limit=500&simulation_volume_usd=1000 HTTP/1.1" 200 OK
INFO:     127.0.0.1:56672 - "GET /api/arbitrage/trades?limit=5000 HTTP/1.1" 200 OK
INFO:     127.0.0.1:56662 - "GET /api/arbitrage/opportunities?limit=500&simulation_volume_usd=1000 HTTP/1.1" 200 OK
INFO:     127.0.0.1:56672 - "GET /api/arbitrage/trades?limit=5000 HTTP/1.1" 200 OK
INFO:     127.0.0.1:56662 - "GET /api/arbitrage/opportunities?limit=500&simulation_volume_usd=1000 HTTP/1.1" 200 OK
INFO:     127.0.0.1:56672 - "GET /api/arbitrage/trades?limit=5000 HTTP/1.1" 200 OK
INFO:     127.0.0.1:56662 - "GET /api/arbitrage/opportunities?limit=500&simulation_volume_usd=1000 HTTP/1.1" 200 OK
INFO:     127.0.0.1:56672 - "GET /api/arbitrage/trades?limit=5000 HTTP/1.1" 200 OK
INFO:     127.0.0.1:56662 - "GET /api/arbitrage/opportunities?limit=500&simulation_volume_usd=1000 HTTP/1.1" 200 OK
INFO:     127.0.0.1:56672 - "GET /api/arbitrage/trades?limit=5000 HTTP/1.1" 200 OK
INFO:     127.0.0.1:56662 - "GET /api/arbitrage/opportunities?limit=500&simulation_volume_usd=1000 HTTP/1.1" 200 OK
INFO:     127.0.0.1:56672 - "GET /api/arbitrage/trades?limit=5000 HTTP/1.1" 200 OK
INFO:     127.0.0.1:56662 - "GET /api/arbitrage/opportunities?limit=500&simulation_volume_usd=1000 HTTP/1.1" 200 OK
INFO:     127.0.0.1:56672 - "GET /api/arbitrage/trades?limit=5000 HTTP/1.1" 200 OK
INFO:     127.0.0.1:56662 - "GET /api/arbitrage/opportunities?limit=500&simulation_volume_usd=1000 HTTP/1.1" 200 OK
INFO:     127.0.0.1:56672 - "GET /api/arbitrage/trades?limit=5000 HTTP/1.1" 200 OK
INFO:     127.0.0.1:56662 - "GET /api/arbitrage/opportunities?limit=500&simulation_volume_usd=1000 HTTP/1.1" 200 OK
INFO:     127.0.0.1:56672 - "GET /api/arbitrage/trades?limit=5000 HTTP/1.1" 200 OK
INFO:     127.0.0.1:56662 - "GET /api/arbitrage/opportunities?limit=500&simulation_volume_usd=1000 HTTP/1.1" 200 OK
INFO:     127.0.0.1:56672 - "GET /api/arbitrage/trades?limit=5000 HTTP/1.1" 200 OK
INFO:     127.0.0.1:56662 - "GET /api/arbitrage/opportunities?limit=500&simulation_volume_usd=1000 HTTP/1.1" 200 OK
INFO:     127.0.0.1:56672 - "GET /api/arbitrage/trades?limit=5000 HTTP/1.1" 200 OK
INFO:     127.0.0.1:56662 - "GET /api/arbitrage/opportunities?limit=500&simulation_volume_usd=1000 HTTP/1.1" 200 OK
INFO:     127.0.0.1:56672 - "GET /api/arbitrage/trades?limit=5000 HTTP/1.1" 200 OK
INFO:     127.0.0.1:56662 - "GET /api/arbitrage/opportunities?limit=500&simulation_volume_usd=1000 HTTP/1.1" 200 OK
INFO:     127.0.0.1:56672 - "GET /api/arbitrage/trades?limit=5000 HTTP/1.1" 200 OK
INFO:     127.0.0.1:56662 - "GET /api/arbitrage/opportunities?limit=500&simulation_volume_usd=1000 HTTP/1.1" 200 OK
INFO:     127.0.0.1:56672 - "GET /api/arbitrage/trades?limit=5000 HTTP/1.1" 200 OK
INFO:     127.0.0.1:56662 - "GET /api/arbitrage/opportunities?limit=500&simulation_volume_usd=1000 HTTP/1.1" 200 OK
INFO:     127.0.0.1:56672 - "GET /api/arbitrage/trades?limit=5000 HTTP/1.1" 200 OK
INFO:     127.0.0.1:56662 - "GET /api/arbitrage/opportunities?limit=500&simulation_volume_usd=1000 HTTP/1.1" 200 OK
INFO:     127.0.0.1:56672 - "GET /api/arbitrage/trades?limit=5000 HTTP/1.1" 200 OK
INFO:     127.0.0.1:56662 - "GET /api/arbitrage/opportunities?limit=500&simulation_volume_usd=1000 HTTP/1.1" 200 OK
INFO:     127.0.0.1:56672 - "GET /api/arbitrage/trades?limit=5000 HTTP/1.1" 200 OK
INFO:     127.0.0.1:56662 - "GET /api/arbitrage/opportunities?limit=500&simulation_volume_usd=1000 HTTP/1.1" 200 OK
INFO:     127.0.0.1:56672 - "GET /api/arbitrage/trades?limit=5000 HTTP/1.1" 200 OK
INFO:     127.0.0.1:56662 - "GET /api/arbitrage/opportunities?limit=500&simulation_volume_usd=1000 HTTP/1.1" 200 OK
INFO:     127.0.0.1:56672 - "GET /api/arbitrage/trades?limit=5000 HTTP/1.1" 200 OK
INFO:     127.0.0.1:56662 - "GET /api/arbitrage/opportunities?limit=500&simulation_volume_usd=1000 HTTP/1.1" 200 OK
INFO:     127.0.0.1:56672 - "GET /api/arbitrage/trades?limit=5000 HTTP/1.1" 200 OK
INFO:     127.0.0.1:56662 - "OPTIONS /api/arbitrage/simulation-volume HTTP/1.1" 200 OK
INFO:     127.0.0.1:56662 - "POST /api/arbitrage/simulation-volume HTTP/1.1" 200 OK
INFO:     127.0.0.1:56662 - "GET /api/arbitrage/opportunities?limit=500&simulation_volume_usd=1000 HTTP/1.1" 200 OK
INFO:     127.0.0.1:56672 - "GET /api/arbitrage/trades?limit=5000 HTTP/1.1" 200 OK
INFO:     127.0.0.1:56662 - "GET /api/arbitrage/opportunities?limit=500&simulation_volume_usd=1000 HTTP/1.1" 200 OK
INFO:     127.0.0.1:56672 - "GET /api/arbitrage/trades?limit=5000 HTTP/1.1" 200 OK
INFO:     127.0.0.1:56662 - "GET /api/arbitrage/opportunities?limit=500&simulation_volume_usd=1000 HTTP/1.1" 200 OK
INFO:     127.0.0.1:56672 - "GET /api/arbitrage/trades?limit=5000 HTTP/1.1" 200 OK
INFO:     127.0.0.1:56662 - "GET /api/arbitrage/opportunities?limit=500&simulation_volume_usd=1000 HTTP/1.1" 200 OK
INFO:     127.0.0.1:56672 - "GET /api/arbitrage/trades?limit=5000 HTTP/1.1" 200 OK
INFO:     127.0.0.1:56662 - "GET /api/arbitrage/opportunities?limit=500&simulation_volume_usd=1000 HTTP/1.1" 200 OK
INFO:     127.0.0.1:56672 - "GET /api/arbitrage/trades?limit=5000 HTTP/1.1" 200 OK
INFO:     127.0.0.1:56662 - "GET /api/arbitrage/opportunities?limit=500&simulation_volume_usd=1000 HTTP/1.1" 200 OK
INFO:     127.0.0.1:56672 - "GET /api/arbitrage/trades?limit=5000 HTTP/1.1" 200 OK
INFO:     127.0.0.1:56662 - "GET /api/arbitrage/opportunities?limit=500&simulation_volume_usd=1000 HTTP/1.1" 200 OK
INFO:     127.0.0.1:56672 - "GET /api/arbitrage/trades?limit=5000 HTTP/1.1" 200 OK
INFO:     127.0.0.1:56662 - "GET /api/arbitrage/opportunities?limit=500&simulation_volume_usd=1000 HTTP/1.1" 200 OK
INFO:     127.0.0.1:56672 - "GET /api/arbitrage/trades?limit=5000 HTTP/1.1" 200 OK
INFO:     127.0.0.1:56662 - "GET /api/arbitrage/opportunities?limit=500&simulation_volume_usd=1000 HTTP/1.1" 200 OK
INFO:     127.0.0.1:56672 - "GET /api/arbitrage/trades?limit=5000 HTTP/1.1" 200 OK
INFO:     127.0.0.1:56662 - "GET /api/arbitrage/opportunities?limit=500&simulation_volume_usd=1000 HTTP/1.1" 200 OK
INFO:     127.0.0.1:56672 - "GET /api/arbitrage/trades?limit=5000 HTTP/1.1" 200 OK
INFO:     127.0.0.1:56662 - "GET /api/arbitrage/opportunities?limit=500&simulation_volume_usd=1000 HTTP/1.1" 200 OK
INFO:     127.0.0.1:56672 - "GET /api/arbitrage/trades?limit=5000 HTTP/1.1" 200 OK
INFO:     127.0.0.1:56662 - "GET /api/arbitrage/opportunities?limit=500&simulation_volume_usd=1000 HTTP/1.1" 200 OK
INFO:     127.0.0.1:56672 - "GET /api/arbitrage/trades?limit=5000 HTTP/1.1" 200 OK
INFO:     127.0.0.1:56662 - "GET /api/arbitrage/opportunities?limit=500&simulation_volume_usd=1000 HTTP/1.1" 200 OK
INFO:     127.0.0.1:56672 - "GET /api/arbitrage/trades?limit=5000 HTTP/1.1" 200 OK
INFO:     127.0.0.1:56662 - "GET /api/arbitrage/opportunities?limit=500&simulation_volume_usd=1000 HTTP/1.1" 200 OK
INFO:     127.0.0.1:56672 - "GET /api/arbitrage/trades?limit=5000 HTTP/1.1" 200 OK
INFO:     127.0.0.1:56662 - "GET /api/arbitrage/opportunities?limit=500&simulation_volume_usd=1000 HTTP/1.1" 200 OK
INFO:     127.0.0.1:56672 - "GET /api/arbitrage/trades?limit=5000 HTTP/1.1" 200 OK
INFO:     127.0.0.1:56662 - "GET /api/arbitrage/opportunities?limit=500&simulation_volume_usd=1000 HTTP/1.1" 200 OK
INFO:     127.0.0.1:56672 - "GET /api/arbitrage/trades?limit=5000 HTTP/1.1" 200 OK
INFO:     127.0.0.1:56662 - "GET /api/arbitrage/opportunities?limit=500&simulation_volume_usd=1000 HTTP/1.1" 200 OK
INFO:     127.0.0.1:56672 - "GET /api/arbitrage/trades?limit=5000 HTTP/1.1" 200 OK
INFO:     127.0.0.1:56662 - "GET /api/arbitrage/opportunities?limit=500&simulation_volume_usd=1000 HTTP/1.1" 200 OK
INFO:     127.0.0.1:56672 - "GET /api/arbitrage/trades?limit=5000 HTTP/1.1" 200 OK
INFO:     127.0.0.1:56662 - "GET /api/arbitrage/opportunities?limit=500&simulation_volume_usd=1000 HTTP/1.1" 200 OK
INFO:     127.0.0.1:56672 - "GET /api/arbitrage/trades?limit=5000 HTTP/1.1" 200 OK
INFO:     127.0.0.1:56662 - "GET /api/arbitrage/opportunities?limit=500&simulation_volume_usd=1000 HTTP/1.1" 200 OK
INFO:     127.0.0.1:56672 - "GET /api/arbitrage/trades?limit=5000 HTTP/1.1" 200 OK
INFO:     127.0.0.1:56662 - "GET /api/arbitrage/opportunities?limit=500&simulation_volume_usd=1000 HTTP/1.1" 200 OK
INFO:     127.0.0.1:56672 - "GET /api/arbitrage/trades?limit=5000 HTTP/1.1" 200 OK
INFO:     127.0.0.1:56662 - "GET /api/arbitrage/opportunities?limit=500&simulation_volume_usd=1000 HTTP/1.1" 200 OK
INFO:     127.0.0.1:56672 - "GET /api/arbitrage/trades?limit=5000 HTTP/1.1" 200 OK
INFO:     127.0.0.1:56662 - "GET /api/arbitrage/opportunities?limit=500&simulation_volume_usd=1000 HTTP/1.1" 200 OK
INFO:     127.0.0.1:56672 - "GET /api/arbitrage/trades?limit=5000 HTTP/1.1" 200 OK
INFO:     127.0.0.1:56662 - "GET /api/arbitrage/opportunities?limit=500&simulation_volume_usd=1000 HTTP/1.1" 200 OK
INFO:     127.0.0.1:56672 - "GET /api/arbitrage/trades?limit=5000 HTTP/1.1" 200 OK
INFO:     127.0.0.1:56662 - "GET /api/arbitrage/opportunities?limit=500&simulation_volume_usd=1000 HTTP/1.1" 200 OK
INFO:     127.0.0.1:56672 - "GET /api/arbitrage/trades?limit=5000 HTTP/1.1" 200 OK
INFO:     127.0.0.1:56662 - "GET /api/arbitrage/opportunities?limit=500&simulation_volume_usd=1000 HTTP/1.1" 200 OK
INFO:     127.0.0.1:56672 - "GET /api/arbitrage/trades?limit=5000 HTTP/1.1" 200 OK
INFO:     127.0.0.1:56662 - "GET /api/arbitrage/opportunities?limit=500&simulation_volume_usd=1000 HTTP/1.1" 200 OK
INFO:     127.0.0.1:56672 - "GET /api/arbitrage/trades?limit=5000 HTTP/1.1" 200 OK
INFO:     127.0.0.1:56662 - "GET /api/arbitrage/opportunities?limit=500&simulation_volume_usd=1000 HTTP/1.1" 200 OK
INFO:     127.0.0.1:56672 - "GET /api/arbitrage/trades?limit=5000 HTTP/1.1" 200 OK
INFO:     127.0.0.1:56662 - "GET /api/arbitrage/opportunities?limit=500&simulation_volume_usd=1000 HTTP/1.1" 200 OK
INFO:     127.0.0.1:56672 - "GET /api/arbitrage/trades?limit=5000 HTTP/1.1" 200 OK
INFO:     127.0.0.1:56662 - "GET /api/arbitrage/opportunities?limit=500&simulation_volume_usd=1000 HTTP/1.1" 200 OK
INFO:     127.0.0.1:56672 - "GET /api/arbitrage/trades?limit=5000 HTTP/1.1" 200 OK
INFO:     127.0.0.1:56662 - "GET /api/arbitrage/opportunities?limit=500&simulation_volume_usd=1000 HTTP/1.1" 200 OK
INFO:     127.0.0.1:56672 - "GET /api/arbitrage/trades?limit=5000 HTTP/1.1" 200 OK
INFO:     127.0.0.1:56662 - "GET /api/arbitrage/opportunities?limit=500&simulation_volume_usd=1000 HTTP/1.1" 200 OK
INFO:     127.0.0.1:56672 - "GET /api/arbitrage/trades?limit=5000 HTTP/1.1" 200 OK
INFO:     127.0.0.1:56662 - "GET /api/arbitrage/opportunities?limit=500&simulation_volume_usd=1000 HTTP/1.1" 200 OK
INFO:     127.0.0.1:56672 - "GET /api/arbitrage/trades?limit=5000 HTTP/1.1" 200 OK
INFO:     127.0.0.1:56662 - "GET /api/arbitrage/opportunities?limit=500&simulation_volume_usd=1000 HTTP/1.1" 200 OK
INFO:     127.0.0.1:56672 - "GET /api/arbitrage/trades?limit=5000 HTTP/1.1" 200 OK
INFO:     127.0.0.1:56662 - "GET /api/arbitrage/opportunities?limit=500&simulation_volume_usd=1000 HTTP/1.1" 200 OK
INFO:     127.0.0.1:56672 - "GET /api/arbitrage/trades?limit=5000 HTTP/1.1" 200 OK
INFO:     127.0.0.1:56662 - "GET /api/arbitrage/opportunities?limit=500&simulation_volume_usd=1000 HTTP/1.1" 200 OK
INFO:     127.0.0.1:56672 - "GET /api/arbitrage/trades?limit=5000 HTTP/1.1" 200 OK
INFO:     127.0.0.1:56662 - "GET /api/arbitrage/opportunities?limit=500&simulation_volume_usd=1000 HTTP/1.1" 200 OK
INFO:     127.0.0.1:56672 - "GET /api/arbitrage/trades?limit=5000 HTTP/1.1" 200 OK
INFO:     127.0.0.1:56662 - "GET /api/arbitrage/opportunities?limit=500&simulation_volume_usd=1000 HTTP/1.1" 200 OK
INFO:     127.0.0.1:56672 - "GET /api/arbitrage/trades?limit=5000 HTTP/1.1" 200 OK
INFO:     127.0.0.1:56662 - "GET /api/arbitrage/opportunities?limit=500&simulation_volume_usd=1000 HTTP/1.1" 200 OK
INFO:     127.0.0.1:56672 - "GET /api/arbitrage/trades?limit=5000 HTTP/1.1" 200 OK
INFO:     127.0.0.1:56662 - "GET /api/arbitrage/opportunities?limit=500&simulation_volume_usd=1000 HTTP/1.1" 200 OK
INFO:     127.0.0.1:56672 - "GET /api/arbitrage/trades?limit=5000 HTTP/1.1" 200 OK
INFO:     127.0.0.1:56662 - "GET /api/arbitrage/opportunities?limit=500&simulation_volume_usd=1000 HTTP/1.1" 200 OK
INFO:     127.0.0.1:56672 - "GET /api/arbitrage/trades?limit=5000 HTTP/1.1" 200 OK
INFO:     127.0.0.1:56662 - "GET /api/arbitrage/opportunities?limit=500&simulation_volume_usd=1000 HTTP/1.1" 200 OK
INFO:     127.0.0.1:56672 - "GET /api/arbitrage/trades?limit=5000 HTTP/1.1" 200 OK
INFO:     127.0.0.1:56662 - "GET /api/arbitrage/opportunities?limit=500&simulation_volume_usd=1000 HTTP/1.1" 200 OK
INFO:     127.0.0.1:56672 - "GET /api/arbitrage/trades?limit=5000 HTTP/1.1" 200 OK
INFO:     127.0.0.1:56662 - "GET /api/arbitrage/opportunities?limit=500&simulation_volume_usd=1000 HTTP/1.1" 200 OK
INFO:     127.0.0.1:56672 - "GET /api/arbitrage/trades?limit=5000 HTTP/1.1" 200 OK
INFO:     127.0.0.1:56662 - "GET /api/arbitrage/opportunities?limit=500&simulation_volume_usd=1000 HTTP/1.1" 200 OK
INFO:     127.0.0.1:56672 - "GET /api/arbitrage/trades?limit=5000 HTTP/1.1" 200 OK
INFO:     127.0.0.1:56662 - "GET /api/arbitrage/opportunities?limit=500&simulation_volume_usd=1000 HTTP/1.1" 200 OK
INFO:     127.0.0.1:56672 - "GET /api/arbitrage/trades?limit=5000 HTTP/1.1" 200 OK
INFO:     127.0.0.1:56662 - "GET /api/arbitrage/opportunities?limit=500&simulation_volume_usd=1000 HTTP/1.1" 200 OK
INFO:     127.0.0.1:56672 - "GET /api/arbitrage/trades?limit=5000 HTTP/1.1" 200 OK
INFO:     127.0.0.1:56662 - "GET /api/arbitrage/opportunities?limit=500&simulation_volume_usd=1000 HTTP/1.1" 200 OK
INFO:     127.0.0.1:56672 - "GET /api/arbitrage/trades?limit=5000 HTTP/1.1" 200 OK
INFO:     127.0.0.1:56662 - "GET /api/arbitrage/opportunities?limit=500&simulation_volume_usd=1000 HTTP/1.1" 200 OK
INFO:     127.0.0.1:56672 - "GET /api/arbitrage/trades?limit=5000 HTTP/1.1" 200 OK
INFO:     127.0.0.1:56662 - "GET /api/arbitrage/opportunities?limit=500&simulation_volume_usd=1000 HTTP/1.1" 200 OK
INFO:     127.0.0.1:56672 - "GET /api/arbitrage/trades?limit=5000 HTTP/1.1" 200 OK
INFO:     127.0.0.1:56662 - "GET /api/arbitrage/opportunities?limit=500&simulation_volume_usd=1000 HTTP/1.1" 200 OK
INFO:     127.0.0.1:56672 - "GET /api/arbitrage/trades?limit=5000 HTTP/1.1" 200 OK
INFO:     127.0.0.1:56662 - "GET /api/arbitrage/opportunities?limit=500&simulation_volume_usd=1000 HTTP/1.1" 200 OK
INFO:     127.0.0.1:56672 - "GET /api/arbitrage/trades?limit=5000 HTTP/1.1" 200 OK
INFO:     127.0.0.1:56662 - "GET /api/arbitrage/opportunities?limit=500&simulation_volume_usd=1000 HTTP/1.1" 200 OK
INFO:     127.0.0.1:56672 - "GET /api/arbitrage/trades?limit=5000 HTTP/1.1" 200 OK
INFO:     127.0.0.1:56662 - "GET /api/arbitrage/opportunities?limit=500&simulation_volume_usd=1000 HTTP/1.1" 200 OK
INFO:     127.0.0.1:56672 - "GET /api/arbitrage/trades?limit=5000 HTTP/1.1" 200 OK
INFO:     127.0.0.1:56662 - "GET /api/arbitrage/opportunities?limit=500&simulation_volume_usd=1000 HTTP/1.1" 200 OK
INFO:     127.0.0.1:56672 - "GET /api/arbitrage/trades?limit=5000 HTTP/1.1" 200 OK
INFO:     127.0.0.1:56662 - "GET /api/arbitrage/opportunities?limit=500&simulation_volume_usd=1000 HTTP/1.1" 200 OK
INFO:     127.0.0.1:56672 - "GET /api/arbitrage/trades?limit=5000 HTTP/1.1" 200 OK
INFO:     127.0.0.1:56662 - "GET /api/arbitrage/opportunities?limit=500&simulation_volume_usd=1000 HTTP/1.1" 200 OK
INFO:     127.0.0.1:56672 - "GET /api/arbitrage/trades?limit=5000 HTTP/1.1" 200 OK
INFO:     127.0.0.1:56662 - "GET /api/arbitrage/opportunities?limit=500&simulation_volume_usd=1000 HTTP/1.1" 200 OK
INFO:     127.0.0.1:56672 - "GET /api/arbitrage/trades?limit=5000 HTTP/1.1" 200 OK
INFO:     127.0.0.1:56662 - "GET /api/arbitrage/opportunities?limit=500&simulation_volume_usd=1000 HTTP/1.1" 200 OK
INFO:     127.0.0.1:56672 - "GET /api/arbitrage/trades?limit=5000 HTTP/1.1" 200 OK
INFO:     127.0.0.1:56662 - "GET /api/arbitrage/opportunities?limit=500&simulation_volume_usd=1000 HTTP/1.1" 200 OK
INFO:     127.0.0.1:56672 - "GET /api/arbitrage/trades?limit=5000 HTTP/1.1" 200 OK
INFO:     127.0.0.1:56662 - "GET /api/arbitrage/opportunities?limit=500&simulation_volume_usd=1000 HTTP/1.1" 200 OK
INFO:     127.0.0.1:56672 - "GET /api/arbitrage/trades?limit=5000 HTTP/1.1" 200 OK
INFO:     127.0.0.1:56662 - "GET /api/arbitrage/opportunities?limit=500&simulation_volume_usd=1000 HTTP/1.1" 200 OK
INFO:     127.0.0.1:56672 - "GET /api/arbitrage/trades?limit=5000 HTTP/1.1" 200 OK
INFO:     127.0.0.1:56662 - "GET /api/arbitrage/opportunities?limit=500&simulation_volume_usd=1000 HTTP/1.1" 200 OK
INFO:     127.0.0.1:56672 - "GET /api/arbitrage/trades?limit=5000 HTTP/1.1" 200 OK
INFO:     127.0.0.1:56662 - "GET /api/arbitrage/opportunities?limit=500&simulation_volume_usd=1000 HTTP/1.1" 200 OK
INFO:     127.0.0.1:56672 - "GET /api/arbitrage/trades?limit=5000 HTTP/1.1" 200 OK
INFO:     127.0.0.1:56662 - "GET /api/arbitrage/opportunities?limit=500&simulation_volume_usd=1000 HTTP/1.1" 200 OK
INFO:     127.0.0.1:56672 - "GET /api/arbitrage/trades?limit=5000 HTTP/1.1" 200 OK
INFO:     127.0.0.1:56662 - "GET /api/arbitrage/opportunities?limit=500&simulation_volume_usd=1000 HTTP/1.1" 200 OK
INFO:     127.0.0.1:56672 - "GET /api/arbitrage/trades?limit=5000 HTTP/1.1" 200 OK
INFO:     127.0.0.1:56662 - "GET /api/arbitrage/opportunities?limit=500&simulation_volume_usd=1000 HTTP/1.1" 200 OK
INFO:     127.0.0.1:56672 - "GET /api/arbitrage/trades?limit=5000 HTTP/1.1" 200 OK
INFO:     127.0.0.1:56662 - "GET /api/arbitrage/opportunities?limit=500&simulation_volume_usd=1000 HTTP/1.1" 200 OK
INFO:     127.0.0.1:56672 - "GET /api/arbitrage/trades?limit=5000 HTTP/1.1" 200 OK
INFO:     127.0.0.1:56662 - "GET /api/arbitrage/opportunities?limit=500&simulation_volume_usd=1000 HTTP/1.1" 200 OK
INFO:     127.0.0.1:56672 - "GET /api/arbitrage/trades?limit=5000 HTTP/1.1" 200 OK
INFO:     127.0.0.1:56662 - "GET /api/arbitrage/opportunities?limit=500&simulation_volume_usd=1000 HTTP/1.1" 200 OK
INFO:     127.0.0.1:56672 - "GET /api/arbitrage/trades?limit=5000 HTTP/1.1" 200 OK
INFO:     127.0.0.1:56662 - "GET /api/arbitrage/opportunities?limit=500&simulation_volume_usd=1000 HTTP/1.1" 200 OK
INFO:     127.0.0.1:56672 - "GET /api/arbitrage/trades?limit=5000 HTTP/1.1" 200 OK
INFO:     127.0.0.1:56662 - "GET /api/arbitrage/opportunities?limit=500&simulation_volume_usd=1000 HTTP/1.1" 200 OK
INFO:     127.0.0.1:56672 - "GET /api/arbitrage/trades?limit=5000 HTTP/1.1" 200 OK
INFO:     127.0.0.1:56662 - "GET /api/arbitrage/opportunities?limit=500&simulation_volume_usd=1000 HTTP/1.1" 200 OK
INFO:     127.0.0.1:56672 - "GET /api/arbitrage/trades?limit=5000 HTTP/1.1" 200 OK
INFO:     127.0.0.1:56662 - "GET /api/arbitrage/opportunities?limit=500&simulation_volume_usd=1000 HTTP/1.1" 200 OK
INFO:     127.0.0.1:56672 - "GET /api/arbitrage/trades?limit=5000 HTTP/1.1" 200 OK
INFO:     127.0.0.1:56662 - "GET /api/arbitrage/opportunities?limit=500&simulation_volume_usd=1000 HTTP/1.1" 200 OK
INFO:     127.0.0.1:56672 - "GET /api/arbitrage/trades?limit=5000 HTTP/1.1" 200 OK
INFO:     127.0.0.1:56662 - "GET /api/arbitrage/opportunities?limit=500&simulation_volume_usd=1000 HTTP/1.1" 200 OK
INFO:     127.0.0.1:56672 - "GET /api/arbitrage/trades?limit=5000 HTTP/1.1" 200 OK
INFO:     127.0.0.1:56662 - "GET /api/arbitrage/opportunities?limit=500&simulation_volume_usd=1000 HTTP/1.1" 200 OK
INFO:     127.0.0.1:56672 - "GET /api/arbitrage/trades?limit=5000 HTTP/1.1" 200 OK
INFO:     127.0.0.1:56662 - "GET /api/arbitrage/opportunities?limit=500&simulation_volume_usd=1000 HTTP/1.1" 200 OK
INFO:     127.0.0.1:56672 - "GET /api/arbitrage/trades?limit=5000 HTTP/1.1" 200 OK
INFO:     127.0.0.1:56662 - "GET /api/arbitrage/opportunities?limit=500&simulation_volume_usd=1000 HTTP/1.1" 200 OK
INFO:     127.0.0.1:56672 - "GET /api/arbitrage/trades?limit=5000 HTTP/1.1" 200 OK
INFO:     127.0.0.1:56662 - "GET /api/arbitrage/opportunities?limit=500&simulation_volume_usd=1000 HTTP/1.1" 200 OK
INFO:     127.0.0.1:56672 - "GET /api/arbitrage/trades?limit=5000 HTTP/1.1" 200 OK
INFO:     127.0.0.1:54072 - "GET /api/arbitrage/opportunities?limit=500&simulation_volume_usd=1000 HTTP/1.1" 200 OK
INFO:     127.0.0.1:54076 - "GET /api/arbitrage/trades?limit=5000 HTTP/1.1" 200 OK
INFO:     127.0.0.1:54072 - "GET /api/arbitrage/opportunities?limit=500&simulation_volume_usd=1000 HTTP/1.1" 200 OK
INFO:     127.0.0.1:54076 - "GET /api/arbitrage/trades?limit=5000 HTTP/1.1" 200 OK
INFO:     127.0.0.1:54072 - "GET /api/arbitrage/opportunities?limit=500&simulation_volume_usd=1000 HTTP/1.1" 200 OK
INFO:     127.0.0.1:54076 - "GET /api/arbitrage/trades?limit=5000 HTTP/1.1" 200 OK
INFO:     127.0.0.1:54072 - "GET /api/arbitrage/opportunities?limit=500&simulation_volume_usd=1000 HTTP/1.1" 200 OK
INFO:     127.0.0.1:54076 - "GET /api/arbitrage/trades?limit=5000 HTTP/1.1" 200 OK
INFO:     127.0.0.1:54072 - "GET /api/arbitrage/opportunities?limit=500&simulation_volume_usd=1000 HTTP/1.1" 200 OK
INFO:     127.0.0.1:54076 - "GET /api/arbitrage/trades?limit=5000 HTTP/1.1" 200 OK
INFO:     127.0.0.1:54072 - "POST /api/arbitrage/simulation-volume HTTP/1.1" 200 OK
INFO:     127.0.0.1:54072 - "GET /api/arbitrage/opportunities?limit=500&simulation_volume_usd=1000 HTTP/1.1" 200 OK
INFO:     127.0.0.1:54076 - "GET /api/arbitrage/trades?limit=5000 HTTP/1.1" 200 OK
INFO:     127.0.0.1:54072 - "GET /api/arbitrage/opportunities?limit=500&simulation_volume_usd=1000 HTTP/1.1" 200 OK
INFO:     127.0.0.1:54076 - "GET /api/arbitrage/trades?limit=5000 HTTP/1.1" 200 OK
INFO:     127.0.0.1:54072 - "GET /api/arbitrage/opportunities?limit=500&simulation_volume_usd=1000 HTTP/1.1" 200 OK
INFO:     127.0.0.1:54076 - "GET /api/arbitrage/trades?limit=5000 HTTP/1.1" 200 OK
INFO:     127.0.0.1:54072 - "GET /api/arbitrage/opportunities?limit=500&simulation_volume_usd=1000 HTTP/1.1" 200 OK
INFO:     127.0.0.1:54076 - "GET /api/arbitrage/trades?limit=5000 HTTP/1.1" 200 OK
INFO:     127.0.0.1:54072 - "GET /api/arbitrage/opportunities?limit=500&simulation_volume_usd=1000 HTTP/1.1" 200 OK
INFO:     127.0.0.1:54076 - "GET /api/arbitrage/trades?limit=5000 HTTP/1.1" 200 OK
INFO:     127.0.0.1:54072 - "GET /api/arbitrage/opportunities?limit=500&simulation_volume_usd=1000 HTTP/1.1" 200 OK
INFO:     127.0.0.1:54076 - "GET /api/arbitrage/trades?limit=5000 HTTP/1.1" 200 OK
INFO:     127.0.0.1:54072 - "GET /api/arbitrage/opportunities?limit=500&simulation_volume_usd=1000 HTTP/1.1" 200 OK
INFO:     127.0.0.1:54076 - "GET /api/arbitrage/trades?limit=5000 HTTP/1.1" 200 OK
INFO:     127.0.0.1:54072 - "GET /api/arbitrage/opportunities?limit=500&simulation_volume_usd=1000 HTTP/1.1" 200 OK
INFO:     127.0.0.1:54076 - "GET /api/arbitrage/trades?limit=5000 HTTP/1.1" 200 OK
INFO:     127.0.0.1:54072 - "GET /api/arbitrage/opportunities?limit=500&simulation_volume_usd=1000 HTTP/1.1" 200 OK
INFO:     127.0.0.1:54076 - "GET /api/arbitrage/trades?limit=5000 HTTP/1.1" 200 OK
INFO:     127.0.0.1:54072 - "GET /api/arbitrage/opportunities?limit=500&simulation_volume_usd=1000 HTTP/1.1" 200 OK
INFO:     127.0.0.1:54076 - "GET /api/arbitrage/trades?limit=5000 HTTP/1.1" 200 OK
INFO:     127.0.0.1:54072 - "GET /api/arbitrage/opportunities?limit=500&simulation_volume_usd=1000 HTTP/1.1" 200 OK
INFO:     127.0.0.1:54076 - "GET /api/arbitrage/trades?limit=5000 HTTP/1.1" 200 OK
INFO:     127.0.0.1:54072 - "GET /api/arbitrage/opportunities?limit=500&simulation_volume_usd=1000 HTTP/1.1" 200 OK
INFO:     127.0.0.1:54076 - "GET /api/arbitrage/trades?limit=5000 HTTP/1.1" 200 OK
INFO:     127.0.0.1:54072 - "GET /api/arbitrage/opportunities?limit=500&simulation_volume_usd=1000 HTTP/1.1" 200 OK
INFO:     127.0.0.1:54076 - "GET /api/arbitrage/trades?limit=5000 HTTP/1.1" 200 OK
INFO:     127.0.0.1:54072 - "GET /api/arbitrage/opportunities?limit=500&simulation_volume_usd=1000 HTTP/1.1" 200 OK
INFO:     127.0.0.1:54076 - "GET /api/arbitrage/trades?limit=5000 HTTP/1.1" 200 OK
INFO:     127.0.0.1:54072 - "GET /api/arbitrage/opportunities?limit=500&simulation_volume_usd=1000 HTTP/1.1" 200 OK
INFO:     127.0.0.1:54076 - "GET /api/arbitrage/trades?limit=5000 HTTP/1.1" 200 OK
INFO:     127.0.0.1:54072 - "GET /api/arbitrage/opportunities?limit=500&simulation_volume_usd=1000 HTTP/1.1" 200 OK
INFO:     127.0.0.1:54076 - "GET /api/arbitrage/trades?limit=5000 HTTP/1.1" 200 OK
INFO:     127.0.0.1:54072 - "GET /api/arbitrage/opportunities?limit=500&simulation_volume_usd=1000 HTTP/1.1" 200 OK
INFO:     127.0.0.1:54076 - "GET /api/arbitrage/trades?limit=5000 HTTP/1.1" 200 OK
INFO:     127.0.0.1:54072 - "GET /api/arbitrage/opportunities?limit=500&simulation_volume_usd=1000 HTTP/1.1" 200 OK
INFO:     127.0.0.1:54076 - "GET /api/arbitrage/trades?limit=5000 HTTP/1.1" 200 OK
INFO:     127.0.0.1:54072 - "GET /api/arbitrage/opportunities?limit=500&simulation_volume_usd=1000 HTTP/1.1" 200 OK
INFO:     127.0.0.1:54076 - "GET /api/arbitrage/trades?limit=5000 HTTP/1.1" 200 OK
INFO:     127.0.0.1:54072 - "GET /api/arbitrage/opportunities?limit=500&simulation_volume_usd=1000 HTTP/1.1" 200 OK
INFO:     127.0.0.1:54076 - "GET /api/arbitrage/trades?limit=5000 HTTP/1.1" 200 OK
INFO:     127.0.0.1:54072 - "GET /api/arbitrage/opportunities?limit=500&simulation_volume_usd=1000 HTTP/1.1" 200 OK
INFO:     127.0.0.1:54076 - "GET /api/arbitrage/trades?limit=5000 HTTP/1.1" 200 OK
INFO:     127.0.0.1:54072 - "POST /api/arbitrage/simulation-volume HTTP/1.1" 200 OK
INFO:     127.0.0.1:54072 - "GET /api/arbitrage/opportunities?limit=500&simulation_volume_usd=1000 HTTP/1.1" 200 OK
INFO:     127.0.0.1:54076 - "GET /api/arbitrage/trades?limit=5000 HTTP/1.1" 200 OK
INFO:     127.0.0.1:54072 - "GET /api/arbitrage/opportunities?limit=500&simulation_volume_usd=1000 HTTP/1.1" 200 OK
INFO:     127.0.0.1:54076 - "GET /api/arbitrage/trades?limit=5000 HTTP/1.1" 200 OK
INFO:     127.0.0.1:54072 - "GET /api/arbitrage/opportunities?limit=500&simulation_volume_usd=1000 HTTP/1.1" 200 OK
INFO:     127.0.0.1:54076 - "GET /api/arbitrage/trades?limit=5000 HTTP/1.1" 200 OK
INFO:     127.0.0.1:54072 - "GET /api/arbitrage/opportunities?limit=500&simulation_volume_usd=1000 HTTP/1.1" 200 OK
INFO:     127.0.0.1:54076 - "GET /api/arbitrage/trades?limit=5000 HTTP/1.1" 200 OK
INFO:     127.0.0.1:54072 - "GET /api/arbitrage/opportunities?limit=500&simulation_volume_usd=1000 HTTP/1.1" 200 OK
INFO:     127.0.0.1:54076 - "GET /api/arbitrage/trades?limit=5000 HTTP/1.1" 200 OK
INFO:     127.0.0.1:54072 - "GET /api/arbitrage/opportunities?limit=500&simulation_volume_usd=1000 HTTP/1.1" 200 OK
INFO:     127.0.0.1:54076 - "GET /api/arbitrage/trades?limit=5000 HTTP/1.1" 200 OK
INFO:     127.0.0.1:54072 - "GET /api/arbitrage/opportunities?limit=500&simulation_volume_usd=1000 HTTP/1.1" 200 OK
INFO:     127.0.0.1:54076 - "GET /api/arbitrage/trades?limit=5000 HTTP/1.1" 200 OK
INFO:     127.0.0.1:54072 - "GET /api/arbitrage/opportunities?limit=500&simulation_volume_usd=1000 HTTP/1.1" 200 OK
INFO:     127.0.0.1:54076 - "GET /api/arbitrage/trades?limit=5000 HTTP/1.1" 200 OK
INFO:     127.0.0.1:54072 - "GET /api/arbitrage/opportunities?limit=500&simulation_volume_usd=1000 HTTP/1.1" 200 OK
INFO:     127.0.0.1:54076 - "GET /api/arbitrage/trades?limit=5000 HTTP/1.1" 200 OK
INFO:     127.0.0.1:54072 - "GET /api/arbitrage/opportunities?limit=500&simulation_volume_usd=1000 HTTP/1.1" 200 OK
INFO:     127.0.0.1:54076 - "GET /api/arbitrage/trades?limit=5000 HTTP/1.1" 200 OK
INFO:     127.0.0.1:54072 - "GET /api/arbitrage/opportunities?limit=500&simulation_volume_usd=1000 HTTP/1.1" 200 OK
INFO:     127.0.0.1:54076 - "GET /api/arbitrage/trades?limit=5000 HTTP/1.1" 200 OK
INFO:     127.0.0.1:54072 - "GET /api/arbitrage/opportunities?limit=500&simulation_volume_usd=1000 HTTP/1.1" 200 OK
INFO:     127.0.0.1:54076 - "GET /api/arbitrage/trades?limit=5000 HTTP/1.1" 200 OK
INFO:     127.0.0.1:54072 - "GET /api/arbitrage/opportunities?limit=500&simulation_volume_usd=1000 HTTP/1.1" 200 OK
INFO:     127.0.0.1:54076 - "GET /api/arbitrage/trades?limit=5000 HTTP/1.1" 200 OK
INFO:     127.0.0.1:54072 - "GET /api/arbitrage/opportunities?limit=500&simulation_volume_usd=1000 HTTP/1.1" 200 OK
INFO:     127.0.0.1:54076 - "GET /api/arbitrage/trades?limit=5000 HTTP/1.1" 200 OK
INFO:     127.0.0.1:54072 - "GET /api/arbitrage/opportunities?limit=500&simulation_volume_usd=1000 HTTP/1.1" 200 OK
INFO:     127.0.0.1:54076 - "GET /api/arbitrage/trades?limit=5000 HTTP/1.1" 200 OK
INFO:     127.0.0.1:54072 - "GET /api/arbitrage/opportunities?limit=500&simulation_volume_usd=1000 HTTP/1.1" 200 OK
INFO:     127.0.0.1:54076 - "GET /api/arbitrage/trades?limit=5000 HTTP/1.1" 200 OK
INFO:     127.0.0.1:54072 - "GET /api/arbitrage/opportunities?limit=500&simulation_volume_usd=1000 HTTP/1.1" 200 OK
INFO:     127.0.0.1:54076 - "GET /api/arbitrage/trades?limit=5000 HTTP/1.1" 200 OK
INFO:     127.0.0.1:54072 - "GET /api/arbitrage/opportunities?limit=500&simulation_volume_usd=1000 HTTP/1.1" 200 OK
INFO:     127.0.0.1:54076 - "GET /api/arbitrage/trades?limit=5000 HTTP/1.1" 200 OK
INFO:     127.0.0.1:54072 - "GET /api/arbitrage/opportunities?limit=500&simulation_volume_usd=1000 HTTP/1.1" 200 OK
INFO:     127.0.0.1:54076 - "GET /api/arbitrage/trades?limit=5000 HTTP/1.1" 200 OK
INFO:     127.0.0.1:54072 - "GET /api/arbitrage/opportunities?limit=500&simulation_volume_usd=1000 HTTP/1.1" 200 OK
INFO:     127.0.0.1:54076 - "GET /api/arbitrage/trades?limit=5000 HTTP/1.1" 200 OK
INFO:     127.0.0.1:54072 - "GET /api/arbitrage/opportunities?limit=500&simulation_volume_usd=1000 HTTP/1.1" 200 OK
INFO:     127.0.0.1:54076 - "GET /api/arbitrage/trades?limit=5000 HTTP/1.1" 200 OK
INFO:     127.0.0.1:54072 - "GET /api/arbitrage/opportunities?limit=500&simulation_volume_usd=1000 HTTP/1.1" 200 OK
INFO:     127.0.0.1:54076 - "GET /api/arbitrage/trades?limit=5000 HTTP/1.1" 200 OK
INFO:     127.0.0.1:54072 - "GET /api/arbitrage/opportunities?limit=500&simulation_volume_usd=1000 HTTP/1.1" 200 OK
INFO:     127.0.0.1:54076 - "GET /api/arbitrage/trades?limit=5000 HTTP/1.1" 200 OK
INFO:     127.0.0.1:54072 - "GET /api/arbitrage/opportunities?limit=500&simulation_volume_usd=1000 HTTP/1.1" 200 OK
INFO:     127.0.0.1:54076 - "GET /api/arbitrage/trades?limit=5000 HTTP/1.1" 200 OK
INFO:     127.0.0.1:54072 - "GET /api/arbitrage/opportunities?limit=500&simulation_volume_usd=1000 HTTP/1.1" 200 OK
INFO:     127.0.0.1:54076 - "GET /api/arbitrage/trades?limit=5000 HTTP/1.1" 200 OK
INFO:     127.0.0.1:54072 - "GET /api/arbitrage/opportunities?limit=500&simulation_volume_usd=1000 HTTP/1.1" 200 OK
INFO:     127.0.0.1:54076 - "GET /api/arbitrage/trades?limit=5000 HTTP/1.1" 200 OK
INFO:     127.0.0.1:54072 - "GET /api/arbitrage/opportunities?limit=500&simulation_volume_usd=1000 HTTP/1.1" 200 OK
INFO:     127.0.0.1:54076 - "GET /api/arbitrage/trades?limit=5000 HTTP/1.1" 200 OK
INFO:     127.0.0.1:54072 - "GET /api/arbitrage/opportunities?limit=500&simulation_volume_usd=1000 HTTP/1.1" 200 OK
INFO:     127.0.0.1:54076 - "GET /api/arbitrage/trades?limit=5000 HTTP/1.1" 200 OK
INFO:     127.0.0.1:54072 - "GET /api/arbitrage/opportunities?limit=500&simulation_volume_usd=1000 HTTP/1.1" 200 OK
INFO:     127.0.0.1:54076 - "GET /api/arbitrage/trades?limit=5000 HTTP/1.1" 200 OK
INFO:     127.0.0.1:54072 - "GET /api/arbitrage/opportunities?limit=500&simulation_volume_usd=1000 HTTP/1.1" 200 OK
INFO:     127.0.0.1:54076 - "GET /api/arbitrage/trades?limit=5000 HTTP/1.1" 200 OK
INFO:     127.0.0.1:54072 - "GET /api/arbitrage/opportunities?limit=500&simulation_volume_usd=1000 HTTP/1.1" 200 OK
INFO:     127.0.0.1:54076 - "GET /api/arbitrage/trades?limit=5000 HTTP/1.1" 200 OK
INFO:     127.0.0.1:54072 - "GET /api/arbitrage/opportunities?limit=500&simulation_volume_usd=1000 HTTP/1.1" 200 OK
INFO:     127.0.0.1:54076 - "GET /api/arbitrage/trades?limit=5000 HTTP/1.1" 200 OK
INFO:     127.0.0.1:54072 - "GET /api/arbitrage/opportunities?limit=500&simulation_volume_usd=1000 HTTP/1.1" 200 OK
INFO:     127.0.0.1:54076 - "GET /api/arbitrage/trades?limit=5000 HTTP/1.1" 200 OK
INFO:     127.0.0.1:54072 - "GET /api/arbitrage/opportunities?limit=500&simulation_volume_usd=1000 HTTP/1.1" 200 OK
INFO:     127.0.0.1:54076 - "GET /api/arbitrage/trades?limit=5000 HTTP/1.1" 200 OK
INFO:     127.0.0.1:54072 - "GET /api/arbitrage/opportunities?limit=500&simulation_volume_usd=1000 HTTP/1.1" 200 OK
INFO:     127.0.0.1:54076 - "GET /api/arbitrage/trades?limit=5000 HTTP/1.1" 200 OK
INFO:     127.0.0.1:54072 - "GET /api/arbitrage/opportunities?limit=500&simulation_volume_usd=1000 HTTP/1.1" 200 OK
INFO:     127.0.0.1:54076 - "GET /api/arbitrage/trades?limit=5000 HTTP/1.1" 200 OK
INFO:     127.0.0.1:54072 - "GET /api/arbitrage/opportunities?limit=500&simulation_volume_usd=1000 HTTP/1.1" 200 OK
INFO:     127.0.0.1:54076 - "GET /api/arbitrage/trades?limit=5000 HTTP/1.1" 200 OK
INFO:     127.0.0.1:54072 - "GET /api/arbitrage/opportunities?limit=500&simulation_volume_usd=1000 HTTP/1.1" 200 OK
INFO:     127.0.0.1:54076 - "GET /api/arbitrage/trades?limit=5000 HTTP/1.1" 200 OK
INFO:     127.0.0.1:54072 - "GET /api/arbitrage/opportunities?limit=500&simulation_volume_usd=1000 HTTP/1.1" 200 OK
INFO:     127.0.0.1:54076 - "GET /api/arbitrage/trades?limit=5000 HTTP/1.1" 200 OK
INFO:     127.0.0.1:54072 - "GET /api/arbitrage/opportunities?limit=500&simulation_volume_usd=1000 HTTP/1.1" 200 OK
INFO:     127.0.0.1:54076 - "GET /api/arbitrage/trades?limit=5000 HTTP/1.1" 200 OK
INFO:     127.0.0.1:54072 - "GET /api/arbitrage/opportunities?limit=500&simulation_volume_usd=1000 HTTP/1.1" 200 OK
INFO:     127.0.0.1:54076 - "GET /api/arbitrage/trades?limit=5000 HTTP/1.1" 200 OK
INFO:     127.0.0.1:54072 - "GET /api/arbitrage/opportunities?limit=500&simulation_volume_usd=1000 HTTP/1.1" 200 OK
INFO:     127.0.0.1:54076 - "GET /api/arbitrage/trades?limit=5000 HTTP/1.1" 200 OK
INFO:     127.0.0.1:54072 - "GET /api/arbitrage/opportunities?limit=500&simulation_volume_usd=1000 HTTP/1.1" 200 OK
INFO:     127.0.0.1:54076 - "GET /api/arbitrage/trades?limit=5000 HTTP/1.1" 200 OK
INFO:     127.0.0.1:54072 - "GET /api/arbitrage/opportunities?limit=500&simulation_volume_usd=1000 HTTP/1.1" 200 OK
INFO:     127.0.0.1:54076 - "GET /api/arbitrage/trades?limit=5000 HTTP/1.1" 200 OK
INFO:     127.0.0.1:54072 - "GET /api/arbitrage/opportunities?limit=500&simulation_volume_usd=1000 HTTP/1.1" 200 OK
INFO:     127.0.0.1:54076 - "GET /api/arbitrage/trades?limit=5000 HTTP/1.1" 200 OK
INFO:     127.0.0.1:54072 - "GET /api/arbitrage/opportunities?limit=500&simulation_volume_usd=1000 HTTP/1.1" 200 OK
INFO:     127.0.0.1:54076 - "GET /api/arbitrage/trades?limit=5000 HTTP/1.1" 200 OK
INFO:     127.0.0.1:54072 - "GET /api/arbitrage/opportunities?limit=500&simulation_volume_usd=1000 HTTP/1.1" 200 OK
INFO:     127.0.0.1:54076 - "GET /api/arbitrage/trades?limit=5000 HTTP/1.1" 200 OK
INFO:     127.0.0.1:54072 - "GET /api/arbitrage/opportunities?limit=500&simulation_volume_usd=1000 HTTP/1.1" 200 OK
INFO:     127.0.0.1:54076 - "GET /api/arbitrage/trades?limit=5000 HTTP/1.1" 200 OK
INFO:     127.0.0.1:54072 - "GET /api/arbitrage/opportunities?limit=500&simulation_volume_usd=1000 HTTP/1.1" 200 OK
INFO:     127.0.0.1:54076 - "GET /api/arbitrage/trades?limit=5000 HTTP/1.1" 200 OK
INFO:     127.0.0.1:54072 - "GET /api/arbitrage/opportunities?limit=500&simulation_volume_usd=1000 HTTP/1.1" 200 OK
INFO:     127.0.0.1:54076 - "GET /api/arbitrage/trades?limit=5000 HTTP/1.1" 200 OK
INFO:     127.0.0.1:54072 - "GET /api/arbitrage/opportunities?limit=500&simulation_volume_usd=1000 HTTP/1.1" 200 OK
INFO:     127.0.0.1:54076 - "GET /api/arbitrage/trades?limit=5000 HTTP/1.1" 200 OK
INFO:     127.0.0.1:54072 - "GET /api/arbitrage/opportunities?limit=500&simulation_volume_usd=1000 HTTP/1.1" 200 OK
INFO:     127.0.0.1:54076 - "GET /api/arbitrage/trades?limit=5000 HTTP/1.1" 200 OK
INFO:     127.0.0.1:54072 - "GET /api/arbitrage/opportunities?limit=500&simulation_volume_usd=1000 HTTP/1.1" 200 OK
INFO:     127.0.0.1:54076 - "GET /api/arbitrage/trades?limit=5000 HTTP/1.1" 200 OK
INFO:     127.0.0.1:54072 - "GET /api/arbitrage/opportunities?limit=500&simulation_volume_usd=1000 HTTP/1.1" 200 OK
INFO:     127.0.0.1:54076 - "GET /api/arbitrage/trades?limit=5000 HTTP/1.1" 200 OK
INFO:     127.0.0.1:54072 - "GET /api/arbitrage/opportunities?limit=500&simulation_volume_usd=1000 HTTP/1.1" 200 OK
INFO:     127.0.0.1:54076 - "GET /api/arbitrage/trades?limit=5000 HTTP/1.1" 200 OK
INFO:     127.0.0.1:54072 - "GET /api/arbitrage/opportunities?limit=500&simulation_volume_usd=1000 HTTP/1.1" 200 OK
INFO:     127.0.0.1:54076 - "GET /api/arbitrage/trades?limit=5000 HTTP/1.1" 200 OK
INFO:     127.0.0.1:54072 - "GET /api/arbitrage/opportunities?limit=500&simulation_volume_usd=1000 HTTP/1.1" 200 OK
INFO:     127.0.0.1:54076 - "GET /api/arbitrage/trades?limit=5000 HTTP/1.1" 200 OK
INFO:     127.0.0.1:54072 - "GET /api/arbitrage/opportunities?limit=500&simulation_volume_usd=1000 HTTP/1.1" 200 OK
INFO:     127.0.0.1:54076 - "GET /api/arbitrage/trades?limit=5000 HTTP/1.1" 200 OK
INFO:     127.0.0.1:54072 - "GET /api/arbitrage/opportunities?limit=500&simulation_volume_usd=1000 HTTP/1.1" 200 OK
INFO:     127.0.0.1:54076 - "GET /api/arbitrage/trades?limit=5000 HTTP/1.1" 200 OK
INFO:     127.0.0.1:54072 - "GET /api/arbitrage/opportunities?limit=500&simulation_volume_usd=1000 HTTP/1.1" 200 OK
INFO:     127.0.0.1:54076 - "GET /api/arbitrage/trades?limit=5000 HTTP/1.1" 200 OK
INFO:     127.0.0.1:54072 - "GET /api/arbitrage/opportunities?limit=500&simulation_volume_usd=1000 HTTP/1.1" 200 OK
INFO:     127.0.0.1:54076 - "GET /api/arbitrage/trades?limit=5000 HTTP/1.1" 200 OK
INFO:     127.0.0.1:54072 - "GET /api/arbitrage/opportunities?limit=500&simulation_volume_usd=1000 HTTP/1.1" 200 OK
INFO:     127.0.0.1:54076 - "GET /api/arbitrage/trades?limit=5000 HTTP/1.1" 200 OK
INFO:     127.0.0.1:54072 - "GET /api/market/history?symbol=BTC&days=31 HTTP/1.1" 200 OK
INFO:     127.0.0.1:54072 - "GET /api/market/history?symbol=ADA&days=31 HTTP/1.1" 200 OK
INFO:     127.0.0.1:54072 - "GET /api/market/history?symbol=DOT&days=31 HTTP/1.1" 200 OK
INFO:     127.0.0.1:54072 - "GET /api/market/history?symbol=AVAX&days=31 HTTP/1.1" 200 OK
INFO:     127.0.0.1:54072 - "POST /api/arbitrage/simulation-volume HTTP/1.1" 200 OK
INFO:     127.0.0.1:54072 - "GET /api/arbitrage/opportunities?limit=500&simulation_volume_usd=1000 HTTP/1.1" 200 OK
INFO:     127.0.0.1:33296 - "GET /api/arbitrage/trades?limit=5000 HTTP/1.1" 200 OK
INFO:     127.0.0.1:54072 - "GET /api/arbitrage/opportunities?limit=500&simulation_volume_usd=1000 HTTP/1.1" 200 OK
INFO:     127.0.0.1:33296 - "GET /api/arbitrage/trades?limit=5000 HTTP/1.1" 200 OK
INFO:     127.0.0.1:54072 - "GET /api/arbitrage/opportunities?limit=500&simulation_volume_usd=1000 HTTP/1.1" 200 OK
INFO:     127.0.0.1:33296 - "GET /api/arbitrage/trades?limit=5000 HTTP/1.1" 200 OK
INFO:     127.0.0.1:54072 - "GET /api/arbitrage/opportunities?limit=500&simulation_volume_usd=1000 HTTP/1.1" 200 OK
INFO:     127.0.0.1:33296 - "GET /api/arbitrage/trades?limit=5000 HTTP/1.1" 200 OK
INFO:     127.0.0.1:54072 - "GET /api/arbitrage/opportunities?limit=500&simulation_volume_usd=1000 HTTP/1.1" 200 OK
INFO:     127.0.0.1:33296 - "GET /api/arbitrage/trades?limit=5000 HTTP/1.1" 200 OK
INFO:     connection closed
INFO:     127.0.0.1:50850 - "WebSocket /ws/arbitrage" [accepted]
INFO:     connection open
INFO:     127.0.0.1:59278 - "POST /api/arbitrage/simulation-volume HTTP/1.1" 200 OK
INFO:     127.0.0.1:59278 - "GET /api/arbitrage/opportunities?limit=500&simulation_volume_usd=1000 HTTP/1.1" 200 OK
INFO:     127.0.0.1:59282 - "GET /api/arbitrage/trades?limit=5000 HTTP/1.1" 200 OK
INFO:     127.0.0.1:59278 - "GET /api/arbitrage/opportunities?limit=500&simulation_volume_usd=1000 HTTP/1.1" 200 OK
INFO:     127.0.0.1:59282 - "GET /api/arbitrage/trades?limit=5000 HTTP/1.1" 200 OK
INFO:     127.0.0.1:59278 - "GET /api/arbitrage/opportunities?limit=500&simulation_volume_usd=1000 HTTP/1.1" 200 OK
INFO:     127.0.0.1:59282 - "GET /api/arbitrage/trades?limit=5000 HTTP/1.1" 200 OK
INFO:     127.0.0.1:59278 - "GET /api/arbitrage/opportunities?limit=500&simulation_volume_usd=1000 HTTP/1.1" 200 OK
INFO:     127.0.0.1:59282 - "GET /api/arbitrage/trades?limit=5000 HTTP/1.1" 200 OK
INFO:     127.0.0.1:59278 - "GET /api/arbitrage/opportunities?limit=500&simulation_volume_usd=1000 HTTP/1.1" 200 OK
INFO:     127.0.0.1:59282 - "GET /api/arbitrage/trades?limit=5000 HTTP/1.1" 200 OK
INFO:     127.0.0.1:59278 - "GET /api/arbitrage/opportunities?limit=500&simulation_volume_usd=1000 HTTP/1.1" 200 OK
INFO:     127.0.0.1:59282 - "GET /api/arbitrage/trades?limit=5000 HTTP/1.1" 200 OK
INFO:     127.0.0.1:59278 - "GET /api/arbitrage/opportunities?limit=500&simulation_volume_usd=1000 HTTP/1.1" 200 OK
INFO:     127.0.0.1:59282 - "GET /api/arbitrage/trades?limit=5000 HTTP/1.1" 200 OK
INFO:     127.0.0.1:59278 - "GET /api/arbitrage/opportunities?limit=500&simulation_volume_usd=1000 HTTP/1.1" 200 OK
INFO:     127.0.0.1:59282 - "GET /api/arbitrage/trades?limit=5000 HTTP/1.1" 200 OK
INFO:     127.0.0.1:59278 - "GET /api/arbitrage/opportunities?limit=500&simulation_volume_usd=1000 HTTP/1.1" 200 OK
INFO:     127.0.0.1:59282 - "GET /api/arbitrage/trades?limit=5000 HTTP/1.1" 200 OK
INFO:     127.0.0.1:59278 - "GET /api/arbitrage/opportunities?limit=500&simulation_volume_usd=1000 HTTP/1.1" 200 OK
INFO:     127.0.0.1:59282 - "GET /api/arbitrage/trades?limit=5000 HTTP/1.1" 200 OK
INFO:     127.0.0.1:59278 - "GET /api/arbitrage/opportunities?limit=500&simulation_volume_usd=1000 HTTP/1.1" 200 OK
INFO:     127.0.0.1:59282 - "GET /api/arbitrage/trades?limit=5000 HTTP/1.1" 200 OK
INFO:     127.0.0.1:59278 - "GET /api/arbitrage/opportunities?limit=500&simulation_volume_usd=1000 HTTP/1.1" 200 OK
INFO:     127.0.0.1:59282 - "GET /api/arbitrage/trades?limit=5000 HTTP/1.1" 200 OK
INFO:     127.0.0.1:59278 - "GET /api/arbitrage/opportunities?limit=500&simulation_volume_usd=1000 HTTP/1.1" 200 OK
INFO:     127.0.0.1:59282 - "GET /api/arbitrage/trades?limit=5000 HTTP/1.1" 200 OK
INFO:     127.0.0.1:59278 - "GET /api/arbitrage/opportunities?limit=500&simulation_volume_usd=1000 HTTP/1.1" 200 OK
INFO:     127.0.0.1:59282 - "GET /api/arbitrage/trades?limit=5000 HTTP/1.1" 200 OK
INFO:     127.0.0.1:59278 - "GET /api/arbitrage/opportunities?limit=500&simulation_volume_usd=1000 HTTP/1.1" 200 OK
INFO:     127.0.0.1:59282 - "GET /api/arbitrage/trades?limit=5000 HTTP/1.1" 200 OK
