INFO:     Started server process [79549]
INFO:     Waiting for application startup.
INFO:     Application startup complete.
INFO:     Uvicorn running on http://127.0.0.1:8000 (Press CTRL+C to quit)
INFO:     127.0.0.1:40730 - "GET /api/arbitrage/opportunities?limit=500&simulation_volume_usd=1000 HTTP/1.1" 200 OK
INFO:     127.0.0.1:40740 - "GET /api/arbitrage/trades?limit=5000 HTTP/1.1" 200 OK
INFO:     127.0.0.1:40730 - "GET /api/arbitrage/opportunities?limit=500&simulation_volume_usd=1000 HTTP/1.1" 200 OK
INFO:     127.0.0.1:40740 - "GET /api/arbitrage/trades?limit=5000 HTTP/1.1" 200 OK
INFO:     127.0.0.1:40730 - "POST /api/arbitrage/simulation-volume HTTP/1.1" 200 OK
INFO:     127.0.0.1:40730 - "GET /api/arbitrage/status HTTP/1.1" 200 OK
INFO:     127.0.0.1:40740 - "GET /api/arbitrage/opportunities?limit=500&simulation_volume_usd=1000 HTTP/1.1" 200 OK
INFO:     127.0.0.1:60710 - "GET /api/arbitrage/trades?limit=5000 HTTP/1.1" 200 OK
INFO:     127.0.0.1:60722 - "GET /api/arbitrage/spread-series?limit=40 HTTP/1.1" 200 OK
INFO:     127.0.0.1:60738 - "WebSocket /ws/arbitrage" [accepted]
INFO:     connection open
INFO:     127.0.0.1:40740 - "GET /api/arbitrage/opportunities?limit=500&simulation_volume_usd=1000 HTTP/1.1" 200 OK
INFO:     127.0.0.1:40730 - "GET /api/arbitrage/trades?limit=5000 HTTP/1.1" 200 OK
INFO:     127.0.0.1:40740 - "GET /api/arbitrage/opportunities?limit=500&simulation_volume_usd=1000 HTTP/1.1" 200 OK
INFO:     127.0.0.1:40730 - "GET /api/arbitrage/trades?limit=5000 HTTP/1.1" 200 OK
INFO:     127.0.0.1:40740 - "GET /api/arbitrage/opportunities?limit=500&simulation_volume_usd=1000 HTTP/1.1" 200 OK
INFO:     127.0.0.1:40730 - "GET /api/arbitrage/trades?limit=5000 HTTP/1.1" 200 OK
INFO:     127.0.0.1:40740 - "GET /api/arbitrage/opportunities?limit=500&simulation_volume_usd=1000 HTTP/1.1" 200 OK
INFO:     127.0.0.1:40730 - "GET /api/arbitrage/trades?limit=5000 HTTP/1.1" 200 OK
INFO:     127.0.0.1:40740 - "GET /api/arbitrage/opportunities?limit=500&simulation_volume_usd=1000 HTTP/1.1" 200 OK
INFO:     127.0.0.1:40730 - "GET /api/arbitrage/trades?limit=5000 HTTP/1.1" 200 OK
INFO:     127.0.0.1:40740 - "GET /api/arbitrage/opportunities?limit=500&simulation_volume_usd=1000 HTTP/1.1" 200 OK
INFO:     127.0.0.1:40730 - "GET /api/arbitrage/trades?limit=5000 HTTP/1.1" 200 OK
INFO:     127.0.0.1:40740 - "GET /api/arbitrage/opportunities?limit=500&simulation_volume_usd=1000 HTTP/1.1" 200 OK
INFO:     127.0.0.1:40730 - "GET /api/arbitrage/trades?limit=5000 HTTP/1.1" 200 OK
INFO:     127.0.0.1:40740 - "GET /api/arbitrage/opportunities?limit=500&simulation_volume_usd=1000 HTTP/1.1" 200 OK
INFO:     127.0.0.1:40730 - "GET /api/arbitrage/trades?limit=5000 HTTP/1.1" 200 OK
INFO:     127.0.0.1:40740 - "GET /api/arbitrage/opportunities?limit=500&simulation_volume_usd=1000 HTTP/1.1" 200 OK
INFO:     127.0.0.1:40730 - "GET /api/arbitrage/trades?limit=5000 HTTP/1.1" 200 OK
INFO:     127.0.0.1:40740 - "GET /api/arbitrage/opportunities?limit=500&simulation_volume_usd=1000 HTTP/1.1" 200 OK
INFO:     127.0.0.1:40730 - "GET /api/arbitrage/trades?limit=5000 HTTP/1.1" 200 OK
INFO:     127.0.0.1:40740 - "GET /api/arbitrage/opportunities?limit=500&simulation_volume_usd=1000 HTTP/1.1" 200 OK
INFO:     127.0.0.1:40730 - "GET /api/arbitrage/trades?limit=5000 HTTP/1.1" 200 OK
INFO:     127.0.0.1:40740 - "GET /api/arbitrage/opportunities?limit=500&simulation_volume_usd=1000 HTTP/1.1" 200 OK
INFO:     127.0.0.1:40730 - "GET /api/arbitrage/trades?limit=5000 HTTP/1.1" 200 OK
INFO:     127.0.0.1:40740 - "GET /api/arbitrage/opportunities?limit=500&simulation_volume_usd=1000 HTTP/1.1" 200 OK
INFO:     127.0.0.1:40730 - "GET /api/arbitrage/trades?limit=5000 HTTP/1.1" 200 OK
INFO:     127.0.0.1:40740 - "GET /api/arbitrage/opportunities?limit=500&simulation_volume_usd=1000 HTTP/1.1" 200 OK
INFO:     127.0.0.1:40730 - "GET /api/arbitrage/trades?limit=5000 HTTP/1.1" 200 OK
INFO:     127.0.0.1:40740 - "GET /api/arbitrage/opportunities?limit=500&simulation_volume_usd=1000 HTTP/1.1" 200 OK
INFO:     127.0.0.1:40730 - "GET /api/arbitrage/trades?limit=5000 HTTP/1.1" 200 OK
INFO:     127.0.0.1:40740 - "GET /api/arbitrage/opportunities?limit=500&simulation_volume_usd=1000 HTTP/1.1" 200 OK
INFO:     127.0.0.1:40730 - "GET /api/arbitrage/trades?limit=5000 HTTP/1.1" 200 OK
INFO:     127.0.0.1:40740 - "GET /api/arbitrage/opportunities?limit=500&simulation_volume_usd=1000 HTTP/1.1" 200 OK
INFO:     127.0.0.1:40730 - "GET /api/arbitrage/trades?limit=5000 HTTP/1.1" 200 OK
INFO:     127.0.0.1:40740 - "GET /api/arbitrage/opportunities?limit=500&simulation_volume_usd=1000 HTTP/1.1" 200 OK
INFO:     127.0.0.1:40730 - "GET /api/arbitrage/trades?limit=5000 HTTP/1.1" 200 OK
INFO:     127.0.0.1:40740 - "GET /api/arbitrage/opportunities?limit=500&simulation_volume_usd=1000 HTTP/1.1" 200 OK
INFO:     127.0.0.1:40730 - "GET /api/arbitrage/trades?limit=5000 HTTP/1.1" 200 OK
INFO:     127.0.0.1:40740 - "GET /api/arbitrage/opportunities?limit=500&simulation_volume_usd=1000 HTTP/1.1" 200 OK
INFO:     127.0.0.1:40730 - "GET /api/arbitrage/trades?limit=5000 HTTP/1.1" 200 OK
INFO:     127.0.0.1:40740 - "GET /api/arbitrage/opportunities?limit=500&simulation_volume_usd=1000 HTTP/1.1" 200 OK
INFO:     127.0.0.1:40730 - "GET /api/arbitrage/trades?limit=5000 HTTP/1.1" 200 OK
INFO:     127.0.0.1:40740 - "GET /api/arbitrage/opportunities?limit=500&simulation_volume_usd=1000 HTTP/1.1" 200 OK
INFO:     127.0.0.1:40730 - "GET /api/arbitrage/trades?limit=5000 HTTP/1.1" 200 OK
INFO:     127.0.0.1:40740 - "GET /api/arbitrage/opportunities?limit=500&simulation_volume_usd=1000 HTTP/1.1" 200 OK
INFO:     127.0.0.1:40730 - "GET /api/arbitrage/trades?limit=5000 HTTP/1.1" 200 OK
INFO:     127.0.0.1:40740 - "GET /api/arbitrage/opportunities?limit=500&simulation_volume_usd=1000 HTTP/1.1" 200 OK
INFO:     127.0.0.1:40730 - "GET /api/arbitrage/trades?limit=5000 HTTP/1.1" 200 OK
INFO:     127.0.0.1:40740 - "GET /api/arbitrage/opportunities?limit=500&simulation_volume_usd=1000 HTTP/1.1" 200 OK
INFO:     127.0.0.1:40730 - "GET /api/arbitrage/trades?limit=5000 HTTP/1.1" 200 OK
INFO:     127.0.0.1:40740 - "GET /api/arbitrage/opportunities?limit=500&simulation_volume_usd=1000 HTTP/1.1" 200 OK
INFO:     127.0.0.1:40730 - "GET /api/arbitrage/trades?limit=5000 HTTP/1.1" 200 OK
INFO:     127.0.0.1:40740 - "GET /api/arbitrage/opportunities?limit=500&simulation_volume_usd=1000 HTTP/1.1" 200 OK
INFO:     127.0.0.1:40730 - "GET /api/arbitrage/trades?limit=5000 HTTP/1.1" 200 OK
INFO:     127.0.0.1:40740 - "GET /api/arbitrage/opportunities?limit=500&simulation_volume_usd=1000 HTTP/1.1" 200 OK
INFO:     127.0.0.1:40730 - "GET /api/arbitrage/trades?limit=5000 HTTP/1.1" 200 OK
INFO:     127.0.0.1:40740 - "POST /api/arbitrage/simulation-volume HTTP/1.1" 200 OK
INFO:     127.0.0.1:40740 - "GET /api/arbitrage/trades?limit=5000 HTTP/1.1" 200 OK
INFO:     127.0.0.1:40730 - "GET /api/arbitrage/opportunities?limit=500&simulation_volume_usd=10000 HTTP/1.1" 200 OK
INFO:     127.0.0.1:40740 - "POST /api/arbitrage/simulation-volume HTTP/1.1" 200 OK
INFO:     127.0.0.1:40740 - "GET /api/arbitrage/status HTTP/1.1" 200 OK
INFO:     127.0.0.1:40730 - "GET /api/arbitrage/opportunities?limit=500&simulation_volume_usd=10000 HTTP/1.1" 200 OK
INFO:     127.0.0.1:35712 - "GET /api/arbitrage/trades?limit=5000 HTTP/1.1" 200 OK
INFO:     127.0.0.1:35716 - "GET /api/arbitrage/spread-series?limit=40 HTTP/1.1" 200 OK
INFO:     127.0.0.1:40740 - "GET /api/arbitrage/opportunities?limit=500&simulation_volume_usd=10000 HTTP/1.1" 200 OK
INFO:     127.0.0.1:40730 - "GET /api/arbitrage/trades?limit=5000 HTTP/1.1" 200 OK
INFO:     127.0.0.1:40740 - "POST /api/arbitrage/simulation-volume HTTP/1.1" 200 OK
INFO:     127.0.0.1:40740 - "POST /api/arbitrage/simulation-volume HTTP/1.1" 200 OK
INFO:     127.0.0.1:40740 - "POST /api/arbitrage/simulation-volume HTTP/1.1" 200 OK
INFO:     127.0.0.1:40740 - "POST /api/arbitrage/simulation-volume HTTP/1.1" 200 OK
INFO:     127.0.0.1:40740 - "POST /api/arbitrage/simulation-volume HTTP/1.1" 200 OK
INFO:     127.0.0.1:40740 - "POST /api/arbitrage/simulation-volume HTTP/1.1" 200 OK
INFO:     127.0.0.1:40740 - "POST /api/arbitrage/simulation-volume HTTP/1.1" 200 OK
INFO:     127.0.0.1:40740 - "POST /api/arbitrage/simulation-volume HTTP/1.1" 200 OK
INFO:     127.0.0.1:40740 - "GET /api/arbitrage/opportunities?limit=500&simulation_volume_usd=2000 HTTP/1.1" 200 OK
INFO:     127.0.0.1:40730 - "GET /api/arbitrage/trades?limit=5000 HTTP/1.1" 200 OK
INFO:     127.0.0.1:40740 - "POST /api/arbitrage/simulation-volume HTTP/1.1" 200 OK
INFO:     127.0.0.1:40740 - "GET /api/arbitrage/status HTTP/1.1" 200 OK
INFO:     127.0.0.1:40730 - "GET /api/arbitrage/opportunities?limit=500&simulation_volume_usd=2000 HTTP/1.1" 200 OK
INFO:     127.0.0.1:53098 - "GET /api/arbitrage/trades?limit=5000 HTTP/1.1" 200 OK
INFO:     127.0.0.1:53104 - "GET /api/arbitrage/spread-series?limit=40 HTTP/1.1" 200 OK
INFO:     127.0.0.1:40740 - "GET /api/arbitrage/opportunities?limit=500&simulation_volume_usd=2000 HTTP/1.1" 200 OK
INFO:     127.0.0.1:40730 - "GET /api/arbitrage/trades?limit=5000 HTTP/1.1" 200 OK
INFO:     127.0.0.1:40740 - "GET /api/arbitrage/opportunities?limit=500&simulation_volume_usd=2000 HTTP/1.1" 200 OK
INFO:     127.0.0.1:40730 - "GET /api/arbitrage/trades?limit=5000 HTTP/1.1" 200 OK
INFO:     127.0.0.1:40740 - "GET /api/arbitrage/opportunities?limit=500&simulation_volume_usd=2000 HTTP/1.1" 200 OK
INFO:     127.0.0.1:40730 - "GET /api/arbitrage/trades?limit=5000 HTTP/1.1" 200 OK
INFO:     127.0.0.1:40740 - "GET /api/arbitrage/opportunities?limit=500&simulation_volume_usd=2000 HTTP/1.1" 200 OK
INFO:     127.0.0.1:40730 - "GET /api/arbitrage/trades?limit=5000 HTTP/1.1" 200 OK
INFO:     127.0.0.1:40740 - "GET /api/arbitrage/opportunities?limit=500&simulation_volume_usd=2000 HTTP/1.1" 200 OK
INFO:     127.0.0.1:40730 - "GET /api/arbitrage/trades?limit=5000 HTTP/1.1" 200 OK
INFO:     127.0.0.1:40740 - "GET /api/arbitrage/opportunities?limit=500&simulation_volume_usd=2000 HTTP/1.1" 200 OK
INFO:     127.0.0.1:40730 - "GET /api/arbitrage/trades?limit=5000 HTTP/1.1" 200 OK
INFO:     127.0.0.1:40740 - "GET /api/arbitrage/opportunities?limit=500&simulation_volume_usd=2000 HTTP/1.1" 200 OK
INFO:     127.0.0.1:40730 - "GET /api/arbitrage/trades?limit=5000 HTTP/1.1" 200 OK
INFO:     127.0.0.1:40740 - "GET /api/arbitrage/opportunities?limit=500&simulation_volume_usd=2000 HTTP/1.1" 200 OK
INFO:     127.0.0.1:40730 - "GET /api/arbitrage/trades?limit=5000 HTTP/1.1" 200 OK
INFO:     127.0.0.1:40740 - "GET /api/arbitrage/opportunities?limit=500&simulation_volume_usd=2000 HTTP/1.1" 200 OK
INFO:     127.0.0.1:40730 - "GET /api/arbitrage/trades?limit=5000 HTTP/1.1" 200 OK
INFO:     127.0.0.1:40740 - "GET /api/arbitrage/opportunities?limit=500&simulation_volume_usd=2000 HTTP/1.1" 200 OK
INFO:     127.0.0.1:40730 - "GET /api/arbitrage/trades?limit=5000 HTTP/1.1" 200 OK
INFO:     127.0.0.1:40740 - "GET /api/arbitrage/opportunities?limit=500&simulation_volume_usd=2000 HTTP/1.1" 200 OK
INFO:     127.0.0.1:40730 - "GET /api/arbitrage/trades?limit=5000 HTTP/1.1" 200 OK
INFO:     127.0.0.1:40740 - "GET /api/arbitrage/opportunities?limit=500&simulation_volume_usd=2000 HTTP/1.1" 200 OK
INFO:     127.0.0.1:40730 - "GET /api/arbitrage/trades?limit=5000 HTTP/1.1" 200 OK
INFO:     127.0.0.1:40740 - "GET /api/arbitrage/opportunities?limit=500&simulation_volume_usd=2000 HTTP/1.1" 200 OK
INFO:     127.0.0.1:40730 - "GET /api/arbitrage/trades?limit=5000 HTTP/1.1" 200 OK
INFO:     127.0.0.1:40740 - "GET /api/arbitrage/opportunities?limit=500&simulation_volume_usd=2000 HTTP/1.1" 200 OK
INFO:     127.0.0.1:40730 - "GET /api/arbitrage/trades?limit=5000 HTTP/1.1" 200 OK
INFO:     127.0.0.1:40740 - "GET /api/arbitrage/opportunities?limit=500&simulation_volume_usd=2000 HTTP/1.1" 200 OK
INFO:     127.0.0.1:40730 - "GET /api/arbitrage/trades?limit=5000 HTTP/1.1" 200 OK
INFO:     127.0.0.1:40740 - "POST /api/arbitrage/simulation-volume HTTP/1.1" 200 OK
INFO:     127.0.0.1:40740 - "POST /api/arbitrage/simulation-volume HTTP/1.1" 200 OK
INFO:     127.0.0.1:40740 - "GET /api/arbitrage/status HTTP/1.1" 200 OK
INFO:     127.0.0.1:40730 - "GET /api/arbitrage/opportunities?limit=500&simulation_volume_usd=20000 HTTP/1.1" 200 OK
INFO:     127.0.0.1:56194 - "GET /api/arbitrage/trades?limit=5000 HTTP/1.1" 200 OK
INFO:     127.0.0.1:56200 - "GET /api/arbitrage/spread-series?limit=40 HTTP/1.1" 200 OK
INFO:     127.0.0.1:40740 - "GET /api/arbitrage/opportunities?limit=500&simulation_volume_usd=20000 HTTP/1.1" 200 OK
INFO:     127.0.0.1:40730 - "GET /api/arbitrage/trades?limit=5000 HTTP/1.1" 200 OK
INFO:     127.0.0.1:40740 - "GET /api/arbitrage/opportunities?limit=500&simulation_volume_usd=20000 HTTP/1.1" 200 OK
INFO:     127.0.0.1:40730 - "GET /api/arbitrage/trades?limit=5000 HTTP/1.1" 200 OK
INFO:     127.0.0.1:40740 - "GET /api/arbitrage/opportunities?limit=500&simulation_volume_usd=20000 HTTP/1.1" 200 OK
INFO:     127.0.0.1:40730 - "GET /api/arbitrage/trades?limit=5000 HTTP/1.1" 200 OK
INFO:     127.0.0.1:40740 - "GET /api/arbitrage/opportunities?limit=500&simulation_volume_usd=20000 HTTP/1.1" 200 OK
INFO:     127.0.0.1:40730 - "GET /api/arbitrage/trades?limit=5000 HTTP/1.1" 200 OK
INFO:     127.0.0.1:40740 - "GET /api/arbitrage/opportunities?limit=500&simulation_volume_usd=20000 HTTP/1.1" 200 OK
INFO:     127.0.0.1:40730 - "GET /api/arbitrage/trades?limit=5000 HTTP/1.1" 200 OK
INFO:     127.0.0.1:40740 - "GET /api/arbitrage/opportunities?limit=500&simulation_volume_usd=20000 HTTP/1.1" 200 OK
INFO:     127.0.0.1:40730 - "GET /api/arbitrage/trades?limit=5000 HTTP/1.1" 200 OK
INFO:     127.0.0.1:40740 - "GET /api/arbitrage/opportunities?limit=500&simulation_volume_usd=20000 HTTP/1.1" 200 OK
INFO:     127.0.0.1:40730 - "GET /api/arbitrage/trades?limit=5000 HTTP/1.1" 200 OK
INFO:     127.0.0.1:40740 - "GET /api/arbitrage/opportunities?limit=500&simulation_volume_usd=20000 HTTP/1.1" 200 OK
INFO:     127.0.0.1:40730 - "GET /api/arbitrage/trades?limit=5000 HTTP/1.1" 200 OK
INFO:     127.0.0.1:40740 - "GET /api/arbitrage/opportunities?limit=500&simulation_volume_usd=20000 HTTP/1.1" 200 OK
INFO:     127.0.0.1:40730 - "GET /api/arbitrage/trades?limit=5000 HTTP/1.1" 200 OK
INFO:     127.0.0.1:40740 - "GET /api/arbitrage/opportunities?limit=500&simulation_volume_usd=20000 HTTP/1.1" 200 OK
INFO:     127.0.0.1:40730 - "GET /api/arbitrage/trades?limit=5000 HTTP/1.1" 200 OK
INFO:     127.0.0.1:40740 - "GET /api/arbitrage/opportunities?limit=500&simulation_volume_usd=20000 HTTP/1.1" 200 OK
INFO:     127.0.0.1:40730 - "GET /api/arbitrage/trades?limit=5000 HTTP/1.1" 200 OK
INFO:     127.0.0.1:40740 - "GET /api/arbitrage/opportunities?limit=500&simulation_volume_usd=20000 HTTP/1.1" 200 OK
INFO:     127.0.0.1:40730 - "GET /api/arbitrage/trades?limit=5000 HTTP/1.1" 200 OK
INFO:     127.0.0.1:40740 - "POST /api/arbitrage/simulation-volume HTTP/1.1" 200 OK
INFO:     127.0.0.1:40740 - "POST /api/arbitrage/simulation-volume HTTP/1.1" 200 OK
INFO:     127.0.0.1:40740 - "POST /api/arbitrage/simulation-volume HTTP/1.1" 200 OK
INFO:     127.0.0.1:40740 - "POST /api/arbitrage/simulation-volume HTTP/1.1" 200 OK
INFO:     127.0.0.1:40740 - "GET /api/arbitrage/status HTTP/1.1" 200 OK
INFO:     127.0.0.1:40730 - "GET /api/arbitrage/opportunities?limit=500&simulation_volume_usd=100 HTTP/1.1" 200 OK
INFO:     127.0.0.1:35814 - "GET /api/arbitrage/trades?limit=5000 HTTP/1.1" 200 OK
INFO:     127.0.0.1:35820 - "GET /api/arbitrage/spread-series?limit=40 HTTP/1.1" 200 OK
INFO:     127.0.0.1:40740 - "GET /api/arbitrage/opportunities?limit=500&simulation_volume_usd=100 HTTP/1.1" 200 OK
INFO:     127.0.0.1:40730 - "GET /api/arbitrage/trades?limit=5000 HTTP/1.1" 200 OK
INFO:     127.0.0.1:40740 - "GET /api/arbitrage/opportunities?limit=500&simulation_volume_usd=100 HTTP/1.1" 200 OK
INFO:     127.0.0.1:40730 - "GET /api/arbitrage/trades?limit=5000 HTTP/1.1" 200 OK
INFO:     127.0.0.1:40740 - "GET /api/arbitrage/opportunities?limit=500&simulation_volume_usd=100 HTTP/1.1" 200 OK
INFO:     127.0.0.1:40730 - "GET /api/arbitrage/trades?limit=5000 HTTP/1.1" 200 OK
INFO:     127.0.0.1:40740 - "GET /api/arbitrage/opportunities?limit=500&simulation_volume_usd=100 HTTP/1.1" 200 OK
INFO:     127.0.0.1:40730 - "GET /api/arbitrage/trades?limit=5000 HTTP/1.1" 200 OK
INFO:     127.0.0.1:40740 - "GET /api/arbitrage/opportunities?limit=500&simulation_volume_usd=100 HTTP/1.1" 200 OK
INFO:     127.0.0.1:40730 - "GET /api/arbitrage/trades?limit=5000 HTTP/1.1" 200 OK
INFO:     127.0.0.1:40740 - "GET /api/arbitrage/opportunities?limit=500&simulation_volume_usd=100 HTTP/1.1" 200 OK
INFO:     127.0.0.1:40730 - "GET /api/arbitrage/trades?limit=5000 HTTP/1.1" 200 OK
INFO:     127.0.0.1:40740 - "GET /api/arbitrage/opportunities?limit=500&simulation_volume_usd=100 HTTP/1.1" 200 OK
INFO:     127.0.0.1:40730 - "GET /api/arbitrage/trades?limit=5000 HTTP/1.1" 200 OK
INFO:     127.0.0.1:40740 - "GET /api/arbitrage/opportunities?limit=500&simulation_volume_usd=100 HTTP/1.1" 200 OK
INFO:     127.0.0.1:40730 - "GET /api/arbitrage/trades?limit=5000 HTTP/1.1" 200 OK
INFO:     127.0.0.1:40740 - "GET /api/arbitrage/opportunities?limit=500&simulation_volume_usd=100 HTTP/1.1" 200 OK
INFO:     127.0.0.1:40730 - "GET /api/arbitrage/trades?limit=5000 HTTP/1.1" 200 OK
INFO:     127.0.0.1:40740 - "OPTIONS /api/arbitrage/rebalance HTTP/1.1" 200 OK
INFO:     127.0.0.1:40740 - "POST /api/arbitrage/rebalance HTTP/1.1" 200 OK
INFO:     127.0.0.1:40740 - "POST /api/arbitrage/simulation-volume HTTP/1.1" 200 OK
INFO:     127.0.0.1:40740 - "GET /api/arbitrage/status HTTP/1.1" 200 OK
INFO:     127.0.0.1:40730 - "GET /api/arbitrage/opportunities?limit=500&simulation_volume_usd=100 HTTP/1.1" 200 OK
INFO:     127.0.0.1:33366 - "GET /api/arbitrage/trades?limit=5000 HTTP/1.1" 200 OK
INFO:     127.0.0.1:33368 - "GET /api/arbitrage/spread-series?limit=40 HTTP/1.1" 200 OK
INFO:     127.0.0.1:40740 - "GET /api/arbitrage/opportunities?limit=500&simulation_volume_usd=100 HTTP/1.1" 200 OK
INFO:     127.0.0.1:40730 - "GET /api/arbitrage/trades?limit=5000 HTTP/1.1" 200 OK
INFO:     127.0.0.1:40740 - "GET /api/arbitrage/opportunities?limit=500&simulation_volume_usd=100 HTTP/1.1" 200 OK
INFO:     127.0.0.1:40730 - "GET /api/arbitrage/trades?limit=5000 HTTP/1.1" 200 OK
INFO:     127.0.0.1:40740 - "GET /api/arbitrage/opportunities?limit=500&simulation_volume_usd=100 HTTP/1.1" 200 OK
INFO:     127.0.0.1:40730 - "GET /api/arbitrage/trades?limit=5000 HTTP/1.1" 200 OK
INFO:     127.0.0.1:40740 - "GET /api/arbitrage/opportunities?limit=500&simulation_volume_usd=100 HTTP/1.1" 200 OK
INFO:     127.0.0.1:40730 - "GET /api/arbitrage/trades?limit=5000 HTTP/1.1" 200 OK
INFO:     127.0.0.1:40740 - "GET /api/arbitrage/opportunities?limit=500&simulation_volume_usd=100 HTTP/1.1" 200 OK
INFO:     127.0.0.1:40730 - "GET /api/arbitrage/trades?limit=5000 HTTP/1.1" 200 OK
INFO:     127.0.0.1:40740 - "GET /api/arbitrage/opportunities?limit=500&simulation_volume_usd=100 HTTP/1.1" 200 OK
INFO:     127.0.0.1:40730 - "GET /api/arbitrage/trades?limit=5000 HTTP/1.1" 200 OK
INFO:     127.0.0.1:40740 - "GET /api/arbitrage/opportunities?limit=500&simulation_volume_usd=100 HTTP/1.1" 200 OK
INFO:     127.0.0.1:40730 - "GET /api/arbitrage/trades?limit=5000 HTTP/1.1" 200 OK
INFO:     127.0.0.1:40740 - "GET /api/arbitrage/opportunities?limit=500&simulation_volume_usd=100 HTTP/1.1" 200 OK
INFO:     127.0.0.1:40730 - "GET /api/arbitrage/trades?limit=5000 HTTP/1.1" 200 OK
INFO:     127.0.0.1:40740 - "GET /api/arbitrage/opportunities?limit=500&simulation_volume_usd=100 HTTP/1.1" 200 OK
INFO:     127.0.0.1:40730 - "GET /api/arbitrage/trades?limit=5000 HTTP/1.1" 200 OK
INFO:     127.0.0.1:40740 - "GET /api/arbitrage/opportunities?limit=500&simulation_volume_usd=100 HTTP/1.1" 200 OK
INFO:     127.0.0.1:40730 - "GET /api/arbitrage/trades?limit=5000 HTTP/1.1" 200 OK
INFO:     127.0.0.1:40740 - "GET /api/arbitrage/opportunities?limit=500&simulation_volume_usd=100 HTTP/1.1" 200 OK
INFO:     127.0.0.1:40730 - "GET /api/arbitrage/trades?limit=5000 HTTP/1.1" 200 OK
INFO:     127.0.0.1:40740 - "GET /api/arbitrage/opportunities?limit=500&simulation_volume_usd=100 HTTP/1.1" 200 OK
INFO:     127.0.0.1:40730 - "GET /api/arbitrage/trades?limit=5000 HTTP/1.1" 200 OK
INFO:     127.0.0.1:40740 - "GET /api/arbitrage/opportunities?limit=500&simulation_volume_usd=100 HTTP/1.1" 200 OK
INFO:     127.0.0.1:40730 - "GET /api/arbitrage/trades?limit=5000 HTTP/1.1" 200 OK
INFO:     127.0.0.1:40740 - "GET /api/arbitrage/opportunities?limit=500&simulation_volume_usd=100 HTTP/1.1" 200 OK
INFO:     127.0.0.1:40730 - "GET /api/arbitrage/trades?limit=5000 HTTP/1.1" 200 OK
INFO:     127.0.0.1:40740 - "GET /api/arbitrage/opportunities?limit=500&simulation_volume_usd=100 HTTP/1.1" 200 OK
INFO:     127.0.0.1:40730 - "GET /api/arbitrage/trades?limit=5000 HTTP/1.1" 200 OK
INFO:     127.0.0.1:40740 - "GET /api/arbitrage/opportunities?limit=500&simulation_volume_usd=100 HTTP/1.1" 200 OK
INFO:     127.0.0.1:40730 - "GET /api/arbitrage/trades?limit=5000 HTTP/1.1" 200 OK
INFO:     127.0.0.1:40740 - "GET /api/arbitrage/opportunities?limit=500&simulation_volume_usd=100 HTTP/1.1" 200 OK
INFO:     127.0.0.1:40730 - "GET /api/arbitrage/trades?limit=5000 HTTP/1.1" 200 OK
INFO:     127.0.0.1:40740 - "GET /api/arbitrage/opportunities?limit=500&simulation_volume_usd=100 HTTP/1.1" 200 OK
INFO:     127.0.0.1:40730 - "GET /api/arbitrage/trades?limit=5000 HTTP/1.1" 200 OK
INFO:     127.0.0.1:40740 - "GET /api/arbitrage/opportunities?limit=500&simulation_volume_usd=100 HTTP/1.1" 200 OK
INFO:     127.0.0.1:40730 - "GET /api/arbitrage/trades?limit=5000 HTTP/1.1" 200 OK
INFO:     127.0.0.1:40740 - "GET /api/arbitrage/opportunities?limit=500&simulation_volume_usd=100 HTTP/1.1" 200 OK
INFO:     127.0.0.1:40730 - "GET /api/arbitrage/trades?limit=5000 HTTP/1.1" 200 OK
INFO:     127.0.0.1:40740 - "GET /api/arbitrage/opportunities?limit=500&simulation_volume_usd=100 HTTP/1.1" 200 OK
INFO:     127.0.0.1:40730 - "GET /api/arbitrage/trades?limit=5000 HTTP/1.1" 200 OK
INFO:     127.0.0.1:40740 - "GET /api/arbitrage/opportunities?limit=500&simulation_volume_usd=100 HTTP/1.1" 200 OK
INFO:     127.0.0.1:40730 - "GET /api/arbitrage/trades?limit=5000 HTTP/1.1" 200 OK
INFO:     127.0.0.1:40740 - "GET /api/arbitrage/opportunities?limit=500&simulation_volume_usd=100 HTTP/1.1" 200 OK
INFO:     127.0.0.1:40730 - "GET /api/arbitrage/trades?limit=5000 HTTP/1.1" 200 OK
INFO:     127.0.0.1:40740 - "GET /api/arbitrage/opportunities?limit=500&simulation_volume_usd=100 HTTP/1.1" 200 OK
INFO:     127.0.0.1:40730 - "GET /api/arbitrage/trades?limit=5000 HTTP/1.1" 200 OK
INFO:     127.0.0.1:40740 - "GET /api/arbitrage/opportunities?limit=500&simulation_volume_usd=100 HTTP/1.1" 200 OK
INFO:     127.0.0.1:40730 - "GET /api/arbitrage/trades?limit=5000 HTTP/1.1" 200 OK
INFO:     127.0.0.1:40740 - "GET /api/arbitrage/opportunities?limit=500&simulation_volume_usd=100 HTTP/1.1" 200 OK
INFO:     127.0.0.1:40730 - "GET /api/arbitrage/trades?limit=5000 HTTP/1.1" 200 OK
INFO:     127.0.0.1:40740 - "GET /api/arbitrage/opportunities?limit=500&simulation_volume_usd=100 HTTP/1.1" 200 OK
INFO:     127.0.0.1:40730 - "GET /api/arbitrage/trades?limit=5000 HTTP/1.1" 200 OK
INFO:     127.0.0.1:40740 - "GET /api/arbitrage/opportunities?limit=500&simulation_volume_usd=100 HTTP/1.1" 200 OK
INFO:     127.0.0.1:40730 - "GET /api/arbitrage/trades?limit=5000 HTTP/1.1" 200 OK
INFO:     127.0.0.1:40740 - "GET /api/arbitrage/opportunities?limit=500&simulation_volume_usd=100 HTTP/1.1" 200 OK
INFO:     127.0.0.1:40730 - "GET /api/arbitrage/trades?limit=5000 HTTP/1.1" 200 OK
INFO:     127.0.0.1:40740 - "GET /api/arbitrage/opportunities?limit=500&simulation_volume_usd=100 HTTP/1.1" 200 OK
INFO:     127.0.0.1:40730 - "GET /api/arbitrage/trades?limit=5000 HTTP/1.1" 200 OK
INFO:     127.0.0.1:40740 - "GET /api/arbitrage/opportunities?limit=500&simulation_volume_usd=100 HTTP/1.1" 200 OK
INFO:     127.0.0.1:40730 - "GET /api/arbitrage/trades?limit=5000 HTTP/1.1" 200 OK
INFO:     127.0.0.1:40740 - "GET /api/arbitrage/opportunities?limit=500&simulation_volume_usd=100 HTTP/1.1" 200 OK
INFO:     127.0.0.1:40730 - "GET /api/arbitrage/trades?limit=5000 HTTP/1.1" 200 OK
INFO:     127.0.0.1:40740 - "GET /api/arbitrage/opportunities?limit=500&simulation_volume_usd=100 HTTP/1.1" 200 OK
INFO:     127.0.0.1:40730 - "GET /api/arbitrage/trades?limit=5000 HTTP/1.1" 200 OK
INFO:     127.0.0.1:40740 - "GET /api/arbitrage/opportunities?limit=500&simulation_volume_usd=100 HTTP/1.1" 200 OK
INFO:     127.0.0.1:40730 - "GET /api/arbitrage/trades?limit=5000 HTTP/1.1" 200 OK
INFO:     127.0.0.1:40740 - "GET /api/arbitrage/opportunities?limit=500&simulation_volume_usd=100 HTTP/1.1" 200 OK
INFO:     127.0.0.1:40730 - "GET /api/arbitrage/trades?limit=5000 HTTP/1.1" 200 OK
INFO:     127.0.0.1:40740 - "GET /api/arbitrage/opportunities?limit=500&simulation_volume_usd=100 HTTP/1.1" 200 OK
INFO:     127.0.0.1:40730 - "GET /api/arbitrage/trades?limit=5000 HTTP/1.1" 200 OK
INFO:     127.0.0.1:40740 - "GET /api/arbitrage/opportunities?limit=500&simulation_volume_usd=100 HTTP/1.1" 200 OK
INFO:     127.0.0.1:40730 - "GET /api/arbitrage/trades?limit=5000 HTTP/1.1" 200 OK
INFO:     127.0.0.1:40740 - "GET /api/arbitrage/opportunities?limit=500&simulation_volume_usd=100 HTTP/1.1" 200 OK
INFO:     127.0.0.1:40730 - "GET /api/arbitrage/trades?limit=5000 HTTP/1.1" 200 OK
INFO:     127.0.0.1:40740 - "GET /api/arbitrage/opportunities?limit=500&simulation_volume_usd=100 HTTP/1.1" 200 OK
INFO:     127.0.0.1:40730 - "GET /api/arbitrage/trades?limit=5000 HTTP/1.1" 200 OK
INFO:     127.0.0.1:40740 - "GET /api/arbitrage/opportunities?limit=500&simulation_volume_usd=100 HTTP/1.1" 200 OK
INFO:     127.0.0.1:40730 - "GET /api/arbitrage/trades?limit=5000 HTTP/1.1" 200 OK
INFO:     127.0.0.1:40740 - "GET /api/arbitrage/opportunities?limit=500&simulation_volume_usd=100 HTTP/1.1" 200 OK
INFO:     127.0.0.1:40730 - "GET /api/arbitrage/trades?limit=5000 HTTP/1.1" 200 OK
INFO:     127.0.0.1:40740 - "OPTIONS /api/arbitrage/simulation-volume HTTP/1.1" 200 OK
INFO:     127.0.0.1:40740 - "POST /api/arbitrage/simulation-volume HTTP/1.1" 200 OK
INFO:     127.0.0.1:40740 - "POST /api/arbitrage/simulation-volume HTTP/1.1" 200 OK
INFO:     127.0.0.1:40740 - "GET /api/arbitrage/status HTTP/1.1" 200 OK
INFO:     127.0.0.1:40730 - "GET /api/arbitrage/trades?limit=5000 HTTP/1.1" 200 OK
INFO:     127.0.0.1:56426 - "GET /api/arbitrage/spread-series?limit=40 HTTP/1.1" 200 OK
INFO:     127.0.0.1:56434 - "GET /api/arbitrage/opportunities?limit=500&simulation_volume_usd=1000 HTTP/1.1" 200 OK
INFO:     127.0.0.1:40740 - "GET /api/arbitrage/opportunities?limit=500&simulation_volume_usd=1000 HTTP/1.1" 200 OK
INFO:     127.0.0.1:40730 - "GET /api/arbitrage/trades?limit=5000 HTTP/1.1" 200 OK
INFO:     127.0.0.1:40740 - "GET /api/arbitrage/opportunities?limit=500&simulation_volume_usd=1000 HTTP/1.1" 200 OK
INFO:     127.0.0.1:40730 - "GET /api/arbitrage/trades?limit=5000 HTTP/1.1" 200 OK
INFO:     127.0.0.1:40740 - "GET /api/arbitrage/opportunities?limit=500&simulation_volume_usd=1000 HTTP/1.1" 200 OK
INFO:     127.0.0.1:40730 - "GET /api/arbitrage/trades?limit=5000 HTTP/1.1" 200 OK
INFO:     127.0.0.1:40740 - "GET /api/arbitrage/opportunities?limit=500&simulation_volume_usd=1000 HTTP/1.1" 200 OK
INFO:     127.0.0.1:40730 - "GET /api/arbitrage/trades?limit=5000 HTTP/1.1" 200 OK
INFO:     127.0.0.1:40740 - "GET /api/arbitrage/opportunities?limit=500&simulation_volume_usd=1000 HTTP/1.1" 200 OK
INFO:     127.0.0.1:40730 - "GET /api/arbitrage/trades?limit=5000 HTTP/1.1" 200 OK
INFO:     127.0.0.1:40740 - "GET /api/arbitrage/opportunities?limit=500&simulation_volume_usd=1000 HTTP/1.1" 200 OK
INFO:     127.0.0.1:40730 - "GET /api/arbitrage/trades?limit=5000 HTTP/1.1" 200 OK
INFO:     127.0.0.1:40740 - "GET /api/arbitrage/opportunities?limit=500&simulation_volume_usd=1000 HTTP/1.1" 200 OK
INFO:     127.0.0.1:40730 - "GET /api/arbitrage/trades?limit=5000 HTTP/1.1" 200 OK
INFO:     127.0.0.1:40740 - "GET /api/arbitrage/opportunities?limit=500&simulation_volume_usd=1000 HTTP/1.1" 200 OK
INFO:     127.0.0.1:40730 - "GET /api/arbitrage/trades?limit=5000 HTTP/1.1" 200 OK
INFO:     127.0.0.1:40740 - "GET /api/arbitrage/opportunities?limit=500&simulation_volume_usd=1000 HTTP/1.1" 200 OK
INFO:     127.0.0.1:40730 - "GET /api/arbitrage/trades?limit=5000 HTTP/1.1" 200 OK
INFO:     127.0.0.1:40740 - "GET /api/arbitrage/opportunities?limit=500&simulation_volume_usd=1000 HTTP/1.1" 200 OK
INFO:     127.0.0.1:40730 - "GET /api/arbitrage/trades?limit=5000 HTTP/1.1" 200 OK
INFO:     127.0.0.1:40740 - "GET /api/arbitrage/opportunities?limit=500&simulation_volume_usd=1000 HTTP/1.1" 200 OK
INFO:     127.0.0.1:40730 - "GET /api/arbitrage/trades?limit=5000 HTTP/1.1" 200 OK
INFO:     127.0.0.1:40740 - "GET /api/arbitrage/opportunities?limit=500&simulation_volume_usd=1000 HTTP/1.1" 200 OK
INFO:     127.0.0.1:40730 - "GET /api/arbitrage/trades?limit=5000 HTTP/1.1" 200 OK
INFO:     127.0.0.1:40740 - "GET /api/arbitrage/opportunities?limit=500&simulation_volume_usd=1000 HTTP/1.1" 200 OK
INFO:     127.0.0.1:40730 - "GET /api/arbitrage/trades?limit=5000 HTTP/1.1" 200 OK
INFO:     127.0.0.1:40740 - "GET /api/arbitrage/opportunities?limit=500&simulation_volume_usd=1000 HTTP/1.1" 200 OK
INFO:     127.0.0.1:40730 - "GET /api/arbitrage/trades?limit=5000 HTTP/1.1" 200 OK
INFO:     127.0.0.1:40740 - "GET /api/arbitrage/opportunities?limit=500&simulation_volume_usd=1000 HTTP/1.1" 200 OK
INFO:     127.0.0.1:40730 - "GET /api/arbitrage/trades?limit=5000 HTTP/1.1" 200 OK
INFO:     127.0.0.1:40740 - "GET /api/arbitrage/opportunities?limit=500&simulation_volume_usd=1000 HTTP/1.1" 200 OK
INFO:     127.0.0.1:40730 - "GET /api/arbitrage/trades?limit=5000 HTTP/1.1" 200 OK
INFO:     127.0.0.1:40740 - "GET /api/arbitrage/opportunities?limit=500&simulation_volume_usd=1000 HTTP/1.1" 200 OK
INFO:     127.0.0.1:40730 - "GET /api/arbitrage/trades?limit=5000 HTTP/1.1" 200 OK
INFO:     127.0.0.1:40740 - "GET /api/arbitrage/opportunities?limit=500&simulation_volume_usd=1000 HTTP/1.1" 200 OK
INFO:     127.0.0.1:40730 - "GET /api/arbitrage/trades?limit=5000 HTTP/1.1" 200 OK
INFO:     127.0.0.1:40740 - "GET /api/arbitrage/opportunities?limit=500&simulation_volume_usd=1000 HTTP/1.1" 200 OK
INFO:     127.0.0.1:40730 - "GET /api/arbitrage/trades?limit=5000 HTTP/1.1" 200 OK
INFO:     127.0.0.1:40740 - "GET /api/arbitrage/opportunities?limit=500&simulation_volume_usd=1000 HTTP/1.1" 200 OK
INFO:     127.0.0.1:40730 - "GET /api/arbitrage/trades?limit=5000 HTTP/1.1" 200 OK
INFO:     127.0.0.1:40740 - "GET /api/arbitrage/opportunities?limit=500&simulation_volume_usd=1000 HTTP/1.1" 200 OK
INFO:     127.0.0.1:40730 - "GET /api/arbitrage/trades?limit=5000 HTTP/1.1" 200 OK
INFO:     127.0.0.1:40740 - "GET /api/arbitrage/opportunities?limit=500&simulation_volume_usd=1000 HTTP/1.1" 200 OK
INFO:     127.0.0.1:40730 - "GET /api/arbitrage/trades?limit=5000 HTTP/1.1" 200 OK
INFO:     127.0.0.1:40740 - "GET /api/arbitrage/opportunities?limit=500&simulation_volume_usd=1000 HTTP/1.1" 200 OK
INFO:     127.0.0.1:40730 - "GET /api/arbitrage/trades?limit=5000 HTTP/1.1" 200 OK
INFO:     127.0.0.1:40740 - "GET /api/arbitrage/opportunities?limit=500&simulation_volume_usd=1000 HTTP/1.1" 200 OK
INFO:     127.0.0.1:40730 - "GET /api/arbitrage/trades?limit=5000 HTTP/1.1" 200 OK
INFO:     connection closed
INFO:     127.0.0.1:40740 - "POST /api/arbitrage/simulation-volume HTTP/1.1" 200 OK
INFO:     127.0.0.1:40740 - "GET /api/arbitrage/status HTTP/1.1" 200 OK
INFO:     127.0.0.1:40730 - "GET /api/arbitrage/opportunities?limit=500&simulation_volume_usd=1000 HTTP/1.1" 200 OK
INFO:     127.0.0.1:47106 - "GET /api/arbitrage/trades?limit=5000 HTTP/1.1" 200 OK
INFO:     127.0.0.1:47108 - "GET /api/arbitrage/spread-series?limit=40 HTTP/1.1" 200 OK
INFO:     127.0.0.1:47114 - "WebSocket /ws/arbitrage" [accepted]
INFO:     connection open
INFO:     127.0.0.1:40740 - "GET /api/arbitrage/opportunities?limit=500&simulation_volume_usd=1000 HTTP/1.1" 200 OK
INFO:     127.0.0.1:40730 - "GET /api/arbitrage/trades?limit=5000 HTTP/1.1" 200 OK
INFO:     127.0.0.1:40740 - "GET /api/arbitrage/opportunities?limit=500&simulation_volume_usd=1000 HTTP/1.1" 200 OK
INFO:     127.0.0.1:40730 - "GET /api/arbitrage/trades?limit=5000 HTTP/1.1" 200 OK
INFO:     127.0.0.1:40740 - "GET /api/arbitrage/opportunities?limit=500&simulation_volume_usd=1000 HTTP/1.1" 200 OK
INFO:     127.0.0.1:40730 - "GET /api/arbitrage/trades?limit=5000 HTTP/1.1" 200 OK
INFO:     127.0.0.1:40740 - "GET /api/arbitrage/opportunities?limit=500&simulation_volume_usd=1000 HTTP/1.1" 200 OK
INFO:     127.0.0.1:40730 - "GET /api/arbitrage/trades?limit=5000 HTTP/1.1" 200 OK
INFO:     127.0.0.1:40740 - "GET /api/arbitrage/opportunities?limit=500&simulation_volume_usd=1000 HTTP/1.1" 200 OK
INFO:     127.0.0.1:40730 - "GET /api/arbitrage/trades?limit=5000 HTTP/1.1" 200 OK
INFO:     127.0.0.1:40740 - "GET /api/arbitrage/opportunities?limit=500&simulation_volume_usd=1000 HTTP/1.1" 200 OK
INFO:     127.0.0.1:40730 - "GET /api/arbitrage/trades?limit=5000 HTTP/1.1" 200 OK
INFO:     127.0.0.1:40740 - "GET /api/arbitrage/opportunities?limit=500&simulation_volume_usd=1000 HTTP/1.1" 200 OK
INFO:     127.0.0.1:40730 - "GET /api/arbitrage/trades?limit=5000 HTTP/1.1" 200 OK
INFO:     127.0.0.1:40740 - "GET /api/arbitrage/opportunities?limit=500&simulation_volume_usd=1000 HTTP/1.1" 200 OK
INFO:     127.0.0.1:40730 - "GET /api/arbitrage/trades?limit=5000 HTTP/1.1" 200 OK
INFO:     127.0.0.1:40740 - "GET /api/arbitrage/opportunities?limit=500&simulation_volume_usd=1000 HTTP/1.1" 200 OK
INFO:     127.0.0.1:40730 - "GET /api/arbitrage/trades?limit=5000 HTTP/1.1" 200 OK
INFO:     127.0.0.1:40740 - "GET /api/arbitrage/opportunities?limit=500&simulation_volume_usd=1000 HTTP/1.1" 200 OK
INFO:     127.0.0.1:40730 - "GET /api/arbitrage/trades?limit=5000 HTTP/1.1" 200 OK
INFO:     127.0.0.1:40740 - "GET /api/arbitrage/opportunities?limit=500&simulation_volume_usd=1000 HTTP/1.1" 200 OK
INFO:     127.0.0.1:40730 - "GET /api/arbitrage/trades?limit=5000 HTTP/1.1" 200 OK
INFO:     127.0.0.1:40740 - "GET /api/arbitrage/opportunities?limit=500&simulation_volume_usd=1000 HTTP/1.1" 200 OK
INFO:     127.0.0.1:40730 - "GET /api/arbitrage/trades?limit=5000 HTTP/1.1" 200 OK
INFO:     connection closed
INFO:     127.0.0.1:40740 - "POST /api/arbitrage/simulation-volume HTTP/1.1" 200 OK
INFO:     127.0.0.1:40740 - "GET /api/arbitrage/status HTTP/1.1" 200 OK
INFO:     127.0.0.1:40730 - "GET /api/arbitrage/opportunities?limit=500&simulation_volume_usd=1000 HTTP/1.1" 200 OK
INFO:     127.0.0.1:40026 - "GET /api/arbitrage/trades?limit=5000 HTTP/1.1" 200 OK
INFO:     127.0.0.1:40036 - "GET /api/arbitrage/spread-series?limit=40 HTTP/1.1" 200 OK
INFO:     127.0.0.1:40042 - "WebSocket /ws/arbitrage" [accepted]
INFO:     connection open
INFO:     127.0.0.1:40740 - "GET /api/arbitrage/opportunities?limit=500&simulation_volume_usd=1000 HTTP/1.1" 200 OK
INFO:     127.0.0.1:40730 - "GET /api/arbitrage/trades?limit=5000 HTTP/1.1" 200 OK
INFO:     127.0.0.1:40740 - "GET /api/arbitrage/opportunities?limit=500&simulation_volume_usd=1000 HTTP/1.1" 200 OK
INFO:     127.0.0.1:40730 - "GET /api/arbitrage/trades?limit=5000 HTTP/1.1" 200 OK
INFO:     127.0.0.1:40740 - "GET /api/arbitrage/opportunities?limit=500&simulation_volume_usd=1000 HTTP/1.1" 200 OK
INFO:     127.0.0.1:40730 - "GET /api/arbitrage/trades?limit=5000 HTTP/1.1" 200 OK
INFO:     127.0.0.1:40740 - "GET /api/arbitrage/opportunities?limit=500&simulation_volume_usd=1000 HTTP/1.1" 200 OK
INFO:     127.0.0.1:40730 - "GET /api/arbitrage/trades?limit=5000 HTTP/1.1" 200 OK
INFO:     127.0.0.1:40740 - "GET /api/arbitrage/opportunities?limit=500&simulation_volume_usd=1000 HTTP/1.1" 200 OK
INFO:     127.0.0.1:40730 - "GET /api/arbitrage/trades?limit=5000 HTTP/1.1" 200 OK
INFO:     127.0.0.1:40740 - "GET /api/arbitrage/opportunities?limit=500&simulation_volume_usd=1000 HTTP/1.1" 200 OK
INFO:     127.0.0.1:40730 - "GET /api/arbitrage/trades?limit=5000 HTTP/1.1" 200 OK
INFO:     127.0.0.1:40740 - "GET /api/arbitrage/opportunities?limit=500&simulation_volume_usd=1000 HTTP/1.1" 200 OK
INFO:     127.0.0.1:40730 - "GET /api/arbitrage/trades?limit=5000 HTTP/1.1" 200 OK
INFO:     127.0.0.1:40740 - "GET /api/arbitrage/opportunities?limit=500&simulation_volume_usd=1000 HTTP/1.1" 200 OK
INFO:     127.0.0.1:40730 - "GET /api/arbitrage/trades?limit=5000 HTTP/1.1" 200 OK
INFO:     127.0.0.1:40740 - "GET /api/arbitrage/opportunities?limit=500&simulation_volume_usd=1000 HTTP/1.1" 200 OK
INFO:     127.0.0.1:40730 - "GET /api/arbitrage/trades?limit=5000 HTTP/1.1" 200 OK
INFO:     127.0.0.1:40740 - "GET /api/arbitrage/opportunities?limit=500&simulation_volume_usd=1000 HTTP/1.1" 200 OK
INFO:     127.0.0.1:40730 - "GET /api/arbitrage/trades?limit=5000 HTTP/1.1" 200 OK
INFO:     127.0.0.1:40740 - "GET /api/arbitrage/opportunities?limit=500&simulation_volume_usd=1000 HTTP/1.1" 200 OK
INFO:     127.0.0.1:40730 - "GET /api/arbitrage/trades?limit=5000 HTTP/1.1" 200 OK
INFO:     127.0.0.1:40740 - "GET /api/arbitrage/opportunities?limit=500&simulation_volume_usd=1000 HTTP/1.1" 200 OK
INFO:     127.0.0.1:40730 - "GET /api/arbitrage/trades?limit=5000 HTTP/1.1" 200 OK
INFO:     127.0.0.1:40740 - "GET /api/arbitrage/opportunities?limit=500&simulation_volume_usd=1000 HTTP/1.1" 200 OK
INFO:     127.0.0.1:40730 - "GET /api/arbitrage/trades?limit=5000 HTTP/1.1" 200 OK
INFO:     127.0.0.1:40740 - "GET /api/arbitrage/opportunities?limit=500&simulation_volume_usd=1000 HTTP/1.1" 200 OK
INFO:     127.0.0.1:40730 - "GET /api/arbitrage/trades?limit=5000 HTTP/1.1" 200 OK
INFO:     127.0.0.1:40740 - "GET /api/arbitrage/opportunities?limit=500&simulation_volume_usd=1000 HTTP/1.1" 200 OK
INFO:     127.0.0.1:40730 - "GET /api/arbitrage/trades?limit=5000 HTTP/1.1" 200 OK
INFO:     127.0.0.1:40740 - "GET /api/arbitrage/opportunities?limit=500&simulation_volume_usd=1000 HTTP/1.1" 200 OK
INFO:     127.0.0.1:40730 - "GET /api/arbitrage/trades?limit=5000 HTTP/1.1" 200 OK
INFO:     127.0.0.1:40740 - "GET /api/arbitrage/opportunities?limit=500&simulation_volume_usd=1000 HTTP/1.1" 200 OK
INFO:     127.0.0.1:40730 - "GET /api/arbitrage/trades?limit=5000 HTTP/1.1" 200 OK
INFO:     127.0.0.1:40740 - "GET /api/arbitrage/opportunities?limit=500&simulation_volume_usd=1000 HTTP/1.1" 200 OK
INFO:     127.0.0.1:40730 - "GET /api/arbitrage/trades?limit=5000 HTTP/1.1" 200 OK
INFO:     127.0.0.1:40740 - "GET /api/arbitrage/opportunities?limit=500&simulation_volume_usd=1000 HTTP/1.1" 200 OK
INFO:     127.0.0.1:40730 - "GET /api/arbitrage/trades?limit=5000 HTTP/1.1" 200 OK
INFO:     127.0.0.1:40740 - "GET /api/arbitrage/opportunities?limit=500&simulation_volume_usd=1000 HTTP/1.1" 200 OK
INFO:     127.0.0.1:40730 - "GET /api/arbitrage/trades?limit=5000 HTTP/1.1" 200 OK
INFO:     127.0.0.1:40740 - "GET /api/arbitrage/opportunities?limit=500&simulation_volume_usd=1000 HTTP/1.1" 200 OK
INFO:     127.0.0.1:40730 - "GET /api/arbitrage/trades?limit=5000 HTTP/1.1" 200 OK
INFO:     127.0.0.1:40740 - "GET /api/arbitrage/opportunities?limit=500&simulation_volume_usd=1000 HTTP/1.1" 200 OK
INFO:     127.0.0.1:40730 - "GET /api/arbitrage/trades?limit=5000 HTTP/1.1" 200 OK
INFO:     127.0.0.1:40740 - "GET /api/arbitrage/opportunities?limit=500&simulation_volume_usd=1000 HTTP/1.1" 200 OK
INFO:     127.0.0.1:40730 - "GET /api/arbitrage/trades?limit=5000 HTTP/1.1" 200 OK
INFO:     127.0.0.1:40740 - "GET /api/arbitrage/opportunities?limit=500&simulation_volume_usd=1000 HTTP/1.1" 200 OK
INFO:     127.0.0.1:40730 - "GET /api/arbitrage/trades?limit=5000 HTTP/1.1" 200 OK
INFO:     127.0.0.1:40740 - "GET /api/arbitrage/opportunities?limit=500&simulation_volume_usd=1000 HTTP/1.1" 200 OK
INFO:     127.0.0.1:40730 - "GET /api/arbitrage/trades?limit=5000 HTTP/1.1" 200 OK
INFO:     127.0.0.1:40740 - "GET /api/arbitrage/opportunities?limit=500&simulation_volume_usd=1000 HTTP/1.1" 200 OK
INFO:     127.0.0.1:40730 - "GET /api/arbitrage/trades?limit=5000 HTTP/1.1" 200 OK
INFO:     127.0.0.1:40740 - "GET /api/arbitrage/opportunities?limit=500&simulation_volume_usd=1000 HTTP/1.1" 200 OK
INFO:     127.0.0.1:40730 - "GET /api/arbitrage/trades?limit=5000 HTTP/1.1" 200 OK
INFO:     127.0.0.1:40740 - "GET /api/arbitrage/opportunities?limit=500&simulation_volume_usd=1000 HTTP/1.1" 200 OK
INFO:     127.0.0.1:40730 - "GET /api/arbitrage/trades?limit=5000 HTTP/1.1" 200 OK
INFO:     127.0.0.1:40740 - "GET /api/arbitrage/opportunities?limit=500&simulation_volume_usd=1000 HTTP/1.1" 200 OK
INFO:     127.0.0.1:40730 - "GET /api/arbitrage/trades?limit=5000 HTTP/1.1" 200 OK
INFO:     127.0.0.1:40740 - "GET /api/arbitrage/opportunities?limit=500&simulation_volume_usd=1000 HTTP/1.1" 200 OK
INFO:     127.0.0.1:40730 - "GET /api/arbitrage/trades?limit=5000 HTTP/1.1" 200 OK
INFO:     127.0.0.1:40740 - "GET /api/arbitrage/opportunities?limit=500&simulation_volume_usd=1000 HTTP/1.1" 200 OK
INFO:     127.0.0.1:40730 - "GET /api/arbitrage/trades?limit=5000 HTTP/1.1" 200 OK
INFO:     127.0.0.1:40740 - "GET /api/arbitrage/opportunities?limit=500&simulation_volume_usd=1000 HTTP/1.1" 200 OK
INFO:     127.0.0.1:40730 - "GET /api/arbitrage/trades?limit=5000 HTTP/1.1" 200 OK
INFO:     127.0.0.1:40740 - "GET /api/arbitrage/opportunities?limit=500&simulation_volume_usd=1000 HTTP/1.1" 200 OK
INFO:     127.0.0.1:40730 - "GET /api/arbitrage/trades?limit=5000 HTTP/1.1" 200 OK
INFO:     127.0.0.1:40740 - "GET /api/arbitrage/opportunities?limit=500&simulation_volume_usd=1000 HTTP/1.1" 200 OK
INFO:     127.0.0.1:40730 - "GET /api/arbitrage/trades?limit=5000 HTTP/1.1" 200 OK
INFO:     127.0.0.1:40740 - "GET /api/arbitrage/opportunities?limit=500&simulation_volume_usd=1000 HTTP/1.1" 200 OK
INFO:     127.0.0.1:40730 - "GET /api/arbitrage/trades?limit=5000 HTTP/1.1" 200 OK
INFO:     127.0.0.1:40740 - "GET /api/arbitrage/opportunities?limit=500&simulation_volume_usd=1000 HTTP/1.1" 200 OK
INFO:     127.0.0.1:40730 - "GET /api/arbitrage/trades?limit=5000 HTTP/1.1" 200 OK
INFO:     127.0.0.1:40740 - "GET /api/arbitrage/opportunities?limit=500&simulation_volume_usd=1000 HTTP/1.1" 200 OK
INFO:     127.0.0.1:40730 - "GET /api/arbitrage/trades?limit=5000 HTTP/1.1" 200 OK
INFO:     127.0.0.1:40740 - "GET /api/arbitrage/opportunities?limit=500&simulation_volume_usd=1000 HTTP/1.1" 200 OK
INFO:     127.0.0.1:40730 - "GET /api/arbitrage/trades?limit=5000 HTTP/1.1" 200 OK
INFO:     127.0.0.1:40740 - "GET /api/arbitrage/opportunities?limit=500&simulation_volume_usd=1000 HTTP/1.1" 200 OK
INFO:     127.0.0.1:40730 - "GET /api/arbitrage/trades?limit=5000 HTTP/1.1" 200 OK
INFO:     127.0.0.1:40740 - "GET /api/arbitrage/opportunities?limit=500&simulation_volume_usd=1000 HTTP/1.1" 200 OK
INFO:     127.0.0.1:40730 - "GET /api/arbitrage/trades?limit=5000 HTTP/1.1" 200 OK
INFO:     127.0.0.1:40740 - "GET /api/arbitrage/opportunities?limit=500&simulation_volume_usd=1000 HTTP/1.1" 200 OK
INFO:     127.0.0.1:40730 - "GET /api/arbitrage/trades?limit=5000 HTTP/1.1" 200 OK
INFO:     127.0.0.1:40740 - "GET /api/arbitrage/opportunities?limit=500&simulation_volume_usd=1000 HTTP/1.1" 200 OK
INFO:     127.0.0.1:40730 - "GET /api/arbitrage/trades?limit=5000 HTTP/1.1" 200 OK
INFO:     127.0.0.1:40740 - "GET /api/arbitrage/opportunities?limit=500&simulation_volume_usd=1000 HTTP/1.1" 200 OK
INFO:     127.0.0.1:40730 - "GET /api/arbitrage/trades?limit=5000 HTTP/1.1" 200 OK
INFO:     127.0.0.1:40740 - "GET /api/arbitrage/opportunities?limit=500&simulation_volume_usd=1000 HTTP/1.1" 200 OK
INFO:     127.0.0.1:40730 - "GET /api/arbitrage/trades?limit=5000 HTTP/1.1" 200 OK
INFO:     127.0.0.1:40740 - "GET /api/arbitrage/opportunities?limit=500&simulation_volume_usd=1000 HTTP/1.1" 200 OK
INFO:     127.0.0.1:40730 - "GET /api/arbitrage/trades?limit=5000 HTTP/1.1" 200 OK
INFO:     127.0.0.1:40740 - "GET /api/arbitrage/opportunities?limit=500&simulation_volume_usd=1000 HTTP/1.1" 200 OK
INFO:     127.0.0.1:40730 - "GET /api/arbitrage/trades?limit=5000 HTTP/1.1" 200 OK
INFO:     127.0.0.1:40740 - "GET /api/arbitrage/opportunities?limit=500&simulation_volume_usd=1000 HTTP/1.1" 200 OK
INFO:     127.0.0.1:40730 - "GET /api/arbitrage/trades?limit=5000 HTTP/1.1" 200 OK
INFO:     127.0.0.1:40740 - "GET /api/arbitrage/opportunities?limit=500&simulation_volume_usd=1000 HTTP/1.1" 200 OK
INFO:     127.0.0.1:40730 - "GET /api/arbitrage/trades?limit=5000 HTTP/1.1" 200 OK
INFO:     127.0.0.1:40740 - "GET /api/arbitrage/opportunities?limit=500&simulation_volume_usd=1000 HTTP/1.1" 200 OK
INFO:     127.0.0.1:40730 - "GET /api/arbitrage/trades?limit=5000 HTTP/1.1" 200 OK
INFO:     127.0.0.1:40740 - "GET /api/arbitrage/opportunities?limit=500&simulation_volume_usd=1000 HTTP/1.1" 200 OK
INFO:     127.0.0.1:40730 - "GET /api/arbitrage/trades?limit=5000 HTTP/1.1" 200 OK
INFO:     127.0.0.1:40740 - "GET /api/arbitrage/opportunities?limit=500&simulation_volume_usd=1000 HTTP/1.1" 200 OK
INFO:     127.0.0.1:40730 - "GET /api/arbitrage/trades?limit=5000 HTTP/1.1" 200 OK
INFO:     127.0.0.1:40740 - "GET /api/arbitrage/opportunities?limit=500&simulation_volume_usd=1000 HTTP/1.1" 200 OK
INFO:     127.0.0.1:40730 - "GET /api/arbitrage/trades?limit=5000 HTTP/1.1" 200 OK
INFO:     127.0.0.1:40740 - "GET /api/arbitrage/opportunities?limit=500&simulation_volume_usd=1000 HTTP/1.1" 200 OK
INFO:     127.0.0.1:40730 - "GET /api/arbitrage/trades?limit=5000 HTTP/1.1" 200 OK
INFO:     127.0.0.1:40740 - "GET /api/arbitrage/opportunities?limit=500&simulation_volume_usd=1000 HTTP/1.1" 200 OK
INFO:     127.0.0.1:40730 - "GET /api/arbitrage/trades?limit=5000 HTTP/1.1" 200 OK
INFO:     127.0.0.1:40740 - "GET /api/arbitrage/opportunities?limit=500&simulation_volume_usd=1000 HTTP/1.1" 200 OK
INFO:     127.0.0.1:40730 - "GET /api/arbitrage/trades?limit=5000 HTTP/1.1" 200 OK
INFO:     127.0.0.1:40740 - "GET /api/arbitrage/opportunities?limit=500&simulation_volume_usd=1000 HTTP/1.1" 200 OK
INFO:     127.0.0.1:40730 - "GET /api/arbitrage/trades?limit=5000 HTTP/1.1" 200 OK
INFO:     127.0.0.1:40740 - "GET /api/arbitrage/opportunities?limit=500&simulation_volume_usd=1000 HTTP/1.1" 200 OK
INFO:     127.0.0.1:40730 - "GET /api/arbitrage/trades?limit=5000 HTTP/1.1" 200 OK
INFO:     127.0.0.1:40740 - "GET /api/arbitrage/opportunities?limit=500&simulation_volume_usd=1000 HTTP/1.1" 200 OK
INFO:     127.0.0.1:40730 - "GET /api/arbitrage/trades?limit=5000 HTTP/1.1" 200 OK
INFO:     127.0.0.1:40740 - "GET /api/arbitrage/opportunities?limit=500&simulation_volume_usd=1000 HTTP/1.1" 200 OK
INFO:     127.0.0.1:40730 - "GET /api/arbitrage/trades?limit=5000 HTTP/1.1" 200 OK
INFO:     127.0.0.1:40740 - "GET /api/arbitrage/opportunities?limit=500&simulation_volume_usd=1000 HTTP/1.1" 200 OK
INFO:     127.0.0.1:40730 - "GET /api/arbitrage/trades?limit=5000 HTTP/1.1" 200 OK
INFO:     127.0.0.1:40740 - "GET /api/arbitrage/opportunities?limit=500&simulation_volume_usd=1000 HTTP/1.1" 200 OK
INFO:     127.0.0.1:40730 - "GET /api/arbitrage/trades?limit=5000 HTTP/1.1" 200 OK
INFO:     127.0.0.1:40740 - "GET /api/arbitrage/opportunities?limit=500&simulation_volume_usd=1000 HTTP/1.1" 200 OK
INFO:     127.0.0.1:40730 - "GET /api/arbitrage/trades?limit=5000 HTTP/1.1" 200 OK
INFO:     127.0.0.1:40740 - "GET /api/arbitrage/opportunities?limit=500&simulation_volume_usd=1000 HTTP/1.1" 200 OK
INFO:     127.0.0.1:40730 - "GET /api/arbitrage/trades?limit=5000 HTTP/1.1" 200 OK
INFO:     127.0.0.1:40740 - "GET /api/arbitrage/opportunities?limit=500&simulation_volume_usd=1000 HTTP/1.1" 200 OK
INFO:     127.0.0.1:40730 - "GET /api/arbitrage/trades?limit=5000 HTTP/1.1" 200 OK
INFO:     127.0.0.1:40740 - "GET /api/arbitrage/opportunities?limit=500&simulation_volume_usd=1000 HTTP/1.1" 200 OK
INFO:     127.0.0.1:40730 - "GET /api/arbitrage/trades?limit=5000 HTTP/1.1" 200 OK
INFO:     127.0.0.1:40740 - "GET /api/arbitrage/opportunities?limit=500&simulation_volume_usd=1000 HTTP/1.1" 200 OK
INFO:     127.0.0.1:40730 - "GET /api/arbitrage/trades?limit=5000 HTTP/1.1" 200 OK
INFO:     127.0.0.1:40740 - "GET /api/arbitrage/opportunities?limit=500&simulation_volume_usd=1000 HTTP/1.1" 200 OK
INFO:     127.0.0.1:40730 - "GET /api/arbitrage/trades?limit=5000 HTTP/1.1" 200 OK
INFO:     127.0.0.1:40740 - "GET /api/arbitrage/opportunities?limit=500&simulation_volume_usd=1000 HTTP/1.1" 200 OK
INFO:     127.0.0.1:40730 - "GET /api/arbitrage/trades?limit=5000 HTTP/1.1" 200 OK
INFO:     127.0.0.1:40740 - "GET /api/arbitrage/opportunities?limit=500&simulation_volume_usd=1000 HTTP/1.1" 200 OK
INFO:     127.0.0.1:40730 - "GET /api/arbitrage/trades?limit=5000 HTTP/1.1" 200 OK
INFO:     127.0.0.1:40740 - "GET /api/arbitrage/opportunities?limit=500&simulation_volume_usd=1000 HTTP/1.1" 200 OK
INFO:     127.0.0.1:40730 - "GET /api/arbitrage/trades?limit=5000 HTTP/1.1" 200 OK
INFO:     127.0.0.1:40740 - "GET /api/arbitrage/opportunities?limit=500&simulation_volume_usd=1000 HTTP/1.1" 200 OK
INFO:     127.0.0.1:40730 - "GET /api/arbitrage/trades?limit=5000 HTTP/1.1" 200 OK
INFO:     127.0.0.1:40740 - "GET /api/arbitrage/opportunities?limit=500&simulation_volume_usd=1000 HTTP/1.1" 200 OK
INFO:     127.0.0.1:40730 - "GET /api/arbitrage/trades?limit=5000 HTTP/1.1" 200 OK
INFO:     127.0.0.1:40740 - "GET /api/arbitrage/opportunities?limit=500&simulation_volume_usd=1000 HTTP/1.1" 200 OK
INFO:     127.0.0.1:40730 - "GET /api/arbitrage/trades?limit=5000 HTTP/1.1" 200 OK
INFO:     127.0.0.1:40740 - "GET /api/arbitrage/opportunities?limit=500&simulation_volume_usd=1000 HTTP/1.1" 200 OK
INFO:     127.0.0.1:40730 - "GET /api/arbitrage/trades?limit=5000 HTTP/1.1" 200 OK
INFO:     127.0.0.1:40740 - "GET /api/arbitrage/opportunities?limit=500&simulation_volume_usd=1000 HTTP/1.1" 200 OK
INFO:     127.0.0.1:40730 - "GET /api/arbitrage/trades?limit=5000 HTTP/1.1" 200 OK
INFO:     127.0.0.1:40740 - "GET /api/arbitrage/opportunities?limit=500&simulation_volume_usd=1000 HTTP/1.1" 200 OK
INFO:     127.0.0.1:40730 - "GET /api/arbitrage/trades?limit=5000 HTTP/1.1" 200 OK
INFO:     127.0.0.1:40740 - "GET /api/arbitrage/opportunities?limit=500&simulation_volume_usd=1000 HTTP/1.1" 200 OK
INFO:     127.0.0.1:40730 - "GET /api/arbitrage/trades?limit=5000 HTTP/1.1" 200 OK
INFO:     127.0.0.1:40740 - "GET /api/arbitrage/opportunities?limit=500&simulation_volume_usd=1000 HTTP/1.1" 200 OK
INFO:     127.0.0.1:40730 - "GET /api/arbitrage/trades?limit=5000 HTTP/1.1" 200 OK
INFO:     127.0.0.1:40740 - "GET /api/arbitrage/opportunities?limit=500&simulation_volume_usd=1000 HTTP/1.1" 200 OK
INFO:     127.0.0.1:40730 - "GET /api/arbitrage/trades?limit=5000 HTTP/1.1" 200 OK
INFO:     127.0.0.1:40740 - "GET /api/arbitrage/opportunities?limit=500&simulation_volume_usd=1000 HTTP/1.1" 200 OK
INFO:     127.0.0.1:40730 - "GET /api/arbitrage/trades?limit=5000 HTTP/1.1" 200 OK
INFO:     127.0.0.1:40740 - "GET /api/arbitrage/opportunities?limit=500&simulation_volume_usd=1000 HTTP/1.1" 200 OK
INFO:     127.0.0.1:40730 - "GET /api/arbitrage/trades?limit=5000 HTTP/1.1" 200 OK
INFO:     127.0.0.1:40740 - "GET /api/arbitrage/opportunities?limit=500&simulation_volume_usd=1000 HTTP/1.1" 200 OK
INFO:     127.0.0.1:40730 - "GET /api/arbitrage/trades?limit=5000 HTTP/1.1" 200 OK
INFO:     127.0.0.1:40740 - "GET /api/arbitrage/opportunities?limit=500&simulation_volume_usd=1000 HTTP/1.1" 200 OK
INFO:     127.0.0.1:40730 - "GET /api/arbitrage/trades?limit=5000 HTTP/1.1" 200 OK
ConnectionClosedError exception in shielded future
future: <Future finished exception=ConnectionClosedError(None, Close(code=<CloseCode.INTERNAL_ERROR: 1011>, reason='keepalive ping timeout'), None)>
Traceback (most recent call last):
  File "/home/guilherme/BUGSBYTE-2026/.venv/lib/python3.14/site-packages/websockets/legacy/protocol.py", line 1276, in close_connection
    await self.transfer_data_task
  File "/home/guilherme/BUGSBYTE-2026/.venv/lib/python3.14/site-packages/websockets/legacy/protocol.py", line 940, in transfer_data
    message = await self.read_message()
              ^^^^^^^^^^^^^^^^^^^^^^^^^
  File "/home/guilherme/BUGSBYTE-2026/.venv/lib/python3.14/site-packages/websockets/legacy/protocol.py", line 1010, in read_message
    frame = await self.read_data_frame(max_size=self.max_size)
            ^^^^^^^^^^^^^^^^^^^^^^^^^^^^^^^^^^^^^^^^^^^^^^^^^^
  File "/home/guilherme/BUGSBYTE-2026/.venv/lib/python3.14/site-packages/websockets/legacy/protocol.py", line 1087, in read_data_frame
    frame = await self.read_frame(max_size)
            ^^^^^^^^^^^^^^^^^^^^^^^^^^^^^^^
  File "/home/guilherme/BUGSBYTE-2026/.venv/lib/python3.14/site-packages/websockets/legacy/protocol.py", line 1144, in read_frame
    frame = await Frame.read(
            ^^^^^^^^^^^^^^^^^
    ...<4 lines>...
    )
    ^
  File "/home/guilherme/BUGSBYTE-2026/.venv/lib/python3.14/site-packages/websockets/legacy/framing.py", line 70, in read
    data = await reader(2)
           ^^^^^^^^^^^^^^^
  File "/usr/lib/python3.14/asyncio/streams.py", line 769, in readexactly
    await self._wait_for_data('readexactly')
  File "/usr/lib/python3.14/asyncio/streams.py", line 539, in _wait_for_data
    await self._waiter
asyncio.exceptions.CancelledError

The above exception was the direct cause of the following exception:

websockets.exceptions.ConnectionClosedError: sent 1011 (internal error) keepalive ping timeout; no close frame received
ConnectionClosedError exception in shielded future
future: <Future finished exception=ConnectionClosedError(None, Close(code=<CloseCode.INTERNAL_ERROR: 1011>, reason='keepalive ping timeout'), None)>
Traceback (most recent call last):
  File "/home/guilherme/BUGSBYTE-2026/.venv/lib/python3.14/site-packages/websockets/legacy/protocol.py", line 1276, in close_connection
    await self.transfer_data_task
  File "/home/guilherme/BUGSBYTE-2026/.venv/lib/python3.14/site-packages/websockets/legacy/protocol.py", line 940, in transfer_data
    message = await self.read_message()
              ^^^^^^^^^^^^^^^^^^^^^^^^^
  File "/home/guilherme/BUGSBYTE-2026/.venv/lib/python3.14/site-packages/websockets/legacy/protocol.py", line 1010, in read_message
    frame = await self.read_data_frame(max_size=self.max_size)
            ^^^^^^^^^^^^^^^^^^^^^^^^^^^^^^^^^^^^^^^^^^^^^^^^^^
  File "/home/guilherme/BUGSBYTE-2026/.venv/lib/python3.14/site-packages/websockets/legacy/protocol.py", line 1087, in read_data_frame
    frame = await self.read_frame(max_size)
            ^^^^^^^^^^^^^^^^^^^^^^^^^^^^^^^
  File "/home/guilherme/BUGSBYTE-2026/.venv/lib/python3.14/site-packages/websockets/legacy/protocol.py", line 1144, in read_frame
    frame = await Frame.read(
            ^^^^^^^^^^^^^^^^^
    ...<4 lines>...
    )
    ^
  File "/home/guilherme/BUGSBYTE-2026/.venv/lib/python3.14/site-packages/websockets/legacy/framing.py", line 70, in read
    data = await reader(2)
           ^^^^^^^^^^^^^^^
  File "/usr/lib/python3.14/asyncio/streams.py", line 769, in readexactly
    await self._wait_for_data('readexactly')
  File "/usr/lib/python3.14/asyncio/streams.py", line 539, in _wait_for_data
    await self._waiter
asyncio.exceptions.CancelledError

The above exception was the direct cause of the following exception:

websockets.exceptions.ConnectionClosedError: sent 1011 (internal error) keepalive ping timeout; no close frame received
INFO:     127.0.0.1:40740 - "GET /api/arbitrage/opportunities?limit=500&simulation_volume_usd=1000 HTTP/1.1" 200 OK
INFO:     127.0.0.1:40730 - "GET /api/arbitrage/trades?limit=5000 HTTP/1.1" 200 OK
ConnectionClosedError exception in shielded future
future: <Future finished exception=ConnectionClosedError(None, Close(code=<CloseCode.INTERNAL_ERROR: 1011>, reason='keepalive ping timeout'), None)>
Traceback (most recent call last):
  File "/home/guilherme/BUGSBYTE-2026/.venv/lib/python3.14/site-packages/websockets/legacy/protocol.py", line 1276, in close_connection
    await self.transfer_data_task
  File "/home/guilherme/BUGSBYTE-2026/.venv/lib/python3.14/site-packages/websockets/legacy/protocol.py", line 940, in transfer_data
    message = await self.read_message()
              ^^^^^^^^^^^^^^^^^^^^^^^^^
  File "/home/guilherme/BUGSBYTE-2026/.venv/lib/python3.14/site-packages/websockets/legacy/protocol.py", line 1010, in read_message
    frame = await self.read_data_frame(max_size=self.max_size)
            ^^^^^^^^^^^^^^^^^^^^^^^^^^^^^^^^^^^^^^^^^^^^^^^^^^
  File "/home/guilherme/BUGSBYTE-2026/.venv/lib/python3.14/site-packages/websockets/legacy/protocol.py", line 1087, in read_data_frame
    frame = await self.read_frame(max_size)
            ^^^^^^^^^^^^^^^^^^^^^^^^^^^^^^^
  File "/home/guilherme/BUGSBYTE-2026/.venv/lib/python3.14/site-packages/websockets/legacy/protocol.py", line 1144, in read_frame
    frame = await Frame.read(
            ^^^^^^^^^^^^^^^^^
    ...<4 lines>...
    )
    ^
  File "/home/guilherme/BUGSBYTE-2026/.venv/lib/python3.14/site-packages/websockets/legacy/framing.py", line 70, in read
    data = await reader(2)
           ^^^^^^^^^^^^^^^
  File "/usr/lib/python3.14/asyncio/streams.py", line 769, in readexactly
    await self._wait_for_data('readexactly')
  File "/usr/lib/python3.14/asyncio/streams.py", line 539, in _wait_for_data
    await self._waiter
asyncio.exceptions.CancelledError

The above exception was the direct cause of the following exception:

websockets.exceptions.ConnectionClosedError: sent 1011 (internal error) keepalive ping timeout; no close frame received
INFO:     127.0.0.1:40740 - "GET /api/arbitrage/opportunities?limit=500&simulation_volume_usd=1000 HTTP/1.1" 200 OK
INFO:     127.0.0.1:40730 - "GET /api/arbitrage/trades?limit=5000 HTTP/1.1" 200 OK
INFO:     127.0.0.1:40740 - "GET /api/arbitrage/opportunities?limit=500&simulation_volume_usd=1000 HTTP/1.1" 200 OK
INFO:     127.0.0.1:40730 - "GET /api/arbitrage/trades?limit=5000 HTTP/1.1" 200 OK
ConnectionClosedError exception in shielded future
future: <Future finished exception=ConnectionClosedError(None, Close(code=<CloseCode.INTERNAL_ERROR: 1011>, reason='keepalive ping timeout'), None)>
Traceback (most recent call last):
  File "/home/guilherme/BUGSBYTE-2026/.venv/lib/python3.14/site-packages/websockets/legacy/protocol.py", line 1276, in close_connection
    await self.transfer_data_task
  File "/home/guilherme/BUGSBYTE-2026/.venv/lib/python3.14/site-packages/websockets/legacy/protocol.py", line 940, in transfer_data
    message = await self.read_message()
              ^^^^^^^^^^^^^^^^^^^^^^^^^
  File "/home/guilherme/BUGSBYTE-2026/.venv/lib/python3.14/site-packages/websockets/legacy/protocol.py", line 1010, in read_message
    frame = await self.read_data_frame(max_size=self.max_size)
            ^^^^^^^^^^^^^^^^^^^^^^^^^^^^^^^^^^^^^^^^^^^^^^^^^^
  File "/home/guilherme/BUGSBYTE-2026/.venv/lib/python3.14/site-packages/websockets/legacy/protocol.py", line 1087, in read_data_frame
    frame = await self.read_frame(max_size)
            ^^^^^^^^^^^^^^^^^^^^^^^^^^^^^^^
  File "/home/guilherme/BUGSBYTE-2026/.venv/lib/python3.14/site-packages/websockets/legacy/protocol.py", line 1144, in read_frame
    frame = await Frame.read(
            ^^^^^^^^^^^^^^^^^
    ...<4 lines>...
    )
    ^
  File "/home/guilherme/BUGSBYTE-2026/.venv/lib/python3.14/site-packages/websockets/legacy/framing.py", line 70, in read
    data = await reader(2)
           ^^^^^^^^^^^^^^^
  File "/usr/lib/python3.14/asyncio/streams.py", line 769, in readexactly
    await self._wait_for_data('readexactly')
  File "/usr/lib/python3.14/asyncio/streams.py", line 539, in _wait_for_data
    await self._waiter
asyncio.exceptions.CancelledError

The above exception was the direct cause of the following exception:

websockets.exceptions.ConnectionClosedError: sent 1011 (internal error) keepalive ping timeout; no close frame received
ConnectionClosedError exception in shielded future
future: <Future finished exception=ConnectionClosedError(None, Close(code=<CloseCode.INTERNAL_ERROR: 1011>, reason='keepalive ping timeout'), None)>
Traceback (most recent call last):
  File "/home/guilherme/BUGSBYTE-2026/.venv/lib/python3.14/site-packages/websockets/legacy/protocol.py", line 1276, in close_connection
    await self.transfer_data_task
  File "/home/guilherme/BUGSBYTE-2026/.venv/lib/python3.14/site-packages/websockets/legacy/protocol.py", line 940, in transfer_data
    message = await self.read_message()
              ^^^^^^^^^^^^^^^^^^^^^^^^^
  File "/home/guilherme/BUGSBYTE-2026/.venv/lib/python3.14/site-packages/websockets/legacy/protocol.py", line 1010, in read_message
    frame = await self.read_data_frame(max_size=self.max_size)
            ^^^^^^^^^^^^^^^^^^^^^^^^^^^^^^^^^^^^^^^^^^^^^^^^^^
  File "/home/guilherme/BUGSBYTE-2026/.venv/lib/python3.14/site-packages/websockets/legacy/protocol.py", line 1087, in read_data_frame
    frame = await self.read_frame(max_size)
            ^^^^^^^^^^^^^^^^^^^^^^^^^^^^^^^
  File "/home/guilherme/BUGSBYTE-2026/.venv/lib/python3.14/site-packages/websockets/legacy/protocol.py", line 1144, in read_frame
    frame = await Frame.read(
            ^^^^^^^^^^^^^^^^^
    ...<4 lines>...
    )
    ^
  File "/home/guilherme/BUGSBYTE-2026/.venv/lib/python3.14/site-packages/websockets/legacy/framing.py", line 70, in read
    data = await reader(2)
           ^^^^^^^^^^^^^^^
  File "/usr/lib/python3.14/asyncio/streams.py", line 769, in readexactly
    await self._wait_for_data('readexactly')
  File "/usr/lib/python3.14/asyncio/streams.py", line 539, in _wait_for_data
    await self._waiter
asyncio.exceptions.CancelledError

The above exception was the direct cause of the following exception:

websockets.exceptions.ConnectionClosedError: sent 1011 (internal error) keepalive ping timeout; no close frame received
ConnectionClosedError exception in shielded future
future: <Future finished exception=ConnectionClosedError(None, Close(code=<CloseCode.INTERNAL_ERROR: 1011>, reason='keepalive ping timeout'), None)>
Traceback (most recent call last):
  File "/home/guilherme/BUGSBYTE-2026/.venv/lib/python3.14/site-packages/websockets/legacy/protocol.py", line 1276, in close_connection
    await self.transfer_data_task
  File "/home/guilherme/BUGSBYTE-2026/.venv/lib/python3.14/site-packages/websockets/legacy/protocol.py", line 940, in transfer_data
    message = await self.read_message()
              ^^^^^^^^^^^^^^^^^^^^^^^^^
  File "/home/guilherme/BUGSBYTE-2026/.venv/lib/python3.14/site-packages/websockets/legacy/protocol.py", line 1010, in read_message
    frame = await self.read_data_frame(max_size=self.max_size)
            ^^^^^^^^^^^^^^^^^^^^^^^^^^^^^^^^^^^^^^^^^^^^^^^^^^
  File "/home/guilherme/BUGSBYTE-2026/.venv/lib/python3.14/site-packages/websockets/legacy/protocol.py", line 1087, in read_data_frame
    frame = await self.read_frame(max_size)
            ^^^^^^^^^^^^^^^^^^^^^^^^^^^^^^^
  File "/home/guilherme/BUGSBYTE-2026/.venv/lib/python3.14/site-packages/websockets/legacy/protocol.py", line 1144, in read_frame
    frame = await Frame.read(
            ^^^^^^^^^^^^^^^^^
    ...<4 lines>...
    )
    ^
  File "/home/guilherme/BUGSBYTE-2026/.venv/lib/python3.14/site-packages/websockets/legacy/framing.py", line 70, in read
    data = await reader(2)
           ^^^^^^^^^^^^^^^
  File "/usr/lib/python3.14/asyncio/streams.py", line 769, in readexactly
    await self._wait_for_data('readexactly')
  File "/usr/lib/python3.14/asyncio/streams.py", line 539, in _wait_for_data
    await self._waiter
asyncio.exceptions.CancelledError

The above exception was the direct cause of the following exception:

websockets.exceptions.ConnectionClosedError: sent 1011 (internal error) keepalive ping timeout; no close frame received
INFO:     127.0.0.1:40740 - "GET /api/arbitrage/opportunities?limit=500&simulation_volume_usd=1000 HTTP/1.1" 200 OK
INFO:     127.0.0.1:40730 - "GET /api/arbitrage/trades?limit=5000 HTTP/1.1" 200 OK
ConnectionClosedError exception in shielded future
future: <Future finished exception=ConnectionClosedError(None, Close(code=<CloseCode.INTERNAL_ERROR: 1011>, reason='keepalive ping timeout'), None)>
Traceback (most recent call last):
  File "/home/guilherme/BUGSBYTE-2026/.venv/lib/python3.14/site-packages/websockets/legacy/protocol.py", line 1276, in close_connection
    await self.transfer_data_task
  File "/home/guilherme/BUGSBYTE-2026/.venv/lib/python3.14/site-packages/websockets/legacy/protocol.py", line 940, in transfer_data
    message = await self.read_message()
              ^^^^^^^^^^^^^^^^^^^^^^^^^
  File "/home/guilherme/BUGSBYTE-2026/.venv/lib/python3.14/site-packages/websockets/legacy/protocol.py", line 1010, in read_message
    frame = await self.read_data_frame(max_size=self.max_size)
            ^^^^^^^^^^^^^^^^^^^^^^^^^^^^^^^^^^^^^^^^^^^^^^^^^^
  File "/home/guilherme/BUGSBYTE-2026/.venv/lib/python3.14/site-packages/websockets/legacy/protocol.py", line 1087, in read_data_frame
    frame = await self.read_frame(max_size)
            ^^^^^^^^^^^^^^^^^^^^^^^^^^^^^^^
  File "/home/guilherme/BUGSBYTE-2026/.venv/lib/python3.14/site-packages/websockets/legacy/protocol.py", line 1144, in read_frame
    frame = await Frame.read(
            ^^^^^^^^^^^^^^^^^
    ...<4 lines>...
    )
    ^
  File "/home/guilherme/BUGSBYTE-2026/.venv/lib/python3.14/site-packages/websockets/legacy/framing.py", line 70, in read
    data = await reader(2)
           ^^^^^^^^^^^^^^^
  File "/usr/lib/python3.14/asyncio/streams.py", line 769, in readexactly
    await self._wait_for_data('readexactly')
  File "/usr/lib/python3.14/asyncio/streams.py", line 539, in _wait_for_data
    await self._waiter
asyncio.exceptions.CancelledError

The above exception was the direct cause of the following exception:

websockets.exceptions.ConnectionClosedError: sent 1011 (internal error) keepalive ping timeout; no close frame received
INFO:     127.0.0.1:40740 - "GET /api/arbitrage/opportunities?limit=500&simulation_volume_usd=1000 HTTP/1.1" 200 OK
INFO:     127.0.0.1:40730 - "GET /api/arbitrage/trades?limit=5000 HTTP/1.1" 200 OK
INFO:     127.0.0.1:40740 - "GET /api/arbitrage/opportunities?limit=500&simulation_volume_usd=1000 HTTP/1.1" 200 OK
INFO:     127.0.0.1:40730 - "GET /api/arbitrage/trades?limit=5000 HTTP/1.1" 200 OK
INFO:     127.0.0.1:40740 - "GET /api/arbitrage/opportunities?limit=500&simulation_volume_usd=1000 HTTP/1.1" 200 OK
INFO:     127.0.0.1:40730 - "GET /api/arbitrage/trades?limit=5000 HTTP/1.1" 200 OK
INFO:     127.0.0.1:40740 - "GET /api/arbitrage/opportunities?limit=500&simulation_volume_usd=1000 HTTP/1.1" 200 OK
INFO:     127.0.0.1:40730 - "GET /api/arbitrage/trades?limit=5000 HTTP/1.1" 200 OK
INFO:     127.0.0.1:40740 - "GET /api/arbitrage/opportunities?limit=500&simulation_volume_usd=1000 HTTP/1.1" 200 OK
INFO:     127.0.0.1:40730 - "GET /api/arbitrage/trades?limit=5000 HTTP/1.1" 200 OK
INFO:     127.0.0.1:40740 - "GET /api/arbitrage/opportunities?limit=500&simulation_volume_usd=1000 HTTP/1.1" 200 OK
INFO:     127.0.0.1:40730 - "GET /api/arbitrage/trades?limit=5000 HTTP/1.1" 200 OK
INFO:     127.0.0.1:40740 - "GET /api/arbitrage/opportunities?limit=500&simulation_volume_usd=1000 HTTP/1.1" 200 OK
INFO:     127.0.0.1:40730 - "GET /api/arbitrage/trades?limit=5000 HTTP/1.1" 200 OK
INFO:     127.0.0.1:40740 - "GET /api/arbitrage/opportunities?limit=500&simulation_volume_usd=1000 HTTP/1.1" 200 OK
INFO:     127.0.0.1:40730 - "GET /api/arbitrage/trades?limit=5000 HTTP/1.1" 200 OK
INFO:     127.0.0.1:40740 - "GET /api/arbitrage/opportunities?limit=500&simulation_volume_usd=1000 HTTP/1.1" 200 OK
INFO:     127.0.0.1:40730 - "GET /api/arbitrage/trades?limit=5000 HTTP/1.1" 200 OK
INFO:     127.0.0.1:40740 - "GET /api/arbitrage/opportunities?limit=500&simulation_volume_usd=1000 HTTP/1.1" 200 OK
INFO:     127.0.0.1:40730 - "GET /api/arbitrage/trades?limit=5000 HTTP/1.1" 200 OK
INFO:     127.0.0.1:40740 - "GET /api/arbitrage/opportunities?limit=500&simulation_volume_usd=1000 HTTP/1.1" 200 OK
INFO:     127.0.0.1:40730 - "GET /api/arbitrage/trades?limit=5000 HTTP/1.1" 200 OK
INFO:     127.0.0.1:40740 - "GET /api/arbitrage/opportunities?limit=500&simulation_volume_usd=1000 HTTP/1.1" 200 OK
INFO:     127.0.0.1:40730 - "GET /api/arbitrage/trades?limit=5000 HTTP/1.1" 200 OK
INFO:     127.0.0.1:40740 - "GET /api/arbitrage/opportunities?limit=500&simulation_volume_usd=1000 HTTP/1.1" 200 OK
INFO:     127.0.0.1:40730 - "GET /api/arbitrage/trades?limit=5000 HTTP/1.1" 200 OK
INFO:     127.0.0.1:40740 - "GET /api/arbitrage/opportunities?limit=500&simulation_volume_usd=1000 HTTP/1.1" 200 OK
INFO:     127.0.0.1:40730 - "GET /api/arbitrage/trades?limit=5000 HTTP/1.1" 200 OK
INFO:     127.0.0.1:40740 - "GET /api/arbitrage/opportunities?limit=500&simulation_volume_usd=1000 HTTP/1.1" 200 OK
INFO:     127.0.0.1:40730 - "GET /api/arbitrage/trades?limit=5000 HTTP/1.1" 200 OK
INFO:     127.0.0.1:40740 - "GET /api/arbitrage/opportunities?limit=500&simulation_volume_usd=1000 HTTP/1.1" 200 OK
INFO:     127.0.0.1:40730 - "GET /api/arbitrage/trades?limit=5000 HTTP/1.1" 200 OK
INFO:     127.0.0.1:40740 - "GET /api/arbitrage/opportunities?limit=500&simulation_volume_usd=1000 HTTP/1.1" 200 OK
INFO:     127.0.0.1:40730 - "GET /api/arbitrage/trades?limit=5000 HTTP/1.1" 200 OK
INFO:     127.0.0.1:40740 - "GET /api/arbitrage/opportunities?limit=500&simulation_volume_usd=1000 HTTP/1.1" 200 OK
INFO:     127.0.0.1:40730 - "GET /api/arbitrage/trades?limit=5000 HTTP/1.1" 200 OK
INFO:     127.0.0.1:40740 - "GET /api/arbitrage/opportunities?limit=500&simulation_volume_usd=1000 HTTP/1.1" 200 OK
INFO:     127.0.0.1:40730 - "GET /api/arbitrage/trades?limit=5000 HTTP/1.1" 200 OK
INFO:     connection closed
INFO:     127.0.0.1:40740 - "POST /api/arbitrage/simulation-volume HTTP/1.1" 200 OK
INFO:     127.0.0.1:40740 - "GET /api/arbitrage/opportunities?limit=500&simulation_volume_usd=1000 HTTP/1.1" 200 OK
INFO:     127.0.0.1:40730 - "GET /api/arbitrage/trades?limit=5000 HTTP/1.1" 200 OK
INFO:     127.0.0.1:49662 - "GET /api/arbitrage/status HTTP/1.1" 200 OK
INFO:     127.0.0.1:49668 - "GET /api/arbitrage/spread-series?limit=40 HTTP/1.1" 200 OK
INFO:     127.0.0.1:49672 - "WebSocket /ws/arbitrage" [accepted]
INFO:     connection open
INFO:     127.0.0.1:40740 - "GET /api/arbitrage/opportunities?limit=500&simulation_volume_usd=1000 HTTP/1.1" 200 OK
INFO:     127.0.0.1:40730 - "GET /api/arbitrage/trades?limit=5000 HTTP/1.1" 200 OK
INFO:     127.0.0.1:40740 - "GET /api/arbitrage/opportunities?limit=500&simulation_volume_usd=1000 HTTP/1.1" 200 OK
INFO:     127.0.0.1:40730 - "GET /api/arbitrage/trades?limit=5000 HTTP/1.1" 200 OK
INFO:     127.0.0.1:40740 - "GET /api/arbitrage/opportunities?limit=500&simulation_volume_usd=1000 HTTP/1.1" 200 OK
INFO:     127.0.0.1:40730 - "GET /api/arbitrage/trades?limit=5000 HTTP/1.1" 200 OK
INFO:     127.0.0.1:40740 - "GET /api/arbitrage/opportunities?limit=500&simulation_volume_usd=1000 HTTP/1.1" 200 OK
INFO:     127.0.0.1:40730 - "GET /api/arbitrage/trades?limit=5000 HTTP/1.1" 200 OK
INFO:     127.0.0.1:40740 - "GET /api/arbitrage/opportunities?limit=500&simulation_volume_usd=1000 HTTP/1.1" 200 OK
INFO:     127.0.0.1:40730 - "GET /api/arbitrage/trades?limit=5000 HTTP/1.1" 200 OK
INFO:     127.0.0.1:40740 - "GET /api/arbitrage/opportunities?limit=500&simulation_volume_usd=1000 HTTP/1.1" 200 OK
INFO:     127.0.0.1:40730 - "GET /api/arbitrage/trades?limit=5000 HTTP/1.1" 200 OK
INFO:     127.0.0.1:40740 - "GET /api/arbitrage/opportunities?limit=500&simulation_volume_usd=1000 HTTP/1.1" 200 OK
INFO:     127.0.0.1:40730 - "GET /api/arbitrage/trades?limit=5000 HTTP/1.1" 200 OK
INFO:     127.0.0.1:40740 - "GET /api/arbitrage/opportunities?limit=500&simulation_volume_usd=1000 HTTP/1.1" 200 OK
INFO:     127.0.0.1:40730 - "GET /api/arbitrage/trades?limit=5000 HTTP/1.1" 200 OK
INFO:     127.0.0.1:40740 - "GET /api/arbitrage/opportunities?limit=500&simulation_volume_usd=1000 HTTP/1.1" 200 OK
INFO:     127.0.0.1:40730 - "GET /api/arbitrage/trades?limit=5000 HTTP/1.1" 200 OK
INFO:     127.0.0.1:40740 - "GET /api/arbitrage/opportunities?limit=500&simulation_volume_usd=1000 HTTP/1.1" 200 OK
INFO:     127.0.0.1:40730 - "GET /api/arbitrage/trades?limit=5000 HTTP/1.1" 200 OK
INFO:     127.0.0.1:40740 - "GET /api/arbitrage/opportunities?limit=500&simulation_volume_usd=1000 HTTP/1.1" 200 OK
INFO:     127.0.0.1:40730 - "GET /api/arbitrage/trades?limit=5000 HTTP/1.1" 200 OK
INFO:     127.0.0.1:40740 - "GET /api/arbitrage/opportunities?limit=500&simulation_volume_usd=1000 HTTP/1.1" 200 OK
INFO:     127.0.0.1:40730 - "GET /api/arbitrage/trades?limit=5000 HTTP/1.1" 200 OK
INFO:     127.0.0.1:40740 - "GET /api/arbitrage/opportunities?limit=500&simulation_volume_usd=1000 HTTP/1.1" 200 OK
INFO:     127.0.0.1:40730 - "GET /api/arbitrage/trades?limit=5000 HTTP/1.1" 200 OK
INFO:     127.0.0.1:40740 - "GET /api/arbitrage/opportunities?limit=500&simulation_volume_usd=1000 HTTP/1.1" 200 OK
INFO:     127.0.0.1:40730 - "GET /api/arbitrage/trades?limit=5000 HTTP/1.1" 200 OK
INFO:     127.0.0.1:40740 - "GET /api/arbitrage/opportunities?limit=500&simulation_volume_usd=1000 HTTP/1.1" 200 OK
INFO:     127.0.0.1:40730 - "GET /api/arbitrage/trades?limit=5000 HTTP/1.1" 200 OK
INFO:     127.0.0.1:40740 - "GET /api/arbitrage/opportunities?limit=500&simulation_volume_usd=1000 HTTP/1.1" 200 OK
INFO:     127.0.0.1:40730 - "GET /api/arbitrage/trades?limit=5000 HTTP/1.1" 200 OK
INFO:     127.0.0.1:40740 - "GET /api/arbitrage/opportunities?limit=500&simulation_volume_usd=1000 HTTP/1.1" 200 OK
INFO:     127.0.0.1:40730 - "GET /api/arbitrage/trades?limit=5000 HTTP/1.1" 200 OK
